#
# There is insufficient memory for the Java Runtime Environment to continue.
# Native memory allocation (mmap) failed to map 81788928 bytes for Failed to commit area from 0x0000000094e00000 to 0x0000000099c00000 of length 81788928.
# Possible reasons:
#   The system is out of physical RAM or swap space
#   The process is running with CompressedOops enabled, and the Java Heap may be blocking the growth of the native heap
# Possible solutions:
#   Reduce memory load on the system
#   Increase physical memory or swap space
#   Check if swap backing store is full
#   Decrease Java heap size (-Xmx/-Xms)
#   Decrease number of Java threads
#   Decrease Java thread stack sizes (-Xss)
#   Set larger code cache with -XX:ReservedCodeCacheSize=
#   JVM is running with Unscaled Compressed Oops mode in which the Java heap is
#     placed in the first 4GB address space. The Java Heap base address is the
#     maximum limit for the native heap growth. Please use -XX:HeapBaseMinAddress
#     to set the Java Heap base and to place the Java Heap above 4GB virtual address.
# This output file may be truncated or incomplete.
#
#  Out of Memory Error (./src/hotspot/os/windows/os_windows.cpp:3619), pid=12088, tid=13888
#
# JRE version: OpenJDK Runtime Environment (11.0.13) (build 11.0.13+0-b1751.21-8125866)
# Java VM: OpenJDK 64-Bit Server VM (11.0.13+0-b1751.21-8125866, mixed mode, tiered, compressed oops, g1 gc, windows-amd64)
# No core dump will be written. Minidumps are not enabled by default on client versions of Windows
#

---------------  S U M M A R Y ------------

Command Line: --add-opens=java.base/java.util=ALL-UNNAMED --add-opens=java.base/java.lang=ALL-UNNAMED --add-opens=java.base/java.lang.invoke=ALL-UNNAMED --add-opens=java.base/java.util=ALL-UNNAMED --add-opens=java.prefs/java.util.prefs=ALL-UNNAMED --add-opens=java.prefs/java.util.prefs=ALL-UNNAMED --add-opens=java.base/java.nio.charset=ALL-UNNAMED --add-opens=java.base/java.net=ALL-UNNAMED --add-opens=java.base/java.util.concurrent.atomic=ALL-UNNAMED -Xmx2048m -Dfile.encoding=UTF-8 -Duser.country=US -Duser.language=en -Duser.variant org.gradle.launcher.daemon.bootstrap.GradleDaemon 7.4

Host: Intel(R) Core(TM) i3-10110U CPU @ 2.10GHz, 4 cores, 7G,  Windows 10 , 64 bit Build 19041 (10.0.19041.1889)
Time: Wed Nov  2 18:44:47 2022 Namibia Standard Time elapsed time: 211.387448 seconds (0d 0h 3m 31s)

---------------  T H R E A D  ---------------

Current thread (0x000001c73a887800):  VMThread "VM Thread" [stack: 0x0000001fc8400000,0x0000001fc8500000] [id=13888]

Stack: [0x0000001fc8400000,0x0000001fc8500000]
[error occurred during error reporting (printing stack bounds), id 0xc0000005, EXCEPTION_ACCESS_VIOLATION (0xc0000005) at pc=0x000001c72402112d]

Native frames: (J=compiled Java code, j=interpreted, Vv=VM code, C=native code)
V  [jvm.dll+0x6100fa]
V  [jvm.dll+0x747090]
V  [jvm.dll+0x7486ad]
V  [jvm.dll+0x748ce5]
V  [jvm.dll+0x748c9b]
V  [jvm.dll+0x60f224]
V  [jvm.dll+0x60f9b8]
C  [ntdll.dll+0xa235f]
C  [ntdll.dll+0x514a4]
C  [ntdll.dll+0xa0e8e]
C  0x000001c72402112d

VM_Operation (0x0000001fcdbf6000): G1CollectForAllocation, mode: safepoint, requested by thread 0x000001c74472d800


---------------  P R O C E S S  ---------------

Threads class SMR info:
_java_thread_list=0x000001c74bc259e0, length=95, elements={
0x000001c71eceb000, 0x000001c73a88c000, 0x000001c73a8b5000, 0x000001c73a8bb000,
0x000001c73a8bc000, 0x000001c73a8be000, 0x000001c73a8c9800, 0x000001c73a8ce000,
0x000001c73a8d1800, 0x000001c73b375000, 0x000001c73de69000, 0x000001c73bd3a800,
0x000001c73d242000, 0x000001c73d73b800, 0x000001c73d73b000, 0x000001c73d73c800,
0x000001c73d73d800, 0x000001c73d73e000, 0x000001c73d739000, 0x000001c73d73f000,
0x000001c73d73f800, 0x000001c73d73a000, 0x000001c73bad2000, 0x000001c73bad8800,
0x000001c740dc5000, 0x000001c740dc5800, 0x000001c740dbc800, 0x000001c740dbb000,
0x000001c740dbe800, 0x000001c740dbd800, 0x000001c740dbf000, 0x000001c740db9800,
0x000001c740dc0000, 0x000001c740dbc000, 0x000001c740dba000, 0x000001c740dc1800,
0x000001c740dc3000, 0x000001c740dc0800, 0x000001c740dc8000, 0x000001c740dc7800,
0x000001c740dc4000, 0x000001c740dc2800, 0x000001c740dc6800, 0x000001c73bad5000,
0x000001c73bad3000, 0x000001c73bad3800, 0x000001c73bada000, 0x000001c73bad4800,
0x000001c73bad6000, 0x000001c73bae0000, 0x000001c73badd800, 0x000001c73badc800,
0x000001c73bae0800, 0x000001c73bade000, 0x000001c73badf000, 0x000001c73badb800,
0x000001c742a62000, 0x000001c742a63000, 0x000001c742a64000, 0x000001c742a5f000,
0x000001c742a5e000, 0x000001c7416a2000, 0x000001c7416a1000, 0x000001c7416a5000,
0x000001c7416a3800, 0x000001c7416a4800, 0x000001c7416a7800, 0x000001c7416a2800,
0x000001c7416a7000, 0x000001c7416a6000, 0x000001c744724000, 0x000001c744727000,
0x000001c744724800, 0x000001c744721800, 0x000001c744728000, 0x000001c744722000,
0x000001c744728800, 0x000001c744723000, 0x000001c744726000, 0x000001c744729800,
0x000001c74472a800, 0x000001c74472b000, 0x000001c744725800, 0x000001c744730000,
0x000001c74472d800, 0x000001c74472f000, 0x000001c74472e800, 0x000001c742228000,
0x000001c742229800, 0x000001c742229000, 0x000001c73c854000, 0x000001c74222b800,
0x000001c742226800, 0x000001c74222d000, 0x000001c742227800
}

Java Threads: ( => current thread )
  0x000001c71eceb000 JavaThread "main" [_thread_blocked, id=16684, stack(0x0000001fc7e00000,0x0000001fc7f00000)]
  0x000001c73a88c000 JavaThread "Reference Handler" daemon [_thread_blocked, id=5684, stack(0x0000001fc8500000,0x0000001fc8600000)]
  0x000001c73a8b5000 JavaThread "Finalizer" daemon [_thread_blocked, id=9840, stack(0x0000001fc8600000,0x0000001fc8700000)]
  0x000001c73a8bb000 JavaThread "Signal Dispatcher" daemon [_thread_blocked, id=15388, stack(0x0000001fc8700000,0x0000001fc8800000)]
  0x000001c73a8bc000 JavaThread "Attach Listener" daemon [_thread_blocked, id=1776, stack(0x0000001fc8800000,0x0000001fc8900000)]
  0x000001c73a8be000 JavaThread "Service Thread" daemon [_thread_blocked, id=15732, stack(0x0000001fc8900000,0x0000001fc8a00000)]
  0x000001c73a8c9800 JavaThread "C2 CompilerThread0" daemon [_thread_blocked, id=14268, stack(0x0000001fc8a00000,0x0000001fc8b00000)]
  0x000001c73a8ce000 JavaThread "C1 CompilerThread0" daemon [_thread_blocked, id=16752, stack(0x0000001fc8b00000,0x0000001fc8c00000)]
  0x000001c73a8d1800 JavaThread "Sweeper thread" daemon [_thread_blocked, id=2464, stack(0x0000001fc8c00000,0x0000001fc8d00000)]
  0x000001c73b375000 JavaThread "Common-Cleaner" daemon [_thread_blocked, id=1940, stack(0x0000001fc8d00000,0x0000001fc8e00000)]
  0x000001c73de69000 JavaThread "Daemon health stats" [_thread_blocked, id=7828, stack(0x0000001fc9200000,0x0000001fc9300000)]
  0x000001c73bd3a800 JavaThread "Incoming local TCP Connector on port 59762" [_thread_in_native, id=14632, stack(0x0000001fc8f00000,0x0000001fc9000000)]
  0x000001c73d242000 JavaThread "Daemon periodic checks" [_thread_blocked, id=2528, stack(0x0000001fc9300000,0x0000001fc9400000)]
  0x000001c73d73b800 JavaThread "Cache worker for journal cache (C:\Users\evriv\.gradle\caches\journal-1)" [_thread_blocked, id=1220, stack(0x0000001fc9c00000,0x0000001fc9d00000)]
  0x000001c73d73b000 JavaThread "File lock request listener" [_thread_in_native, id=15084, stack(0x0000001fc9d00000,0x0000001fc9e00000)]
  0x000001c73d73c800 JavaThread "Cache worker for file hash cache (C:\Users\evriv\.gradle\caches\7.4\fileHashes)" [_thread_blocked, id=17292, stack(0x0000001fc9e00000,0x0000001fc9f00000)]
  0x000001c73d73d800 JavaThread "File watcher server" daemon [_thread_blocked, id=2440, stack(0x0000001fca000000,0x0000001fca100000)]
  0x000001c73d73e000 JavaThread "File watcher consumer" daemon [_thread_blocked, id=15936, stack(0x0000001fca100000,0x0000001fca200000)]
  0x000001c73d739000 JavaThread "jar transforms" [_thread_blocked, id=10224, stack(0x0000001fca200000,0x0000001fca300000)]
  0x000001c73d73f000 JavaThread "jar transforms Thread 2" [_thread_blocked, id=16736, stack(0x0000001fca300000,0x0000001fca400000)]
  0x000001c73d73f800 JavaThread "jar transforms Thread 3" [_thread_blocked, id=6392, stack(0x0000001fca400000,0x0000001fca500000)]
  0x000001c73d73a000 JavaThread "jar transforms Thread 4" [_thread_blocked, id=2256, stack(0x0000001fca500000,0x0000001fca600000)]
  0x000001c73bad2000 JavaThread "Cache worker for execution history cache (C:\Users\evriv\.gradle\caches\7.4\executionHistory)" [_thread_blocked, id=1664, stack(0x0000001fcaa00000,0x0000001fcab00000)]
  0x000001c73bad8800 JavaThread "Cache worker for file content cache (C:\Users\evriv\.gradle\caches\7.4\fileContent)" [_thread_blocked, id=17388, stack(0x0000001fcab00000,0x0000001fcac00000)]
  0x000001c740dc5000 JavaThread "Memory manager" [_thread_blocked, id=8580, stack(0x0000001fcd600000,0x0000001fcd700000)]
  0x000001c740dc5800 JavaThread "pool-3-thread-1" [_thread_blocked, id=7740, stack(0x0000001fcd700000,0x0000001fcd800000)]
  0x000001c740dbc800 JavaThread "Daemon Thread 2" [_thread_blocked, id=2360, stack(0x0000001fc7b00000,0x0000001fc7c00000)]
  0x000001c740dbb000 JavaThread "Handler for socket connection from /127.0.0.1:59762 to /127.0.0.1:59851" [_thread_in_native, id=15508, stack(0x0000001fc7c00000,0x0000001fc7d00000)]
  0x000001c740dbe800 JavaThread "Cancel handler" [_thread_blocked, id=15952, stack(0x0000001fc7d00000,0x0000001fc7e00000)]
  0x000001c740dbd800 JavaThread "Daemon worker Thread 2" [_thread_blocked, id=5676, stack(0x0000001fc9400000,0x0000001fc9500000)]
  0x000001c740dbf000 JavaThread "Asynchronous log dispatcher for DefaultDaemonConnection: socket connection from /127.0.0.1:59762 to /127.0.0.1:59851" [_thread_blocked, id=12048, stack(0x0000001fc9500000,0x0000001fc9600000)]
  0x000001c740db9800 JavaThread "Stdin handler" [_thread_blocked, id=3228, stack(0x0000001fc9600000,0x0000001fc9700000)]
  0x000001c740dc0000 JavaThread "Daemon client event forwarder" [_thread_blocked, id=10300, stack(0x0000001fc9700000,0x0000001fc9800000)]
  0x000001c740dbc000 JavaThread "Cache worker for checksums cache (C:\Users\evriv\AndroidStudioProjects\MyPOIs\.gradle\7.4\checksums)" [_thread_blocked, id=7772, stack(0x0000001fc9900000,0x0000001fc9a00000)]
  0x000001c740dba000 JavaThread "Cache worker for cache directory md-rule (C:\Users\evriv\.gradle\caches\7.4\md-rule)" [_thread_blocked, id=13340, stack(0x0000001fc9a00000,0x0000001fc9b00000)]
  0x000001c740dc1800 JavaThread "Cache worker for file hash cache (C:\Users\evriv\AndroidStudioProjects\MyPOIs\.gradle\7.4\fileHashes)" [_thread_blocked, id=6420, stack(0x0000001fc9f00000,0x0000001fca000000)]
  0x000001c740dc3000 JavaThread "Cache worker for cache directory md-supplier (C:\Users\evriv\.gradle\caches\7.4\md-supplier)" [_thread_blocked, id=11868, stack(0x0000001fca600000,0x0000001fca700000)]
  0x000001c740dc0800 JavaThread "Cache worker for dependencies-accessors (C:\Users\evriv\AndroidStudioProjects\MyPOIs\.gradle\7.4\dependencies-accessors)" [_thread_blocked, id=17080, stack(0x0000001fca700000,0x0000001fca800000)]
  0x000001c740dc8000 JavaThread "Cache worker for Build Output Cleanup Cache (C:\Users\evriv\AndroidStudioProjects\MyPOIs\.gradle\buildOutputCleanup)" [_thread_blocked, id=12052, stack(0x0000001fca800000,0x0000001fca900000)]
  0x000001c740dc7800 JavaThread "Unconstrained build operations" [_thread_blocked, id=6232, stack(0x0000001fca900000,0x0000001fcaa00000)]
  0x000001c740dc4000 JavaThread "Unconstrained build operations Thread 2" [_thread_blocked, id=14568, stack(0x0000001fcac00000,0x0000001fcad00000)]
  0x000001c740dc2800 JavaThread "Unconstrained build operations Thread 3" [_thread_blocked, id=6120, stack(0x0000001fcad00000,0x0000001fcae00000)]
  0x000001c740dc6800 JavaThread "Unconstrained build operations Thread 4" [_thread_blocked, id=2480, stack(0x0000001fcae00000,0x0000001fcaf00000)]
  0x000001c73bad5000 JavaThread "Unconstrained build operations Thread 5" [_thread_blocked, id=2436, stack(0x0000001fcaf00000,0x0000001fcb000000)]
  0x000001c73bad3000 JavaThread "Unconstrained build operations Thread 6" [_thread_blocked, id=15160, stack(0x0000001fcb000000,0x0000001fcb100000)]
  0x000001c73bad3800 JavaThread "Unconstrained build operations Thread 7" [_thread_blocked, id=8464, stack(0x0000001fcb100000,0x0000001fcb200000)]
  0x000001c73bada000 JavaThread "Unconstrained build operations Thread 8" [_thread_blocked, id=8264, stack(0x0000001fcb200000,0x0000001fcb300000)]
  0x000001c73bad4800 JavaThread "Unconstrained build operations Thread 9" [_thread_blocked, id=2396, stack(0x0000001fcb300000,0x0000001fcb400000)]
  0x000001c73bad6000 JavaThread "Unconstrained build operations Thread 10" [_thread_blocked, id=12248, stack(0x0000001fcb400000,0x0000001fcb500000)]
  0x000001c73bae0000 JavaThread "Unconstrained build operations Thread 11" [_thread_blocked, id=16916, stack(0x0000001fcb500000,0x0000001fcb600000)]
  0x000001c73badd800 JavaThread "Unconstrained build operations Thread 12" [_thread_blocked, id=14880, stack(0x0000001fcb600000,0x0000001fcb700000)]
  0x000001c73badc800 JavaThread "Unconstrained build operations Thread 13" [_thread_blocked, id=7052, stack(0x0000001fcb700000,0x0000001fcb800000)]
  0x000001c73bae0800 JavaThread "Unconstrained build operations Thread 14" [_thread_blocked, id=3032, stack(0x0000001fcb800000,0x0000001fcb900000)]
  0x000001c73bade000 JavaThread "Unconstrained build operations Thread 15" [_thread_blocked, id=16284, stack(0x0000001fcb900000,0x0000001fcba00000)]
  0x000001c73badf000 JavaThread "Unconstrained build operations Thread 16" [_thread_blocked, id=7372, stack(0x0000001fcba00000,0x0000001fcbb00000)]
  0x000001c73badb800 JavaThread "Unconstrained build operations Thread 17" [_thread_blocked, id=9860, stack(0x0000001fcbb00000,0x0000001fcbc00000)]
  0x000001c742a62000 JavaThread "Unconstrained build operations Thread 18" [_thread_blocked, id=14536, stack(0x0000001fcbc00000,0x0000001fcbd00000)]
  0x000001c742a63000 JavaThread "Unconstrained build operations Thread 19" [_thread_blocked, id=8476, stack(0x0000001fcbd00000,0x0000001fcbe00000)]
  0x000001c742a64000 JavaThread "Unconstrained build operations Thread 20" [_thread_blocked, id=7160, stack(0x0000001fcbe00000,0x0000001fcbf00000)]
  0x000001c742a5f000 JavaThread "Unconstrained build operations Thread 21" [_thread_blocked, id=14672, stack(0x0000001fcbf00000,0x0000001fcc000000)]
  0x000001c742a5e000 JavaThread "Unconstrained build operations Thread 22" [_thread_blocked, id=15652, stack(0x0000001fcc000000,0x0000001fcc100000)]
  0x000001c7416a2000 JavaThread "Unconstrained build operations Thread 23" [_thread_blocked, id=16132, stack(0x0000001fcc100000,0x0000001fcc200000)]
  0x000001c7416a1000 JavaThread "Unconstrained build operations Thread 24" [_thread_blocked, id=11524, stack(0x0000001fcc200000,0x0000001fcc300000)]
  0x000001c7416a5000 JavaThread "Unconstrained build operations Thread 25" [_thread_blocked, id=14628, stack(0x0000001fcc300000,0x0000001fcc400000)]
  0x000001c7416a3800 JavaThread "Unconstrained build operations Thread 26" [_thread_blocked, id=16544, stack(0x0000001fcc400000,0x0000001fcc500000)]
  0x000001c7416a4800 JavaThread "Unconstrained build operations Thread 27" [_thread_blocked, id=16280, stack(0x0000001fcc500000,0x0000001fcc600000)]
  0x000001c7416a7800 JavaThread "Unconstrained build operations Thread 28" [_thread_blocked, id=10180, stack(0x0000001fcc600000,0x0000001fcc700000)]
  0x000001c7416a2800 JavaThread "Unconstrained build operations Thread 29" [_thread_blocked, id=12776, stack(0x0000001fcc700000,0x0000001fcc800000)]
  0x000001c7416a7000 JavaThread "Unconstrained build operations Thread 30" [_thread_blocked, id=12800, stack(0x0000001fcc800000,0x0000001fcc900000)]
  0x000001c7416a6000 JavaThread "Unconstrained build operations Thread 31" [_thread_blocked, id=14244, stack(0x0000001fcc900000,0x0000001fcca00000)]
  0x000001c744724000 JavaThread "Unconstrained build operations Thread 32" [_thread_blocked, id=8560, stack(0x0000001fcca00000,0x0000001fccb00000)]
  0x000001c744727000 JavaThread "Unconstrained build operations Thread 33" [_thread_blocked, id=15064, stack(0x0000001fccb00000,0x0000001fccc00000)]
  0x000001c744724800 JavaThread "Unconstrained build operations Thread 34" [_thread_blocked, id=13944, stack(0x0000001fccc00000,0x0000001fccd00000)]
  0x000001c744721800 JavaThread "Unconstrained build operations Thread 35" [_thread_blocked, id=10204, stack(0x0000001fccd00000,0x0000001fcce00000)]
  0x000001c744728000 JavaThread "Unconstrained build operations Thread 36" [_thread_blocked, id=12432, stack(0x0000001fcce00000,0x0000001fccf00000)]
  0x000001c744722000 JavaThread "Unconstrained build operations Thread 37" [_thread_blocked, id=10700, stack(0x0000001fccf00000,0x0000001fcd000000)]
  0x000001c744728800 JavaThread "Unconstrained build operations Thread 38" [_thread_blocked, id=932, stack(0x0000001fcd000000,0x0000001fcd100000)]
  0x000001c744723000 JavaThread "Unconstrained build operations Thread 39" [_thread_blocked, id=7868, stack(0x0000001fcd100000,0x0000001fcd200000)]
  0x000001c744726000 JavaThread "Unconstrained build operations Thread 40" [_thread_blocked, id=12872, stack(0x0000001fcd200000,0x0000001fcd300000)]
  0x000001c744729800 JavaThread "build event listener" [_thread_blocked, id=8272, stack(0x0000001fcd300000,0x0000001fcd400000)]
  0x000001c74472a800 JavaThread "pool-6-thread-1" [_thread_blocked, id=16292, stack(0x0000001fcd400000,0x0000001fcd500000)]
  0x000001c74472b000 JavaThread "build event listener" [_thread_blocked, id=14216, stack(0x0000001fcd500000,0x0000001fcd600000)]
  0x000001c744725800 JavaThread "included builds" [_thread_blocked, id=9620, stack(0x0000001fcd800000,0x0000001fcd900000)]
  0x000001c744730000 JavaThread "Execution worker for ':'" [_thread_blocked, id=2056, stack(0x0000001fcda00000,0x0000001fcdb00000)]
  0x000001c74472d800 JavaThread "Execution worker for ':' Thread 2" [_thread_blocked, id=9856, stack(0x0000001fcdb00000,0x0000001fcdc00000)]
  0x000001c74472f000 JavaThread "Execution worker for ':' Thread 3" [_thread_blocked, id=5368, stack(0x0000001fcdc00000,0x0000001fcdd00000)]
  0x000001c74472e800 JavaThread "Cache worker for execution history cache (C:\Users\evriv\AndroidStudioProjects\MyPOIs\.gradle\7.4\executionHistory)" [_thread_blocked, id=5048, stack(0x0000001fcdd00000,0x0000001fcde00000)]
  0x000001c742228000 JavaThread "WorkerExecutor Queue Thread 2" [_thread_blocked, id=7848, stack(0x0000001fcdf00000,0x0000001fce000000)]
  0x000001c742229800 JavaThread "WorkerExecutor Queue Thread 3" [_thread_blocked, id=14252, stack(0x0000001fce000000,0x0000001fce100000)]
  0x000001c742229000 JavaThread "WorkerExecutor Queue Thread 4" [_thread_blocked, id=11728, stack(0x0000001fce100000,0x0000001fce200000)]
  0x000001c73c854000 JavaThread "C2 CompilerThread1" daemon [_thread_in_native, id=16860, stack(0x0000001fcde00000,0x0000001fcdf00000)]
  0x000001c74222b800 JavaThread "WorkerExecutor Queue Thread 5" [_thread_blocked, id=11720, stack(0x0000001fce300000,0x0000001fce400000)]
  0x000001c742226800 JavaThread "pool-7-thread-1" [_thread_blocked, id=15280, stack(0x0000001fce400000,0x0000001fce500000)]
  0x000001c74222d000 JavaThread "stderr" [_thread_in_native, id=5860, stack(0x0000001fce500000,0x0000001fce600000)]
  0x000001c742227800 JavaThread "stdout" [_thread_in_native, id=16976, stack(0x0000001fce600000,0x0000001fce700000)]

Other Threads:
=>0x000001c73a887800 VMThread "VM Thread" [stack: 0x0000001fc8400000,0x0000001fc8500000] [id=13888]
  0x000001c73b3a6000 WatcherThread [stack: 0x0000001fc8e00000,0x0000001fc8f00000] [id=5920]
  0x000001c71ed04000 GCTaskThread "GC Thread#0" [stack: 0x0000001fc7f00000,0x0000001fc8000000] [id=580]
  0x000001c73b531800 GCTaskThread "GC Thread#1" [stack: 0x0000001fc9000000,0x0000001fc9100000] [id=2340]
  0x000001c73bb83000 GCTaskThread "GC Thread#2" [stack: 0x0000001fc9100000,0x0000001fc9200000] [id=1384]
  0x000001c73cda8000 GCTaskThread "GC Thread#3" [stack: 0x0000001fc9b00000,0x0000001fc9c00000] [id=15104]
  0x000001c71ed35800 ConcurrentGCThread "G1 Main Marker" [stack: 0x0000001fc8000000,0x0000001fc8100000] [id=14692]
  0x000001c71ed37800 ConcurrentGCThread "G1 Conc#0" [stack: 0x0000001fc8100000,0x0000001fc8200000] [id=2228]
  0x000001c71edc6000 ConcurrentGCThread "G1 Refine#0" [stack: 0x0000001fc8200000,0x0000001fc8300000] [id=14136]
  0x000001c71edc7000 ConcurrentGCThread "G1 Young RemSet Sampling" [stack: 0x0000001fc8300000,0x0000001fc8400000] [id=432]

Threads with active compile tasks:
C2 CompilerThread0 211413 22847       4       com.android.tools.r8.internal.GM::a (447 bytes)
C1 CompilerThread0 211413 22883       2       com.android.tools.r8.internal.Eb::a (294 bytes)
C2 CompilerThread1 211413 20515 %     4       com.android.tools.r8.internal.Ra::a @ 3267 (6176 bytes)

VM state:at safepoint (normal execution)

VM Mutex/Monitor currently owned by a thread:  ([mutex/lock_event])
[0x000001c71ece7a50] Threads_lock - owner thread: 0x000001c73a887800
[0x000001c71ece9310] Heap_lock - owner thread: 0x000001c74472d800

Heap address: 0x0000000080000000, size: 2048 MB, Compressed Oops mode: 32-bit
Narrow klass base: 0x0000000000000000, Narrow klass shift: 3
Compressed class space size: 1073741824 Address: 0x0000000100000000

Heap:
 garbage-first heap   total 421888K, used 225996K [0x0000000080000000, 0x0000000100000000)
  region size 1024K, 3 young (3072K), 3 survivors (3072K)
 Metaspace       used 144685K, capacity 148489K, committed 148736K, reserved 1179648K
  class space    used 17659K, capacity 19080K, committed 19200K, reserved 1048576K
Heap Regions: E=young(eden), S=young(survivor), O=old, HS=humongous(starts), HC=humongous(continues), CS=collection set, F=free, A=archive, TAMS=top-at-mark-start (previous, next)
|   0|0x0000000080000000, 0x0000000080100000, 0x0000000080100000|100%|HS|  |TAMS 0x0000000080100000, 0x0000000080000000| Complete 
|   1|0x0000000080100000, 0x0000000080200000, 0x0000000080200000|100%|HC|  |TAMS 0x0000000080200000, 0x0000000080100000| Complete 
|   2|0x0000000080200000, 0x0000000080300000, 0x0000000080300000|100%|HC|  |TAMS 0x0000000080300000, 0x0000000080200000| Complete 
|   3|0x0000000080300000, 0x0000000080400000, 0x0000000080400000|100%| O|  |TAMS 0x0000000080400000, 0x0000000080300000| Untracked 
|   4|0x0000000080400000, 0x0000000080500000, 0x0000000080500000|100%| O|  |TAMS 0x0000000080500000, 0x0000000080400000| Untracked 
|   5|0x0000000080500000, 0x0000000080600000, 0x0000000080600000|100%| O|  |TAMS 0x0000000080600000, 0x0000000080500000| Untracked 
|   6|0x0000000080600000, 0x0000000080700000, 0x0000000080700000|100%| O|  |TAMS 0x0000000080700000, 0x0000000080600000| Untracked 
|   7|0x0000000080700000, 0x0000000080800000, 0x0000000080800000|100%| O|  |TAMS 0x0000000080800000, 0x0000000080700000| Untracked 
|   8|0x0000000080800000, 0x0000000080900000, 0x0000000080900000|100%| O|  |TAMS 0x0000000080900000, 0x0000000080800000| Untracked 
|   9|0x0000000080900000, 0x0000000080a00000, 0x0000000080a00000|100%| O|  |TAMS 0x0000000080a00000, 0x0000000080900000| Untracked 
|  10|0x0000000080a00000, 0x0000000080b00000, 0x0000000080b00000|100%| O|  |TAMS 0x0000000080b00000, 0x0000000080a00000| Untracked 
|  11|0x0000000080b00000, 0x0000000080c00000, 0x0000000080c00000|100%| O|  |TAMS 0x0000000080c00000, 0x0000000080b00000| Untracked 
|  12|0x0000000080c00000, 0x0000000080d00000, 0x0000000080d00000|100%| O|  |TAMS 0x0000000080d00000, 0x0000000080c00000| Untracked 
|  13|0x0000000080d00000, 0x0000000080e00000, 0x0000000080e00000|100%| O|  |TAMS 0x0000000080e00000, 0x0000000080d00000| Untracked 
|  14|0x0000000080e00000, 0x0000000080f00000, 0x0000000080f00000|100%|HS|  |TAMS 0x0000000080f00000, 0x0000000080e00000| Complete 
|  15|0x0000000080f00000, 0x0000000081000000, 0x0000000081000000|100%|HC|  |TAMS 0x0000000081000000, 0x0000000080f00000| Complete 
|  16|0x0000000081000000, 0x0000000081100000, 0x0000000081100000|100%|HS|  |TAMS 0x0000000081100000, 0x0000000081000000| Complete 
|  17|0x0000000081100000, 0x0000000081200000, 0x0000000081200000|100%|HC|  |TAMS 0x0000000081200000, 0x0000000081100000| Complete 
|  18|0x0000000081200000, 0x0000000081300000, 0x0000000081300000|100%|HC|  |TAMS 0x0000000081300000, 0x0000000081200000| Complete 
|  19|0x0000000081300000, 0x0000000081400000, 0x0000000081400000|100%|HS|  |TAMS 0x0000000081400000, 0x0000000081300000| Complete 
|  20|0x0000000081400000, 0x0000000081500000, 0x0000000081500000|100%|HC|  |TAMS 0x0000000081500000, 0x0000000081400000| Complete 
|  21|0x0000000081500000, 0x0000000081600000, 0x0000000081600000|100%|HC|  |TAMS 0x0000000081600000, 0x0000000081500000| Complete 
|  22|0x0000000081600000, 0x0000000081700000, 0x0000000081700000|100%|HS|  |TAMS 0x0000000081700000, 0x0000000081600000| Complete 
|  23|0x0000000081700000, 0x0000000081800000, 0x0000000081800000|100%|HC|  |TAMS 0x0000000081800000, 0x0000000081700000| Complete 
|  24|0x0000000081800000, 0x0000000081900000, 0x0000000081900000|100%|HC|  |TAMS 0x0000000081900000, 0x0000000081800000| Complete 
|  25|0x0000000081900000, 0x0000000081a00000, 0x0000000081a00000|100%|HC|  |TAMS 0x0000000081a00000, 0x0000000081900000| Complete 
|  26|0x0000000081a00000, 0x0000000081b00000, 0x0000000081b00000|100%|HC|  |TAMS 0x0000000081b00000, 0x0000000081a00000| Complete 
|  27|0x0000000081b00000, 0x0000000081c00000, 0x0000000081c00000|100%|HS|  |TAMS 0x0000000081c00000, 0x0000000081b00000| Complete 
|  28|0x0000000081c00000, 0x0000000081d00000, 0x0000000081d00000|100%|HS|  |TAMS 0x0000000081d00000, 0x0000000081c00000| Complete 
|  29|0x0000000081d00000, 0x0000000081e00000, 0x0000000081e00000|100%|HC|  |TAMS 0x0000000081e00000, 0x0000000081d00000| Complete 
|  30|0x0000000081e00000, 0x0000000081f00000, 0x0000000081f00000|100%|HC|  |TAMS 0x0000000081f00000, 0x0000000081e00000| Complete 
|  31|0x0000000081f00000, 0x0000000082000000, 0x0000000082000000|100%|HC|  |TAMS 0x0000000082000000, 0x0000000081f00000| Complete 
|  32|0x0000000082000000, 0x0000000082100000, 0x0000000082100000|100%| O|  |TAMS 0x0000000082100000, 0x0000000082000000| Untracked 
|  33|0x0000000082100000, 0x0000000082200000, 0x0000000082200000|100%| O|  |TAMS 0x0000000082200000, 0x0000000082100000| Untracked 
|  34|0x0000000082200000, 0x0000000082300000, 0x0000000082300000|100%| O|  |TAMS 0x0000000082300000, 0x0000000082200000| Untracked 
|  35|0x0000000082300000, 0x0000000082400000, 0x0000000082400000|100%| O|  |TAMS 0x0000000082400000, 0x0000000082300000| Untracked 
|  36|0x0000000082400000, 0x0000000082500000, 0x0000000082500000|100%| O|  |TAMS 0x0000000082400000, 0x0000000082400000| Untracked 
|  37|0x0000000082500000, 0x0000000082600000, 0x0000000082600000|100%| O|  |TAMS 0x0000000082600000, 0x0000000082500000| Untracked 
|  38|0x0000000082600000, 0x0000000082700000, 0x0000000082700000|100%| O|  |TAMS 0x0000000082700000, 0x0000000082600000| Untracked 
|  39|0x0000000082700000, 0x0000000082800000, 0x0000000082800000|100%| O|  |TAMS 0x0000000082800000, 0x0000000082700000| Untracked 
|  40|0x0000000082800000, 0x0000000082900000, 0x0000000082900000|100%| O|  |TAMS 0x0000000082900000, 0x0000000082800000| Untracked 
|  41|0x0000000082900000, 0x0000000082a00000, 0x0000000082a00000|100%| O|  |TAMS 0x0000000082a00000, 0x0000000082900000| Untracked 
|  42|0x0000000082a00000, 0x0000000082b00000, 0x0000000082b00000|100%| O|  |TAMS 0x0000000082b00000, 0x0000000082a00000| Untracked 
|  43|0x0000000082b00000, 0x0000000082c00000, 0x0000000082c00000|100%|HS|  |TAMS 0x0000000082c00000, 0x0000000082b00000| Complete 
|  44|0x0000000082c00000, 0x0000000082d00000, 0x0000000082d00000|100%|HC|  |TAMS 0x0000000082d00000, 0x0000000082c00000| Complete 
|  45|0x0000000082d00000, 0x0000000082e00000, 0x0000000082e00000|100%|HS|  |TAMS 0x0000000082e00000, 0x0000000082d00000| Complete 
|  46|0x0000000082e00000, 0x0000000082f00000, 0x0000000082f00000|100%|HC|  |TAMS 0x0000000082f00000, 0x0000000082e00000| Complete 
|  47|0x0000000082f00000, 0x0000000083000000, 0x0000000083000000|100%|HC|  |TAMS 0x0000000083000000, 0x0000000082f00000| Complete 
|  48|0x0000000083000000, 0x0000000083100000, 0x0000000083100000|100%|HC|  |TAMS 0x0000000083100000, 0x0000000083000000| Complete 
|  49|0x0000000083100000, 0x0000000083200000, 0x0000000083200000|100%|HS|  |TAMS 0x0000000083200000, 0x0000000083100000| Complete 
|  50|0x0000000083200000, 0x0000000083300000, 0x0000000083300000|100%|HC|  |TAMS 0x0000000083300000, 0x0000000083200000| Complete 
|  51|0x0000000083300000, 0x0000000083400000, 0x0000000083400000|100%|HC|  |TAMS 0x0000000083400000, 0x0000000083300000| Complete 
|  52|0x0000000083400000, 0x0000000083500000, 0x0000000083500000|100%|HS|  |TAMS 0x0000000083500000, 0x0000000083400000| Complete 
|  53|0x0000000083500000, 0x0000000083600000, 0x0000000083600000|100%|HC|  |TAMS 0x0000000083600000, 0x0000000083500000| Complete 
|  54|0x0000000083600000, 0x0000000083700000, 0x0000000083700000|100%|HC|  |TAMS 0x0000000083700000, 0x0000000083600000| Complete 
|  55|0x0000000083700000, 0x0000000083800000, 0x0000000083800000|100%| O|  |TAMS 0x0000000083800000, 0x0000000083700000| Untracked 
|  56|0x0000000083800000, 0x0000000083900000, 0x0000000083900000|100%| O|  |TAMS 0x0000000083900000, 0x0000000083800000| Untracked 
|  57|0x0000000083900000, 0x0000000083a00000, 0x0000000083a00000|100%| O|  |TAMS 0x0000000083a00000, 0x0000000083900000| Untracked 
|  58|0x0000000083a00000, 0x0000000083b00000, 0x0000000083b00000|100%| O|  |TAMS 0x0000000083b00000, 0x0000000083a00000| Untracked 
|  59|0x0000000083b00000, 0x0000000083c00000, 0x0000000083c00000|100%| O|  |TAMS 0x0000000083c00000, 0x0000000083b00000| Untracked 
|  60|0x0000000083c00000, 0x0000000083d00000, 0x0000000083d00000|100%| O|  |TAMS 0x0000000083d00000, 0x0000000083c00000| Untracked 
|  61|0x0000000083d00000, 0x0000000083e00000, 0x0000000083e00000|100%| O|  |TAMS 0x0000000083e00000, 0x0000000083d00000| Untracked 
|  62|0x0000000083e00000, 0x0000000083f00000, 0x0000000083f00000|100%| O|  |TAMS 0x0000000083f00000, 0x0000000083e00000| Untracked 
|  63|0x0000000083f00000, 0x0000000084000000, 0x0000000084000000|100%| O|  |TAMS 0x0000000084000000, 0x0000000083f00000| Untracked 
|  64|0x0000000084000000, 0x0000000084100000, 0x0000000084100000|100%| O|  |TAMS 0x0000000084100000, 0x0000000084000000| Untracked 
|  65|0x0000000084100000, 0x0000000084200000, 0x0000000084200000|100%| O|  |TAMS 0x0000000084200000, 0x0000000084100000| Untracked 
|  66|0x0000000084200000, 0x0000000084300000, 0x0000000084300000|100%|HS|  |TAMS 0x0000000084300000, 0x0000000084200000| Complete 
|  67|0x0000000084300000, 0x0000000084400000, 0x0000000084400000|100%|HC|  |TAMS 0x0000000084400000, 0x0000000084300000| Complete 
|  68|0x0000000084400000, 0x0000000084500000, 0x0000000084500000|100%|HC|  |TAMS 0x0000000084500000, 0x0000000084400000| Complete 
|  69|0x0000000084500000, 0x0000000084600000, 0x0000000084600000|100%|HC|  |TAMS 0x0000000084600000, 0x0000000084500000| Complete 
|  70|0x0000000084600000, 0x0000000084700000, 0x0000000084700000|100%|HC|  |TAMS 0x0000000084700000, 0x0000000084600000| Complete 
|  71|0x0000000084700000, 0x0000000084800000, 0x0000000084800000|100%| O|  |TAMS 0x0000000084800000, 0x0000000084700000| Untracked 
|  72|0x0000000084800000, 0x0000000084900000, 0x0000000084900000|100%| O|  |TAMS 0x0000000084900000, 0x0000000084800000| Untracked 
|  73|0x0000000084900000, 0x0000000084a00000, 0x0000000084a00000|100%| O|  |TAMS 0x0000000084a00000, 0x0000000084900000| Untracked 
|  74|0x0000000084a00000, 0x0000000084b00000, 0x0000000084b00000|100%| O|  |TAMS 0x0000000084b00000, 0x0000000084a00000| Untracked 
|  75|0x0000000084b00000, 0x0000000084c00000, 0x0000000084c00000|100%| O|  |TAMS 0x0000000084c00000, 0x0000000084b00000| Untracked 
|  76|0x0000000084c00000, 0x0000000084d00000, 0x0000000084d00000|100%|HS|  |TAMS 0x0000000084d00000, 0x0000000084c00000| Complete 
|  77|0x0000000084d00000, 0x0000000084e00000, 0x0000000084e00000|100%|HS|  |TAMS 0x0000000084e00000, 0x0000000084d00000| Complete 
|  78|0x0000000084e00000, 0x0000000084f00000, 0x0000000084f00000|100%| O|  |TAMS 0x0000000084f00000, 0x0000000084e00000| Untracked 
|  79|0x0000000084f00000, 0x0000000085000000, 0x0000000085000000|100%| O|  |TAMS 0x0000000084f00000, 0x0000000084f00000| Untracked 
|  80|0x0000000085000000, 0x0000000085100000, 0x0000000085100000|100%| O|  |TAMS 0x0000000085100000, 0x0000000085000000| Untracked 
|  81|0x0000000085100000, 0x0000000085200000, 0x0000000085200000|100%| O|  |TAMS 0x0000000085200000, 0x0000000085100000| Untracked 
|  82|0x0000000085200000, 0x0000000085300000, 0x0000000085300000|100%|HS|  |TAMS 0x0000000085300000, 0x0000000085200000| Complete 
|  83|0x0000000085300000, 0x0000000085400000, 0x0000000085400000|100%|HC|  |TAMS 0x0000000085400000, 0x0000000085300000| Complete 
|  84|0x0000000085400000, 0x0000000085500000, 0x0000000085500000|100%| O|  |TAMS 0x0000000085500000, 0x0000000085400000| Untracked 
|  85|0x0000000085500000, 0x0000000085600000, 0x0000000085600000|100%| O|  |TAMS 0x0000000085600000, 0x0000000085500000| Untracked 
|  86|0x0000000085600000, 0x0000000085700000, 0x0000000085700000|100%| O|  |TAMS 0x0000000085700000, 0x0000000085600000| Untracked 
|  87|0x0000000085700000, 0x0000000085800000, 0x0000000085800000|100%| O|  |TAMS 0x0000000085800000, 0x0000000085700000| Untracked 
|  88|0x0000000085800000, 0x0000000085900000, 0x0000000085900000|100%| O|  |TAMS 0x0000000085900000, 0x0000000085800000| Untracked 
|  89|0x0000000085900000, 0x0000000085a00000, 0x0000000085a00000|100%| O|  |TAMS 0x0000000085a00000, 0x0000000085900000| Untracked 
|  90|0x0000000085a00000, 0x0000000085b00000, 0x0000000085b00000|100%| O|  |TAMS 0x0000000085b00000, 0x0000000085a00000| Untracked 
|  91|0x0000000085b00000, 0x0000000085c00000, 0x0000000085c00000|100%| O|  |TAMS 0x0000000085c00000, 0x0000000085b00000| Untracked 
|  92|0x0000000085c00000, 0x0000000085d00000, 0x0000000085d00000|100%| O|  |TAMS 0x0000000085d00000, 0x0000000085c00000| Untracked 
|  93|0x0000000085d00000, 0x0000000085e00000, 0x0000000085e00000|100%| O|  |TAMS 0x0000000085e00000, 0x0000000085d00000| Untracked 
|  94|0x0000000085e00000, 0x0000000085f00000, 0x0000000085f00000|100%| O|  |TAMS 0x0000000085f00000, 0x0000000085e00000| Untracked 
|  95|0x0000000085f00000, 0x0000000086000000, 0x0000000086000000|100%| O|  |TAMS 0x0000000086000000, 0x0000000085f00000| Untracked 
|  96|0x0000000086000000, 0x0000000086100000, 0x0000000086100000|100%| O|  |TAMS 0x0000000086100000, 0x0000000086000000| Untracked 
|  97|0x0000000086100000, 0x0000000086200000, 0x0000000086200000|100%| O|  |TAMS 0x0000000086200000, 0x0000000086100000| Untracked 
|  98|0x0000000086200000, 0x0000000086300000, 0x0000000086300000|100%| O|  |TAMS 0x0000000086300000, 0x0000000086200000| Untracked 
|  99|0x0000000086300000, 0x0000000086400000, 0x0000000086400000|100%| O|  |TAMS 0x0000000086400000, 0x0000000086300000| Untracked 
| 100|0x0000000086400000, 0x0000000086500000, 0x0000000086500000|100%| O|  |TAMS 0x0000000086500000, 0x0000000086400000| Untracked 
| 101|0x0000000086500000, 0x0000000086600000, 0x0000000086600000|100%| O|  |TAMS 0x0000000086600000, 0x0000000086500000| Untracked 
| 102|0x0000000086600000, 0x0000000086700000, 0x0000000086700000|100%|HS|  |TAMS 0x0000000086700000, 0x0000000086600000| Complete 
| 103|0x0000000086700000, 0x0000000086800000, 0x0000000086800000|100%|HC|  |TAMS 0x0000000086800000, 0x0000000086700000| Complete 
| 104|0x0000000086800000, 0x0000000086900000, 0x0000000086900000|100%|HS|  |TAMS 0x0000000086900000, 0x0000000086800000| Complete 
| 105|0x0000000086900000, 0x0000000086a00000, 0x0000000086a00000|100%|HC|  |TAMS 0x0000000086a00000, 0x0000000086900000| Complete 
| 106|0x0000000086a00000, 0x0000000086b00000, 0x0000000086b00000|100%|HC|  |TAMS 0x0000000086b00000, 0x0000000086a00000| Complete 
| 107|0x0000000086b00000, 0x0000000086c00000, 0x0000000086c00000|100%|HS|  |TAMS 0x0000000086c00000, 0x0000000086b00000| Complete 
| 108|0x0000000086c00000, 0x0000000086d00000, 0x0000000086d00000|100%|HC|  |TAMS 0x0000000086d00000, 0x0000000086c00000| Complete 
| 109|0x0000000086d00000, 0x0000000086e00000, 0x0000000086e00000|100%|HC|  |TAMS 0x0000000086e00000, 0x0000000086d00000| Complete 
| 110|0x0000000086e00000, 0x0000000086f00000, 0x0000000086f00000|100%|HS|  |TAMS 0x0000000086f00000, 0x0000000086e00000| Complete 
| 111|0x0000000086f00000, 0x0000000087000000, 0x0000000087000000|100%|HC|  |TAMS 0x0000000087000000, 0x0000000086f00000| Complete 
| 112|0x0000000087000000, 0x0000000087100000, 0x0000000087100000|100%|HC|  |TAMS 0x0000000087100000, 0x0000000087000000| Complete 
| 113|0x0000000087100000, 0x0000000087200000, 0x0000000087200000|100%|HC|  |TAMS 0x0000000087200000, 0x0000000087100000| Complete 
| 114|0x0000000087200000, 0x0000000087300000, 0x0000000087300000|100%|HC|  |TAMS 0x0000000087300000, 0x0000000087200000| Complete 
| 115|0x0000000087300000, 0x0000000087400000, 0x0000000087400000|100%|HS|  |TAMS 0x0000000087400000, 0x0000000087300000| Complete 
| 116|0x0000000087400000, 0x0000000087500000, 0x0000000087500000|100%|HS|  |TAMS 0x0000000087500000, 0x0000000087400000| Complete 
| 117|0x0000000087500000, 0x0000000087600000, 0x0000000087600000|100%|HC|  |TAMS 0x0000000087600000, 0x0000000087500000| Complete 
| 118|0x0000000087600000, 0x0000000087700000, 0x0000000087700000|100%|HC|  |TAMS 0x0000000087700000, 0x0000000087600000| Complete 
| 119|0x0000000087700000, 0x0000000087800000, 0x0000000087800000|100%|HC|  |TAMS 0x0000000087800000, 0x0000000087700000| Complete 
| 120|0x0000000087800000, 0x0000000087900000, 0x0000000087900000|100%| O|  |TAMS 0x0000000087900000, 0x0000000087800000| Untracked 
| 121|0x0000000087900000, 0x0000000087a00000, 0x0000000087a00000|100%| O|  |TAMS 0x0000000087a00000, 0x0000000087900000| Untracked 
| 122|0x0000000087a00000, 0x0000000087b00000, 0x0000000087b00000|100%| O|  |TAMS 0x0000000087b00000, 0x0000000087a00000| Untracked 
| 123|0x0000000087b00000, 0x0000000087c00000, 0x0000000087c00000|100%| O|  |TAMS 0x0000000087c00000, 0x0000000087b00000| Untracked 
| 124|0x0000000087c00000, 0x0000000087d00000, 0x0000000087d00000|100%| O|  |TAMS 0x0000000087d00000, 0x0000000087c00000| Untracked 
| 125|0x0000000087d00000, 0x0000000087e00000, 0x0000000087e00000|100%| O|  |TAMS 0x0000000087e00000, 0x0000000087d00000| Untracked 
| 126|0x0000000087e00000, 0x0000000087f00000, 0x0000000087f00000|100%| O|  |TAMS 0x0000000087f00000, 0x0000000087e00000| Untracked 
| 127|0x0000000087f00000, 0x0000000088000000, 0x0000000088000000|100%| O|  |TAMS 0x0000000087f00000, 0x0000000087f00000| Untracked 
| 128|0x0000000088000000, 0x0000000088100000, 0x0000000088100000|100%| O|  |TAMS 0x0000000088100000, 0x0000000088000000| Untracked 
| 129|0x0000000088100000, 0x0000000088200000, 0x0000000088200000|100%| O|  |TAMS 0x0000000088200000, 0x0000000088100000| Untracked 
| 130|0x0000000088200000, 0x0000000088300000, 0x0000000088300000|100%| O|  |TAMS 0x0000000088300000, 0x0000000088200000| Untracked 
| 131|0x0000000088300000, 0x0000000088400000, 0x0000000088400000|100%| O|  |TAMS 0x0000000088400000, 0x0000000088300000| Untracked 
| 132|0x0000000088400000, 0x0000000088500000, 0x0000000088500000|100%| O|  |TAMS 0x0000000088500000, 0x0000000088400000| Untracked 
| 133|0x0000000088500000, 0x0000000088600000, 0x0000000088600000|100%| O|  |TAMS 0x0000000088600000, 0x0000000088500000| Untracked 
| 134|0x0000000088600000, 0x0000000088700000, 0x0000000088700000|100%| O|  |TAMS 0x0000000088700000, 0x0000000088600000| Untracked 
| 135|0x0000000088700000, 0x0000000088800000, 0x0000000088800000|100%| O|  |TAMS 0x0000000088800000, 0x0000000088700000| Untracked 
| 136|0x0000000088800000, 0x0000000088900000, 0x0000000088900000|100%| O|  |TAMS 0x0000000088900000, 0x0000000088800000| Untracked 
| 137|0x0000000088900000, 0x0000000088a00000, 0x0000000088a00000|100%| O|  |TAMS 0x0000000088a00000, 0x0000000088900000| Untracked 
| 138|0x0000000088a00000, 0x0000000088b00000, 0x0000000088b00000|100%| O|  |TAMS 0x0000000088b00000, 0x0000000088a00000| Untracked 
| 139|0x0000000088b00000, 0x0000000088c00000, 0x0000000088c00000|100%| O|  |TAMS 0x0000000088c00000, 0x0000000088b00000| Untracked 
| 140|0x0000000088c00000, 0x0000000088d00000, 0x0000000088d00000|100%| O|  |TAMS 0x0000000088d00000, 0x0000000088c00000| Untracked 
| 141|0x0000000088d00000, 0x0000000088e00000, 0x0000000088e00000|100%| O|  |TAMS 0x0000000088e00000, 0x0000000088d00000| Untracked 
| 142|0x0000000088e00000, 0x0000000088f00000, 0x0000000088f00000|100%| O|  |TAMS 0x0000000088f00000, 0x0000000088e00000| Untracked 
| 143|0x0000000088f00000, 0x0000000089000000, 0x0000000089000000|100%| O|  |TAMS 0x0000000089000000, 0x0000000088f00000| Untracked 
| 144|0x0000000089000000, 0x0000000089100000, 0x0000000089100000|100%| O|  |TAMS 0x0000000089100000, 0x0000000089000000| Untracked 
| 145|0x0000000089100000, 0x0000000089200000, 0x0000000089200000|100%| O|  |TAMS 0x0000000089100000, 0x0000000089100000| Untracked 
| 146|0x0000000089200000, 0x0000000089300000, 0x0000000089300000|100%| O|  |TAMS 0x0000000089300000, 0x0000000089200000| Untracked 
| 147|0x0000000089300000, 0x0000000089400000, 0x0000000089400000|100%| O|  |TAMS 0x0000000089400000, 0x0000000089300000| Untracked 
| 148|0x0000000089400000, 0x0000000089500000, 0x0000000089500000|100%| O|  |TAMS 0x0000000089500000, 0x0000000089400000| Untracked 
| 149|0x0000000089500000, 0x0000000089600000, 0x0000000089600000|100%| O|  |TAMS 0x0000000089600000, 0x0000000089500000| Untracked 
| 150|0x0000000089600000, 0x0000000089700000, 0x0000000089700000|100%| O|  |TAMS 0x0000000089700000, 0x0000000089600000| Untracked 
| 151|0x0000000089700000, 0x0000000089800000, 0x0000000089800000|100%| O|  |TAMS 0x0000000089800000, 0x0000000089700000| Untracked 
| 152|0x0000000089800000, 0x0000000089900000, 0x0000000089900000|100%| O|  |TAMS 0x0000000089900000, 0x0000000089800000| Untracked 
| 153|0x0000000089900000, 0x0000000089a00000, 0x0000000089a00000|100%| O|  |TAMS 0x0000000089a00000, 0x0000000089900000| Untracked 
| 154|0x0000000089a00000, 0x0000000089b00000, 0x0000000089b00000|100%| O|  |TAMS 0x0000000089b00000, 0x0000000089a00000| Untracked 
| 155|0x0000000089b00000, 0x0000000089c00000, 0x0000000089c00000|100%| O|  |TAMS 0x0000000089c00000, 0x0000000089b00000| Untracked 
| 156|0x0000000089c00000, 0x0000000089d00000, 0x0000000089d00000|100%| O|  |TAMS 0x0000000089d00000, 0x0000000089c00000| Untracked 
| 157|0x0000000089d00000, 0x0000000089e00000, 0x0000000089e00000|100%| O|  |TAMS 0x0000000089e00000, 0x0000000089d00000| Untracked 
| 158|0x0000000089e00000, 0x0000000089f00000, 0x0000000089f00000|100%| O|  |TAMS 0x0000000089e00000, 0x0000000089e00000| Untracked 
| 159|0x0000000089f00000, 0x000000008a000000, 0x000000008a000000|100%| O|  |TAMS 0x0000000089f00000, 0x0000000089f00000| Untracked 
| 160|0x000000008a000000, 0x000000008a100000, 0x000000008a100000|100%| O|  |TAMS 0x000000008a000000, 0x000000008a000000| Untracked 
| 161|0x000000008a100000, 0x000000008a200000, 0x000000008a200000|100%| O|  |TAMS 0x000000008a100000, 0x000000008a100000| Untracked 
| 162|0x000000008a200000, 0x000000008a300000, 0x000000008a300000|100%| O|  |TAMS 0x000000008a200000, 0x000000008a200000| Untracked 
| 163|0x000000008a300000, 0x000000008a400000, 0x000000008a400000|100%| O|  |TAMS 0x000000008a300000, 0x000000008a300000| Untracked 
| 164|0x000000008a400000, 0x000000008a500000, 0x000000008a500000|100%| O|  |TAMS 0x000000008a400000, 0x000000008a400000| Untracked 
| 165|0x000000008a500000, 0x000000008a600000, 0x000000008a600000|100%| O|  |TAMS 0x000000008a500000, 0x000000008a500000| Untracked 
| 166|0x000000008a600000, 0x000000008a700000, 0x000000008a700000|100%| O|  |TAMS 0x000000008a600000, 0x000000008a600000| Untracked 
| 167|0x000000008a700000, 0x000000008a800000, 0x000000008a800000|100%| O|  |TAMS 0x000000008a700000, 0x000000008a700000| Untracked 
| 168|0x000000008a800000, 0x000000008a900000, 0x000000008a900000|100%| O|  |TAMS 0x000000008a800000, 0x000000008a800000| Untracked 
| 169|0x000000008a900000, 0x000000008aa00000, 0x000000008aa00000|100%| O|  |TAMS 0x000000008a900000, 0x000000008a900000| Untracked 
| 170|0x000000008aa00000, 0x000000008ab00000, 0x000000008ab00000|100%| O|  |TAMS 0x000000008aa00000, 0x000000008aa00000| Untracked 
| 171|0x000000008ab00000, 0x000000008ac00000, 0x000000008ac00000|100%| O|  |TAMS 0x000000008ab00000, 0x000000008ab00000| Untracked 
| 172|0x000000008ac00000, 0x000000008ad00000, 0x000000008ad00000|100%| O|  |TAMS 0x000000008ac00000, 0x000000008ac00000| Untracked 
| 173|0x000000008ad00000, 0x000000008ae00000, 0x000000008ae00000|100%| O|  |TAMS 0x000000008ad00000, 0x000000008ad00000| Untracked 
| 174|0x000000008ae00000, 0x000000008af00000, 0x000000008af00000|100%| O|  |TAMS 0x000000008af00000, 0x000000008ae00000| Untracked 
| 175|0x000000008af00000, 0x000000008b000000, 0x000000008b000000|100%| O|  |TAMS 0x000000008b000000, 0x000000008af00000| Untracked 
| 176|0x000000008b000000, 0x000000008b100000, 0x000000008b100000|100%| O|  |TAMS 0x000000008b100000, 0x000000008b000000| Untracked 
| 177|0x000000008b100000, 0x000000008b200000, 0x000000008b200000|100%| O|  |TAMS 0x000000008b100000, 0x000000008b100000| Untracked 
| 178|0x000000008b200000, 0x000000008b300000, 0x000000008b300000|100%| O|  |TAMS 0x000000008b200000, 0x000000008b200000| Untracked 
| 179|0x000000008b300000, 0x000000008b400000, 0x000000008b400000|100%| O|  |TAMS 0x000000008b400000, 0x000000008b300000| Untracked 
| 180|0x000000008b400000, 0x000000008b500000, 0x000000008b500000|100%| O|  |TAMS 0x000000008b500000, 0x000000008b400000| Untracked 
| 181|0x000000008b500000, 0x000000008b600000, 0x000000008b600000|100%| O|  |TAMS 0x000000008b600000, 0x000000008b500000| Untracked 
| 182|0x000000008b600000, 0x000000008b700000, 0x000000008b700000|100%| O|  |TAMS 0x000000008b700000, 0x000000008b600000| Untracked 
| 183|0x000000008b700000, 0x000000008b800000, 0x000000008b800000|100%| O|  |TAMS 0x000000008b800000, 0x000000008b700000| Untracked 
| 184|0x000000008b800000, 0x000000008b900000, 0x000000008b900000|100%| O|  |TAMS 0x000000008b800000, 0x000000008b800000| Untracked 
| 185|0x000000008b900000, 0x000000008ba00000, 0x000000008ba00000|100%| O|  |TAMS 0x000000008b900000, 0x000000008b900000| Untracked 
| 186|0x000000008ba00000, 0x000000008bb00000, 0x000000008bb00000|100%| O|  |TAMS 0x000000008ba00000, 0x000000008ba00000| Untracked 
| 187|0x000000008bb00000, 0x000000008bc00000, 0x000000008bc00000|100%| O|  |TAMS 0x000000008bb00000, 0x000000008bb00000| Untracked 
| 188|0x000000008bc00000, 0x000000008bd00000, 0x000000008bd00000|100%| O|  |TAMS 0x000000008bc00000, 0x000000008bc00000| Untracked 
| 189|0x000000008bd00000, 0x000000008be00000, 0x000000008be00000|100%| O|  |TAMS 0x000000008be00000, 0x000000008bd00000| Untracked 
| 190|0x000000008be00000, 0x000000008bf00000, 0x000000008bf00000|100%| O|  |TAMS 0x000000008bf00000, 0x000000008be00000| Untracked 
| 191|0x000000008bf00000, 0x000000008c000000, 0x000000008c000000|100%| O|  |TAMS 0x000000008c000000, 0x000000008bf00000| Untracked 
| 192|0x000000008c000000, 0x000000008c100000, 0x000000008c100000|100%| O|  |TAMS 0x000000008c100000, 0x000000008c000000| Untracked 
| 193|0x000000008c100000, 0x000000008c200000, 0x000000008c200000|100%| O|  |TAMS 0x000000008c152e00, 0x000000008c100000| Untracked 
| 194|0x000000008c200000, 0x000000008c300000, 0x000000008c300000|100%| O|  |TAMS 0x000000008c200000, 0x000000008c200000| Untracked 
| 195|0x000000008c300000, 0x000000008c400000, 0x000000008c400000|100%| O|  |TAMS 0x000000008c300000, 0x000000008c300000| Untracked 
| 196|0x000000008c400000, 0x000000008c500000, 0x000000008c500000|100%| O|  |TAMS 0x000000008c400000, 0x000000008c400000| Untracked 
| 197|0x000000008c500000, 0x000000008c600000, 0x000000008c600000|100%| O|  |TAMS 0x000000008c500000, 0x000000008c500000| Untracked 
| 198|0x000000008c600000, 0x000000008c700000, 0x000000008c700000|100%| O|  |TAMS 0x000000008c600000, 0x000000008c600000| Untracked 
| 199|0x000000008c700000, 0x000000008c800000, 0x000000008c800000|100%| O|  |TAMS 0x000000008c700000, 0x000000008c700000| Untracked 
| 200|0x000000008c800000, 0x000000008c900000, 0x000000008c900000|100%| O|  |TAMS 0x000000008c800000, 0x000000008c800000| Untracked 
| 201|0x000000008c900000, 0x000000008ca00000, 0x000000008ca00000|100%| O|  |TAMS 0x000000008c900000, 0x000000008c900000| Untracked 
| 202|0x000000008ca00000, 0x000000008cb00000, 0x000000008cb00000|100%| O|  |TAMS 0x000000008ca00000, 0x000000008ca00000| Untracked 
| 203|0x000000008cb00000, 0x000000008cc00000, 0x000000008cc00000|100%| O|  |TAMS 0x000000008cb00000, 0x000000008cb00000| Untracked 
| 204|0x000000008cc00000, 0x000000008cd00000, 0x000000008cd00000|100%| O|  |TAMS 0x000000008cc00000, 0x000000008cc00000| Untracked 
| 205|0x000000008cd00000, 0x000000008ce00000, 0x000000008ce00000|100%| O|  |TAMS 0x000000008cd00000, 0x000000008cd00000| Untracked 
| 206|0x000000008ce00000, 0x000000008cf00000, 0x000000008cf00000|100%| O|  |TAMS 0x000000008ce00000, 0x000000008ce00000| Untracked 
| 207|0x000000008cf00000, 0x000000008d000000, 0x000000008d000000|100%| O|  |TAMS 0x000000008cf00000, 0x000000008cf00000| Untracked 
| 208|0x000000008d000000, 0x000000008d100000, 0x000000008d100000|100%| O|  |TAMS 0x000000008d000000, 0x000000008d000000| Untracked 
| 209|0x000000008d100000, 0x000000008d200000, 0x000000008d200000|100%| O|  |TAMS 0x000000008d100000, 0x000000008d100000| Untracked 
| 210|0x000000008d200000, 0x000000008d300000, 0x000000008d300000|100%| O|  |TAMS 0x000000008d200000, 0x000000008d200000| Untracked 
| 211|0x000000008d300000, 0x000000008d400000, 0x000000008d400000|100%| O|  |TAMS 0x000000008d300000, 0x000000008d300000| Untracked 
| 212|0x000000008d400000, 0x000000008d500000, 0x000000008d500000|100%| O|  |TAMS 0x000000008d400000, 0x000000008d400000| Untracked 
| 213|0x000000008d500000, 0x000000008d600000, 0x000000008d600000|100%| O|  |TAMS 0x000000008d500000, 0x000000008d500000| Untracked 
| 214|0x000000008d600000, 0x000000008d700000, 0x000000008d700000|100%| O|  |TAMS 0x000000008d600000, 0x000000008d600000| Untracked 
| 215|0x000000008d700000, 0x000000008d800000, 0x000000008d800000|100%| O|  |TAMS 0x000000008d700000, 0x000000008d700000| Untracked 
| 216|0x000000008d800000, 0x000000008d900000, 0x000000008d900000|100%| O|  |TAMS 0x000000008d800000, 0x000000008d800000| Untracked 
| 217|0x000000008d900000, 0x000000008d9b3200, 0x000000008da00000| 69%| O|  |TAMS 0x000000008d900000, 0x000000008d900000| Untracked 
| 218|0x000000008da00000, 0x000000008da00000, 0x000000008db00000|  0%| F|  |TAMS 0x000000008da00000, 0x000000008da00000| Untracked 
| 219|0x000000008db00000, 0x000000008db00000, 0x000000008dc00000|  0%| F|  |TAMS 0x000000008db00000, 0x000000008db00000| Untracked 
| 220|0x000000008dc00000, 0x000000008dc00000, 0x000000008dd00000|  0%| F|  |TAMS 0x000000008dc00000, 0x000000008dc00000| Untracked 
| 221|0x000000008dd00000, 0x000000008dd00000, 0x000000008de00000|  0%| F|  |TAMS 0x000000008dd00000, 0x000000008dd00000| Untracked 
| 222|0x000000008de00000, 0x000000008de00000, 0x000000008df00000|  0%| F|  |TAMS 0x000000008de00000, 0x000000008de00000| Untracked 
| 223|0x000000008df00000, 0x000000008df00000, 0x000000008e000000|  0%| F|  |TAMS 0x000000008df00000, 0x000000008df00000| Untracked 
| 224|0x000000008e000000, 0x000000008e000000, 0x000000008e100000|  0%| F|  |TAMS 0x000000008e000000, 0x000000008e000000| Untracked 
| 225|0x000000008e100000, 0x000000008e100000, 0x000000008e200000|  0%| F|  |TAMS 0x000000008e100000, 0x000000008e100000| Untracked 
| 226|0x000000008e200000, 0x000000008e200000, 0x000000008e300000|  0%| F|  |TAMS 0x000000008e200000, 0x000000008e200000| Untracked 
| 227|0x000000008e300000, 0x000000008e300000, 0x000000008e400000|  0%| F|  |TAMS 0x000000008e300000, 0x000000008e300000| Untracked 
| 228|0x000000008e400000, 0x000000008e400000, 0x000000008e500000|  0%| F|  |TAMS 0x000000008e400000, 0x000000008e400000| Untracked 
| 229|0x000000008e500000, 0x000000008e500000, 0x000000008e600000|  0%| F|  |TAMS 0x000000008e500000, 0x000000008e500000| Untracked 
| 230|0x000000008e600000, 0x000000008e600000, 0x000000008e700000|  0%| F|  |TAMS 0x000000008e600000, 0x000000008e600000| Untracked 
| 231|0x000000008e700000, 0x000000008e700000, 0x000000008e800000|  0%| F|  |TAMS 0x000000008e700000, 0x000000008e700000| Untracked 
| 232|0x000000008e800000, 0x000000008e800000, 0x000000008e900000|  0%| F|  |TAMS 0x000000008e800000, 0x000000008e800000| Untracked 
| 233|0x000000008e900000, 0x000000008e900000, 0x000000008ea00000|  0%| F|  |TAMS 0x000000008e900000, 0x000000008e900000| Untracked 
| 234|0x000000008ea00000, 0x000000008ea00000, 0x000000008eb00000|  0%| F|  |TAMS 0x000000008ea00000, 0x000000008ea00000| Untracked 
| 235|0x000000008eb00000, 0x000000008eb00000, 0x000000008ec00000|  0%| F|  |TAMS 0x000000008eb00000, 0x000000008eb00000| Untracked 
| 236|0x000000008ec00000, 0x000000008ec00000, 0x000000008ed00000|  0%| F|  |TAMS 0x000000008ec00000, 0x000000008ec00000| Untracked 
| 237|0x000000008ed00000, 0x000000008ed00000, 0x000000008ee00000|  0%| F|  |TAMS 0x000000008ed00000, 0x000000008ed00000| Untracked 
| 238|0x000000008ee00000, 0x000000008ee00000, 0x000000008ef00000|  0%| F|  |TAMS 0x000000008ee00000, 0x000000008ee00000| Untracked 
| 239|0x000000008ef00000, 0x000000008ef00000, 0x000000008f000000|  0%| F|  |TAMS 0x000000008ef00000, 0x000000008ef00000| Untracked 
| 240|0x000000008f000000, 0x000000008f000000, 0x000000008f100000|  0%| F|  |TAMS 0x000000008f000000, 0x000000008f000000| Untracked 
| 241|0x000000008f100000, 0x000000008f100000, 0x000000008f200000|  0%| F|  |TAMS 0x000000008f100000, 0x000000008f100000| Untracked 
| 242|0x000000008f200000, 0x000000008f200000, 0x000000008f300000|  0%| F|  |TAMS 0x000000008f200000, 0x000000008f200000| Untracked 
| 243|0x000000008f300000, 0x000000008f300000, 0x000000008f400000|  0%| F|  |TAMS 0x000000008f300000, 0x000000008f300000| Untracked 
| 244|0x000000008f400000, 0x000000008f400000, 0x000000008f500000|  0%| F|  |TAMS 0x000000008f400000, 0x000000008f400000| Untracked 
| 245|0x000000008f500000, 0x000000008f500000, 0x000000008f600000|  0%| F|  |TAMS 0x000000008f500000, 0x000000008f500000| Untracked 
| 246|0x000000008f600000, 0x000000008f600000, 0x000000008f700000|  0%| F|  |TAMS 0x000000008f600000, 0x000000008f600000| Untracked 
| 247|0x000000008f700000, 0x000000008f700000, 0x000000008f800000|  0%| F|  |TAMS 0x000000008f700000, 0x000000008f700000| Untracked 
| 248|0x000000008f800000, 0x000000008f800000, 0x000000008f900000|  0%| F|  |TAMS 0x000000008f800000, 0x000000008f800000| Untracked 
| 249|0x000000008f900000, 0x000000008f900000, 0x000000008fa00000|  0%| F|  |TAMS 0x000000008f900000, 0x000000008f900000| Untracked 
| 250|0x000000008fa00000, 0x000000008fa00000, 0x000000008fb00000|  0%| F|  |TAMS 0x000000008fa00000, 0x000000008fa00000| Untracked 
| 251|0x000000008fb00000, 0x000000008fb00000, 0x000000008fc00000|  0%| F|  |TAMS 0x000000008fb00000, 0x000000008fb00000| Untracked 
| 252|0x000000008fc00000, 0x000000008fc00000, 0x000000008fd00000|  0%| F|  |TAMS 0x000000008fc00000, 0x000000008fc00000| Untracked 
| 253|0x000000008fd00000, 0x000000008fd00000, 0x000000008fe00000|  0%| F|  |TAMS 0x000000008fd00000, 0x000000008fd00000| Untracked 
| 254|0x000000008fe00000, 0x000000008fe00000, 0x000000008ff00000|  0%| F|  |TAMS 0x000000008fe00000, 0x000000008fe00000| Untracked 
| 255|0x000000008ff00000, 0x000000008ff00000, 0x0000000090000000|  0%| F|  |TAMS 0x000000008ff00000, 0x000000008ff00000| Untracked 
| 256|0x0000000090000000, 0x0000000090000000, 0x0000000090100000|  0%| F|  |TAMS 0x0000000090000000, 0x0000000090000000| Untracked 
| 257|0x0000000090100000, 0x0000000090100000, 0x0000000090200000|  0%| F|  |TAMS 0x0000000090100000, 0x0000000090100000| Untracked 
| 258|0x0000000090200000, 0x0000000090200000, 0x0000000090300000|  0%| F|  |TAMS 0x0000000090200000, 0x0000000090200000| Untracked 
| 259|0x0000000090300000, 0x0000000090300000, 0x0000000090400000|  0%| F|  |TAMS 0x0000000090300000, 0x0000000090300000| Untracked 
| 260|0x0000000090400000, 0x0000000090400000, 0x0000000090500000|  0%| F|  |TAMS 0x0000000090400000, 0x0000000090400000| Untracked 
| 261|0x0000000090500000, 0x0000000090500000, 0x0000000090600000|  0%| F|  |TAMS 0x0000000090500000, 0x0000000090500000| Untracked 
| 262|0x0000000090600000, 0x0000000090600000, 0x0000000090700000|  0%| F|  |TAMS 0x0000000090600000, 0x0000000090600000| Untracked 
| 263|0x0000000090700000, 0x0000000090700000, 0x0000000090800000|  0%| F|  |TAMS 0x0000000090700000, 0x0000000090700000| Untracked 
| 264|0x0000000090800000, 0x0000000090800000, 0x0000000090900000|  0%| F|  |TAMS 0x0000000090800000, 0x0000000090800000| Untracked 
| 265|0x0000000090900000, 0x0000000090900000, 0x0000000090a00000|  0%| F|  |TAMS 0x0000000090900000, 0x0000000090900000| Untracked 
| 266|0x0000000090a00000, 0x0000000090a00000, 0x0000000090b00000|  0%| F|  |TAMS 0x0000000090a00000, 0x0000000090a00000| Untracked 
| 267|0x0000000090b00000, 0x0000000090b00000, 0x0000000090c00000|  0%| F|  |TAMS 0x0000000090b00000, 0x0000000090b00000| Untracked 
| 268|0x0000000090c00000, 0x0000000090c00000, 0x0000000090d00000|  0%| F|  |TAMS 0x0000000090c00000, 0x0000000090c00000| Untracked 
| 269|0x0000000090d00000, 0x0000000090d00000, 0x0000000090e00000|  0%| F|  |TAMS 0x0000000090d00000, 0x0000000090d00000| Untracked 
| 270|0x0000000090e00000, 0x0000000090e00000, 0x0000000090f00000|  0%| F|  |TAMS 0x0000000090e00000, 0x0000000090e00000| Untracked 
| 271|0x0000000090f00000, 0x0000000090f00000, 0x0000000091000000|  0%| F|  |TAMS 0x0000000090f00000, 0x0000000090f00000| Untracked 
| 272|0x0000000091000000, 0x0000000091000000, 0x0000000091100000|  0%| F|  |TAMS 0x0000000091000000, 0x0000000091000000| Untracked 
| 273|0x0000000091100000, 0x0000000091100000, 0x0000000091200000|  0%| F|  |TAMS 0x0000000091100000, 0x0000000091100000| Untracked 
| 274|0x0000000091200000, 0x0000000091200000, 0x0000000091300000|  0%| F|  |TAMS 0x0000000091200000, 0x0000000091200000| Untracked 
| 275|0x0000000091300000, 0x0000000091300000, 0x0000000091400000|  0%| F|  |TAMS 0x0000000091300000, 0x0000000091300000| Untracked 
| 276|0x0000000091400000, 0x0000000091400000, 0x0000000091500000|  0%| F|  |TAMS 0x0000000091400000, 0x0000000091400000| Untracked 
| 277|0x0000000091500000, 0x0000000091500000, 0x0000000091600000|  0%| F|  |TAMS 0x0000000091500000, 0x0000000091500000| Untracked 
| 278|0x0000000091600000, 0x0000000091600000, 0x0000000091700000|  0%| F|  |TAMS 0x0000000091600000, 0x0000000091600000| Untracked 
| 279|0x0000000091700000, 0x0000000091700000, 0x0000000091800000|  0%| F|  |TAMS 0x0000000091700000, 0x0000000091700000| Untracked 
| 280|0x0000000091800000, 0x0000000091800000, 0x0000000091900000|  0%| F|  |TAMS 0x0000000091800000, 0x0000000091800000| Untracked 
| 281|0x0000000091900000, 0x0000000091900000, 0x0000000091a00000|  0%| F|  |TAMS 0x0000000091900000, 0x0000000091900000| Untracked 
| 282|0x0000000091a00000, 0x0000000091a00000, 0x0000000091b00000|  0%| F|  |TAMS 0x0000000091a00000, 0x0000000091a00000| Untracked 
| 283|0x0000000091b00000, 0x0000000091b00000, 0x0000000091c00000|  0%| F|  |TAMS 0x0000000091b00000, 0x0000000091b00000| Untracked 
| 284|0x0000000091c00000, 0x0000000091d00000, 0x0000000091d00000|100%| S|CS|TAMS 0x0000000091c00000, 0x0000000091c00000| Complete 
| 285|0x0000000091d00000, 0x0000000091e00000, 0x0000000091e00000|100%| S|CS|TAMS 0x0000000091d00000, 0x0000000091d00000| Complete 
| 286|0x0000000091e00000, 0x0000000091f00000, 0x0000000091f00000|100%| S|CS|TAMS 0x0000000091e00000, 0x0000000091e00000| Complete 
| 287|0x0000000091f00000, 0x0000000091f00000, 0x0000000092000000|  0%| F|  |TAMS 0x0000000091f00000, 0x0000000091f00000| Untracked 
| 288|0x0000000092000000, 0x0000000092000000, 0x0000000092100000|  0%| F|  |TAMS 0x0000000092000000, 0x0000000092000000| Untracked 
| 289|0x0000000092100000, 0x0000000092100000, 0x0000000092200000|  0%| F|  |TAMS 0x0000000092100000, 0x0000000092100000| Untracked 
| 290|0x0000000092200000, 0x0000000092200000, 0x0000000092300000|  0%| F|  |TAMS 0x0000000092200000, 0x0000000092200000| Untracked 
| 291|0x0000000092300000, 0x0000000092300000, 0x0000000092400000|  0%| F|  |TAMS 0x0000000092300000, 0x0000000092300000| Untracked 
| 292|0x0000000092400000, 0x0000000092400000, 0x0000000092500000|  0%| F|  |TAMS 0x0000000092400000, 0x0000000092400000| Untracked 
| 293|0x0000000092500000, 0x0000000092500000, 0x0000000092600000|  0%| F|  |TAMS 0x0000000092500000, 0x0000000092500000| Untracked 
| 294|0x0000000092600000, 0x0000000092600000, 0x0000000092700000|  0%| F|  |TAMS 0x0000000092600000, 0x0000000092600000| Untracked 
| 295|0x0000000092700000, 0x0000000092700000, 0x0000000092800000|  0%| F|  |TAMS 0x0000000092700000, 0x0000000092700000| Untracked 
| 296|0x0000000092800000, 0x0000000092800000, 0x0000000092900000|  0%| F|  |TAMS 0x0000000092800000, 0x0000000092800000| Untracked 
| 297|0x0000000092900000, 0x0000000092900000, 0x0000000092a00000|  0%| F|  |TAMS 0x0000000092900000, 0x0000000092900000| Untracked 
| 298|0x0000000092a00000, 0x0000000092a00000, 0x0000000092b00000|  0%| F|  |TAMS 0x0000000092a00000, 0x0000000092a00000| Untracked 
| 299|0x0000000092b00000, 0x0000000092b00000, 0x0000000092c00000|  0%| F|  |TAMS 0x0000000092b00000, 0x0000000092b00000| Untracked 
| 300|0x0000000092c00000, 0x0000000092c00000, 0x0000000092d00000|  0%| F|  |TAMS 0x0000000092c00000, 0x0000000092c00000| Untracked 
| 301|0x0000000092d00000, 0x0000000092d00000, 0x0000000092e00000|  0%| F|  |TAMS 0x0000000092d00000, 0x0000000092d00000| Untracked 
| 302|0x0000000092e00000, 0x0000000092e00000, 0x0000000092f00000|  0%| F|  |TAMS 0x0000000092e00000, 0x0000000092e00000| Untracked 
| 303|0x0000000092f00000, 0x0000000092f00000, 0x0000000093000000|  0%| F|  |TAMS 0x0000000092f00000, 0x0000000092f00000| Untracked 
| 304|0x0000000093000000, 0x0000000093000000, 0x0000000093100000|  0%| F|  |TAMS 0x0000000093000000, 0x0000000093000000| Untracked 
| 305|0x0000000093100000, 0x0000000093100000, 0x0000000093200000|  0%| F|  |TAMS 0x0000000093100000, 0x0000000093100000| Untracked 
| 306|0x0000000093200000, 0x0000000093200000, 0x0000000093300000|  0%| F|  |TAMS 0x0000000093200000, 0x0000000093200000| Untracked 
| 307|0x0000000093300000, 0x0000000093300000, 0x0000000093400000|  0%| F|  |TAMS 0x0000000093300000, 0x0000000093300000| Untracked 
| 308|0x0000000093400000, 0x0000000093400000, 0x0000000093500000|  0%| F|  |TAMS 0x0000000093400000, 0x0000000093400000| Untracked 
| 309|0x0000000093500000, 0x0000000093500000, 0x0000000093600000|  0%| F|  |TAMS 0x0000000093500000, 0x0000000093500000| Untracked 
| 310|0x0000000093600000, 0x0000000093600000, 0x0000000093700000|  0%| F|  |TAMS 0x0000000093600000, 0x0000000093600000| Untracked 
| 311|0x0000000093700000, 0x0000000093700000, 0x0000000093800000|  0%| F|  |TAMS 0x0000000093700000, 0x0000000093700000| Untracked 
| 312|0x0000000093800000, 0x0000000093800000, 0x0000000093900000|  0%| F|  |TAMS 0x0000000093800000, 0x0000000093800000| Untracked 
| 313|0x0000000093900000, 0x0000000093900000, 0x0000000093a00000|  0%| F|  |TAMS 0x0000000093900000, 0x0000000093900000| Untracked 
| 314|0x0000000093a00000, 0x0000000093a00000, 0x0000000093b00000|  0%| F|  |TAMS 0x0000000093a00000, 0x0000000093a00000| Untracked 
| 315|0x0000000093b00000, 0x0000000093b00000, 0x0000000093c00000|  0%| F|  |TAMS 0x0000000093b00000, 0x0000000093b00000| Untracked 
| 316|0x0000000093c00000, 0x0000000093c00000, 0x0000000093d00000|  0%| F|  |TAMS 0x0000000093c00000, 0x0000000093c00000| Untracked 
| 317|0x0000000093d00000, 0x0000000093d00000, 0x0000000093e00000|  0%| F|  |TAMS 0x0000000093d00000, 0x0000000093d00000| Untracked 
| 318|0x0000000093e00000, 0x0000000093e00000, 0x0000000093f00000|  0%| F|  |TAMS 0x0000000093e00000, 0x0000000093e00000| Untracked 
| 319|0x0000000093f00000, 0x0000000093f00000, 0x0000000094000000|  0%| F|  |TAMS 0x0000000093f00000, 0x0000000093f00000| Untracked 
| 320|0x0000000094000000, 0x0000000094000000, 0x0000000094100000|  0%| F|  |TAMS 0x0000000094000000, 0x0000000094000000| Untracked 
| 321|0x0000000094100000, 0x0000000094100000, 0x0000000094200000|  0%| F|  |TAMS 0x0000000094100000, 0x0000000094100000| Untracked 
| 322|0x0000000094200000, 0x0000000094200000, 0x0000000094300000|  0%| F|  |TAMS 0x0000000094200000, 0x0000000094200000| Untracked 
| 323|0x0000000094300000, 0x0000000094300000, 0x0000000094400000|  0%| F|  |TAMS 0x0000000094300000, 0x0000000094300000| Untracked 
| 324|0x0000000094400000, 0x0000000094400000, 0x0000000094500000|  0%| F|  |TAMS 0x0000000094400000, 0x0000000094400000| Untracked 
| 325|0x0000000094500000, 0x0000000094500000, 0x0000000094600000|  0%| F|  |TAMS 0x0000000094500000, 0x0000000094500000| Untracked 
| 326|0x0000000094600000, 0x0000000094600000, 0x0000000094700000|  0%| F|  |TAMS 0x0000000094600000, 0x0000000094600000| Untracked 
| 327|0x0000000094700000, 0x0000000094700000, 0x0000000094800000|  0%| F|  |TAMS 0x0000000094700000, 0x0000000094700000| Untracked 
| 328|0x0000000094800000, 0x0000000094800000, 0x0000000094900000|  0%| F|  |TAMS 0x0000000094800000, 0x0000000094800000| Untracked 
| 329|0x0000000094900000, 0x0000000094900000, 0x0000000094a00000|  0%| F|  |TAMS 0x0000000094900000, 0x0000000094900000| Untracked 
| 330|0x0000000094a00000, 0x0000000094a00000, 0x0000000094b00000|  0%| F|  |TAMS 0x0000000094a00000, 0x0000000094a00000| Untracked 
| 331|0x0000000094b00000, 0x0000000094b00000, 0x0000000094c00000|  0%| F|  |TAMS 0x0000000094b00000, 0x0000000094b00000| Untracked 
| 332|0x0000000094c00000, 0x0000000094c00000, 0x0000000094d00000|  0%| F|  |TAMS 0x0000000094c00000, 0x0000000094c00000| Untracked 
| 333|0x0000000094d00000, 0x0000000094d00000, 0x0000000094e00000|  0%| F|  |TAMS 0x0000000094d00000, 0x0000000094d00000| Untracked 

Card table byte_map: [0x000001c733a50000,0x000001c733e50000] _byte_map_base: 0x000001c733650000

Marking Bits (Prev, Next): (CMBitMap*) 0x000001c71ed2c948, (CMBitMap*) 0x000001c71ed2c980
 Prev Bits: [0x000001c734250000, 0x000001c736250000)
 Next Bits: [0x000001c736250000, 0x000001c738250000)

Polling page: 0x000001c71edd0000

Metaspace:

Usage:
  Non-class:    126.38 MB capacity,   124.05 MB ( 98%) used,     1.89 MB (  1%) free+waste,   444.13 KB ( <1%) overhead. 
      Class:     18.63 MB capacity,    17.25 MB ( 93%) used,     1.20 MB (  6%) free+waste,   196.00 KB (  1%) overhead. 
       Both:    145.01 MB capacity,   141.29 MB ( 97%) used,     3.09 MB (  2%) free+waste,   640.13 KB ( <1%) overhead. 

Virtual space:
  Non-class space:      128.00 MB reserved,     126.50 MB ( 99%) committed 
      Class space:        1.00 GB reserved,      18.75 MB (  2%) committed 
             Both:        1.13 GB reserved,     145.25 MB ( 13%) committed 

Chunk freelists:
   Non-Class:  63.00 KB
       Class:  24.00 KB
        Both:  87.00 KB

MaxMetaspaceSize: 17179869184.00 GB
CompressedClassSpaceSize: 1.00 GB
Initial GC threshold: 20.80 MB
Current GC threshold: 207.29 MB
CDS: off

CodeHeap 'non-profiled nmethods': size=120064Kb used=13561Kb max_used=13561Kb free=106502Kb
 bounds [0x000001c72bae0000, 0x000001c72c820000, 0x000001c733020000]
CodeHeap 'profiled nmethods': size=120000Kb used=49846Kb max_used=49846Kb free=70154Kb
 bounds [0x000001c7245b0000, 0x000001c727660000, 0x000001c72bae0000]
CodeHeap 'non-nmethods': size=5696Kb used=2489Kb max_used=2526Kb free=3206Kb
 bounds [0x000001c724020000, 0x000001c7242a0000, 0x000001c7245b0000]
 total_blobs=22110 nmethods=21078 adapters=942
 compilation: enabled
              stopped_count=0, restarted_count=0
 full_count=0

Compilation events (20 events):
Event: 211.346 Thread 0x000001c73a8ce000 nmethod 22870 0x000001c727659b10 code [0x000001c727659d40, 0x000001c72765a398]
Event: 211.346 Thread 0x000001c73a8ce000 22872       1       com.android.tools.r8.internal.Mq::f1 (2 bytes)
Event: 211.346 Thread 0x000001c73a8ce000 nmethod 22872 0x000001c72c81de90 code [0x000001c72c81e040, 0x000001c72c81e0f8]
Event: 211.346 Thread 0x000001c73a8ce000 22873       1       com.android.tools.r8.internal.vH::f1 (2 bytes)
Event: 211.347 Thread 0x000001c73a8ce000 nmethod 22873 0x000001c72c81e190 code [0x000001c72c81e340, 0x000001c72c81e3f8]
Event: 211.347 Thread 0x000001c73a8ce000 22874       1       com.android.tools.r8.internal.u9::X0 (2 bytes)
Event: 211.347 Thread 0x000001c73a8ce000 nmethod 22874 0x000001c72c81e490 code [0x000001c72c81e640, 0x000001c72c81e6f8]
Event: 211.347 Thread 0x000001c73a8ce000 22875       2       com.android.tools.r8.internal.SS::<init> (10 bytes)
Event: 211.347 Thread 0x000001c73a8ce000 nmethod 22875 0x000001c72765a810 code [0x000001c72765a9c0, 0x000001c72765aaf8]
Event: 211.347 Thread 0x000001c73a8ce000 22876       2       com.android.tools.r8.graph.n0::e1 (11 bytes)
Event: 211.347 Thread 0x000001c73a8ce000 nmethod 22876 0x000001c72765ab90 code [0x000001c72765ad40, 0x000001c72765ae78]
Event: 211.348 Thread 0x000001c73a8ce000 22877       2       com.android.tools.r8.internal.w20::a (60 bytes)
Event: 211.349 Thread 0x000001c73a8ce000 nmethod 22877 0x000001c72765af90 code [0x000001c72765b160, 0x000001c72765b5e8]
Event: 211.349 Thread 0x000001c73a8ce000 22878       2       com.android.tools.r8.internal.Nq::i (12 bytes)
Event: 211.349 Thread 0x000001c73a8ce000 nmethod 22878 0x000001c72765b790 code [0x000001c72765b960, 0x000001c72765bb28]
Event: 211.350 Thread 0x000001c73a8ce000 22879 %     3       com.android.tools.r8.graph.I::b @ 10 (43 bytes)
Event: 211.350 Thread 0x000001c73a8ce000 nmethod 22879% 0x000001c72765bc90 code [0x000001c72765be60, 0x000001c72765c168]
Event: 211.350 Thread 0x000001c73a8ce000 22881       2       com.android.tools.r8.internal.Th::<init> (354 bytes)
Event: 211.354 Thread 0x000001c73a8ce000 nmethod 22881 0x000001c72765c310 code [0x000001c72765c6a0, 0x000001c72765d918]
Event: 211.354 Thread 0x000001c73a8ce000 22883       2       com.android.tools.r8.internal.Eb::a (294 bytes)

GC Heap History (20 events):
Event: 205.651 GC heap after
{Heap after GC invocations=99 (full 0):
 garbage-first heap   total 270336K, used 186228K [0x0000000080000000, 0x0000000100000000)
  region size 1024K, 5 young (5120K), 5 survivors (5120K)
 Metaspace       used 132954K, capacity 136310K, committed 136448K, reserved 1169408K
  class space    used 16133K, capacity 17320K, committed 17408K, reserved 1048576K
}
Event: 206.299 GC heap before
{Heap before GC invocations=99 (full 0):
 garbage-first heap   total 270336K, used 227188K [0x0000000080000000, 0x0000000100000000)
  region size 1024K, 46 young (47104K), 5 survivors (5120K)
 Metaspace       used 136051K, capacity 139530K, committed 139776K, reserved 1171456K
  class space    used 16548K, capacity 17803K, committed 17920K, reserved 1048576K
}
Event: 206.311 GC heap after
{Heap after GC invocations=100 (full 0):
 garbage-first heap   total 270336K, used 191995K [0x0000000080000000, 0x0000000100000000)
  region size 1024K, 6 young (6144K), 6 survivors (6144K)
 Metaspace       used 136051K, capacity 139530K, committed 139776K, reserved 1171456K
  class space    used 16548K, capacity 17803K, committed 17920K, reserved 1048576K
}
Event: 206.862 GC heap before
{Heap before GC invocations=100 (full 0):
 garbage-first heap   total 270336K, used 228859K [0x0000000080000000, 0x0000000100000000)
  region size 1024K, 42 young (43008K), 6 survivors (6144K)
 Metaspace       used 137290K, capacity 140854K, committed 140928K, reserved 1171456K
  class space    used 16708K, capacity 18005K, committed 18048K, reserved 1048576K
}
Event: 206.895 GC heap after
{Heap after GC invocations=101 (full 0):
 garbage-first heap   total 270336K, used 197548K [0x0000000080000000, 0x0000000100000000)
  region size 1024K, 6 young (6144K), 6 survivors (6144K)
 Metaspace       used 137290K, capacity 140854K, committed 140928K, reserved 1171456K
  class space    used 16708K, capacity 18005K, committed 18048K, reserved 1048576K
}
Event: 207.274 GC heap before
{Heap before GC invocations=101 (full 0):
 garbage-first heap   total 270336K, used 229292K [0x0000000080000000, 0x0000000100000000)
  region size 1024K, 37 young (37888K), 6 survivors (6144K)
 Metaspace       used 137996K, capacity 141499K, committed 141824K, reserved 1173504K
  class space    used 16789K, capacity 18070K, committed 18176K, reserved 1048576K
}
Event: 207.316 GC heap after
{Heap after GC invocations=102 (full 0):
 garbage-first heap   total 270336K, used 203776K [0x0000000080000000, 0x0000000100000000)
  region size 1024K, 5 young (5120K), 5 survivors (5120K)
 Metaspace       used 137996K, capacity 141499K, committed 141824K, reserved 1173504K
  class space    used 16789K, capacity 18070K, committed 18176K, reserved 1048576K
}
Event: 207.558 GC heap before
{Heap before GC invocations=102 (full 0):
 garbage-first heap   total 270336K, used 229376K [0x0000000080000000, 0x0000000100000000)
  region size 1024K, 31 young (31744K), 5 survivors (5120K)
 Metaspace       used 139058K, capacity 142650K, committed 142720K, reserved 1173504K
  class space    used 16931K, capacity 18270K, committed 18304K, reserved 1048576K
}
Event: 207.592 GC heap after
{Heap after GC invocations=103 (full 0):
 garbage-first heap   total 270336K, used 208484K [0x0000000080000000, 0x0000000100000000)
  region size 1024K, 4 young (4096K), 4 survivors (4096K)
 Metaspace       used 139058K, capacity 142650K, committed 142720K, reserved 1173504K
  class space    used 16931K, capacity 18270K, committed 18304K, reserved 1048576K
}
Event: 207.758 GC heap before
{Heap before GC invocations=103 (full 0):
 garbage-first heap   total 270336K, used 232036K [0x0000000080000000, 0x0000000100000000)
  region size 1024K, 27 young (27648K), 4 survivors (4096K)
 Metaspace       used 139226K, capacity 142821K, committed 142976K, reserved 1173504K
  class space    used 16948K, capacity 18281K, committed 18304K, reserved 1048576K
}
Event: 207.783 GC heap after
{Heap after GC invocations=104 (full 0):
 garbage-first heap   total 270336K, used 213261K [0x0000000080000000, 0x0000000100000000)
  region size 1024K, 4 young (4096K), 4 survivors (4096K)
 Metaspace       used 139226K, capacity 142821K, committed 142976K, reserved 1173504K
  class space    used 16948K, capacity 18281K, committed 18304K, reserved 1048576K
}
Event: 207.897 GC heap before
{Heap before GC invocations=104 (full 0):
 garbage-first heap   total 270336K, used 232717K [0x0000000080000000, 0x0000000100000000)
  region size 1024K, 23 young (23552K), 4 survivors (4096K)
 Metaspace       used 139304K, capacity 142909K, committed 142976K, reserved 1173504K
  class space    used 16962K, capacity 18289K, committed 18304K, reserved 1048576K
}
Event: 207.924 GC heap after
{Heap after GC invocations=105 (full 0):
 garbage-first heap   total 342016K, used 216720K [0x0000000080000000, 0x0000000100000000)
  region size 1024K, 3 young (3072K), 3 survivors (3072K)
 Metaspace       used 139304K, capacity 142909K, committed 142976K, reserved 1173504K
  class space    used 16962K, capacity 18289K, committed 18304K, reserved 1048576K
}
Event: 208.372 GC heap before
{Heap before GC invocations=105 (full 0):
 garbage-first heap   total 342016K, used 257680K [0x0000000080000000, 0x0000000100000000)
  region size 1024K, 43 young (44032K), 3 survivors (3072K)
 Metaspace       used 141267K, capacity 144933K, committed 145152K, reserved 1175552K
  class space    used 17293K, capacity 18668K, committed 18688K, reserved 1048576K
}
Event: 208.403 GC heap after
{Heap after GC invocations=106 (full 0):
 garbage-first heap   total 342016K, used 222633K [0x0000000080000000, 0x0000000100000000)
  region size 1024K, 6 young (6144K), 6 survivors (6144K)
 Metaspace       used 141267K, capacity 144933K, committed 145152K, reserved 1175552K
  class space    used 17293K, capacity 18668K, committed 18688K, reserved 1048576K
}
Event: 209.445 GC heap before
{Heap before GC invocations=106 (full 0):
 garbage-first heap   total 342016K, used 263593K [0x0000000080000000, 0x0000000100000000)
  region size 1024K, 46 young (47104K), 6 survivors (6144K)
 Metaspace       used 143418K, capacity 147179K, committed 147328K, reserved 1177600K
  class space    used 17569K, capacity 18975K, committed 19072K, reserved 1048576K
}
Event: 209.470 GC heap after
{Heap after GC invocations=107 (full 0):
 garbage-first heap   total 342016K, used 225516K [0x0000000080000000, 0x0000000100000000)
  region size 1024K, 3 young (3072K), 3 survivors (3072K)
 Metaspace       used 143418K, capacity 147179K, committed 147328K, reserved 1177600K
  class space    used 17569K, capacity 18975K, committed 19072K, reserved 1048576K
}
Event: 210.681 GC heap before
{Heap before GC invocations=107 (full 0):
 garbage-first heap   total 342016K, used 268524K [0x0000000080000000, 0x0000000100000000)
  region size 1024K, 45 young (46080K), 3 survivors (3072K)
 Metaspace       used 144431K, capacity 148211K, committed 148480K, reserved 1179648K
  class space    used 17658K, capacity 19077K, committed 19200K, reserved 1048576K
}
Event: 210.696 GC heap after
{Heap after GC invocations=108 (full 0):
 garbage-first heap   total 342016K, used 225733K [0x0000000080000000, 0x0000000100000000)
  region size 1024K, 3 young (3072K), 3 survivors (3072K)
 Metaspace       used 144431K, capacity 148211K, committed 148480K, reserved 1179648K
  class space    used 17658K, capacity 19077K, committed 19200K, reserved 1048576K
}
Event: 211.357 GC heap before
{Heap before GC invocations=108 (full 0):
 garbage-first heap   total 342016K, used 270789K [0x0000000080000000, 0x0000000100000000)
  region size 1024K, 47 young (48128K), 3 survivors (3072K)
 Metaspace       used 144685K, capacity 148489K, committed 148736K, reserved 1179648K
  class space    used 17659K, capacity 19080K, committed 19200K, reserved 1048576K
}

Deoptimization events (20 events):
Event: 210.101 Thread 0x000001c742a5f000 DEOPT PACKING pc=0x000001c72c7f41e8 sp=0x0000001fcbff9cc0
Event: 210.101 Thread 0x000001c742a5f000 DEOPT UNPACKING pc=0x000001c72406a1af sp=0x0000001fcbff9be8 mode 2
Event: 210.169 Thread 0x000001c74472d800 DEOPT PACKING pc=0x000001c7271798f5 sp=0x0000001fcdbf6520
Event: 210.169 Thread 0x000001c74472d800 DEOPT UNPACKING pc=0x000001c72406a95e sp=0x0000001fcdbf5a10 mode 0
Event: 210.336 Thread 0x000001c73bad3800 DEOPT PACKING pc=0x000001c7271b02eb sp=0x0000001fcb1f97d0
Event: 210.336 Thread 0x000001c73bad3800 DEOPT UNPACKING pc=0x000001c72406a95e sp=0x0000001fcb1f8c78 mode 0
Event: 210.454 Thread 0x000001c74472d800 DEOPT PACKING pc=0x000001c727156ec3 sp=0x0000001fcdbf65a0
Event: 210.454 Thread 0x000001c74472d800 DEOPT UNPACKING pc=0x000001c72406a95e sp=0x0000001fcdbf5b38 mode 0
Event: 210.576 Thread 0x000001c74472d800 Uncommon trap: trap_request=0xffffff4d fr.pc=0x000001c72c7e48dc relative=0x000000000000047c
Event: 210.576 Thread 0x000001c74472d800 Uncommon trap: reason=unstable_if action=reinterpret pc=0x000001c72c7e48dc method=com.android.tools.r8.internal.dt.a(ILjava/lang/Object;)Ljava/lang/Object; @ 8 c2
Event: 210.576 Thread 0x000001c74472d800 DEOPT PACKING pc=0x000001c72c7e48dc sp=0x0000001fcdbf66f0
Event: 210.576 Thread 0x000001c74472d800 DEOPT UNPACKING pc=0x000001c72406a1af sp=0x0000001fcdbf66b8 mode 2
Event: 210.760 Thread 0x000001c73bad3800 Uncommon trap: trap_request=0xffffff4d fr.pc=0x000001c72c7f34f8 relative=0x00000000000000b8
Event: 210.760 Thread 0x000001c73bad3800 Uncommon trap: reason=unstable_if action=reinterpret pc=0x000001c72c7f34f8 method=com.android.tools.r8.internal.E20.a(Lcom/android/tools/r8/internal/o10;)Lcom/android/tools/r8/internal/E20; @ 37 c2
Event: 210.760 Thread 0x000001c73bad3800 DEOPT PACKING pc=0x000001c72c7f34f8 sp=0x0000001fcb1f96f0
Event: 210.760 Thread 0x000001c73bad3800 DEOPT UNPACKING pc=0x000001c72406a1af sp=0x0000001fcb1f9628 mode 2
Event: 210.977 Thread 0x000001c74472d800 DEOPT PACKING pc=0x000001c72728bd48 sp=0x0000001fcdbf6630
Event: 210.977 Thread 0x000001c74472d800 DEOPT UNPACKING pc=0x000001c72406a95e sp=0x0000001fcdbf5c00 mode 0
Event: 210.995 Thread 0x000001c74472d800 DEOPT PACKING pc=0x000001c72722605b sp=0x0000001fcdbf6660
Event: 210.995 Thread 0x000001c74472d800 DEOPT UNPACKING pc=0x000001c72406a95e sp=0x0000001fcdbf5cc0 mode 0

Classes redefined (0 events):
No events

Internal exceptions (20 events):
Event: 204.669 Thread 0x000001c7416a3800 Exception <a 'sun/nio/fs/WindowsException'{0x000000008e0564d0}> (0x000000008e0564d0) thrown at [./src/hotspot/share/prims/jni.cpp, line 616]
Event: 204.699 Thread 0x000001c73bae0000 Exception <a 'sun/nio/fs/WindowsException'{0x000000008e0b22f8}> (0x000000008e0b22f8) thrown at [./src/hotspot/share/prims/jni.cpp, line 616]
Event: 204.807 Thread 0x000001c7416a3800 Exception <a 'sun/nio/fs/WindowsException'{0x0000000090694778}> (0x0000000090694778) thrown at [./src/hotspot/share/prims/jni.cpp, line 616]
Event: 205.656 Thread 0x000001c74472d800 Exception <a 'sun/nio/fs/WindowsException'{0x000000009073c418}> (0x000000009073c418) thrown at [./src/hotspot/share/prims/jni.cpp, line 616]
Event: 205.821 Thread 0x000001c742a5f000 Exception <a 'sun/nio/fs/WindowsException'{0x000000008ee1c6c8}> (0x000000008ee1c6c8) thrown at [./src/hotspot/share/prims/jni.cpp, line 616]
Event: 205.827 Thread 0x000001c742a5f000 Exception <a 'java/lang/NoSuchMethodError'{0x000000008eefe998}: 'java.lang.Object java.lang.invoke.DirectMethodHandle$Holder.newInvokeSpecial(java.lang.Object, int)'> (0x000000008eefe998) thrown at [./src/hotspot/share/interpreter/linkResolver.cpp, line 773]
Event: 205.827 Thread 0x000001c74472d800 Exception <a 'java/lang/NoSuchMethodError'{0x000000008eecfb18}: 'java.lang.Object java.lang.invoke.DirectMethodHandle$Holder.newInvokeSpecial(java.lang.Object, int)'> (0x000000008eecfb18) thrown at [./src/hotspot/share/interpreter/linkResolver.cpp, line 773]
Event: 205.828 Thread 0x000001c73bad3800 Exception <a 'sun/nio/fs/WindowsException'{0x000000008ed1ecc8}> (0x000000008ed1ecc8) thrown at [./src/hotspot/share/prims/jni.cpp, line 616]
Event: 206.040 Thread 0x000001c742a5f000 Exception <a 'java/lang/NoSuchMethodError'{0x000000008e603a50}: 'java.lang.Object java.lang.invoke.DirectMethodHandle$Holder.invokeStaticInit(java.lang.Object, java.lang.Object, java.lang.Object, java.lang.Object, java.lang.Object, java.lang.Object, java.lang.Object, java.lang.Object, java.lang.Object, java.lang.Object, java.lang.Object, java.lang.Object, java.lang.Object, java.lang.Object, java.lang.Object, java.lang.Object, java.lang.Object, java.lang.Object, int, java.lang.Object, java.lang.Object)'> (0
Event: 206.084 Thread 0x000001c742a5f000 Exception <a 'java/lang/IncompatibleClassChangeError'{0x000000008e51d868}: Found class java.lang.Object, but interface was expected> (0x000000008e51d868) thrown at [./src/hotspot/share/interpreter/linkResolver.cpp, line 839]
Event: 206.084 Thread 0x000001c73bad3800 Exception <a 'java/lang/IncompatibleClassChangeError'{0x000000008e69fe98}: Found class java.lang.Object, but interface was expected> (0x000000008e69fe98) thrown at [./src/hotspot/share/interpreter/linkResolver.cpp, line 839]
Event: 206.084 Thread 0x000001c74472d800 Exception <a 'java/lang/IncompatibleClassChangeError'{0x000000008e7940d8}: Found class java.lang.Object, but interface was expected> (0x000000008e7940d8) thrown at [./src/hotspot/share/interpreter/linkResolver.cpp, line 839]
Event: 206.821 Thread 0x000001c742a5f000 Exception <a 'java/lang/IncompatibleClassChangeError'{0x000000008e702fa0}: Found class java.lang.Object, but interface was expected> (0x000000008e702fa0) thrown at [./src/hotspot/share/interpreter/linkResolver.cpp, line 839]
Event: 206.822 Thread 0x000001c74472d800 Exception <a 'java/lang/IncompatibleClassChangeError'{0x000000008e8ff6e0}: Found class java.lang.Object, but interface was expected> (0x000000008e8ff6e0) thrown at [./src/hotspot/share/interpreter/linkResolver.cpp, line 839]
Event: 207.522 Thread 0x000001c74472d800 Exception <a 'java/lang/NoSuchMethodError'{0x000000008f15d788}: 'java.lang.Object java.lang.invoke.DirectMethodHandle$Holder.invokeStatic(java.lang.Object, int, java.lang.Object, java.lang.Object)'> (0x000000008f15d788) thrown at [./src/hotspot/share/interpreter/linkResolver.cpp, line 773]
Event: 208.085 Thread 0x000001c74472d800 Exception <a 'java/lang/IncompatibleClassChangeError'{0x0000000093dc4900}: Found class java.lang.Object, but interface was expected> (0x0000000093dc4900) thrown at [./src/hotspot/share/interpreter/linkResolver.cpp, line 839]
Event: 208.086 Thread 0x000001c74472d800 Exception <a 'java/lang/IncompatibleClassChangeError'{0x0000000093c48658}: Found class java.lang.Object, but interface was expected> (0x0000000093c48658) thrown at [./src/hotspot/share/interpreter/linkResolver.cpp, line 839]
Event: 208.258 Thread 0x000001c742a5f000 Exception <a 'java/lang/NoSuchMethodError'{0x0000000092c1ef70}: 'void java.lang.invoke.DirectMethodHandle$Holder.invokeSpecial(java.lang.Object, java.lang.Object, int, java.lang.Object)'> (0x0000000092c1ef70) thrown at [./src/hotspot/share/interpreter/linkResolver.cpp, line 773]
Event: 208.860 Thread 0x000001c742a5f000 Exception <a 'java/lang/NoSuchMethodError'{0x0000000093bfc760}: 'java.lang.Object java.lang.invoke.DirectMethodHandle$Holder.invokeInterface(java.lang.Object, java.lang.Object, int)'> (0x0000000093bfc760) thrown at [./src/hotspot/share/interpreter/linkResolver.cpp, line 773]
Event: 210.870 Thread 0x000001c742a5f000 Exception <a 'java/lang/NoSuchMethodError'{0x000000009439c200}: 'int java.lang.invoke.DirectMethodHandle$Holder.invokeInterface(java.lang.Object, java.lang.Object, int)'> (0x000000009439c200) thrown at [./src/hotspot/share/interpreter/linkResolver.cpp, line 773]

Events (20 events):
Event: 210.234 loading class com/android/tools/r8/code/G2 done
Event: 210.239 loading class com/android/tools/r8/internal/kH
Event: 210.239 loading class com/android/tools/r8/internal/kH done
Event: 210.295 Executing VM operation: ICBufferFull
Event: 210.301 Executing VM operation: ICBufferFull done
Event: 210.627 Executing VM operation: ICBufferFull
Event: 210.632 Executing VM operation: ICBufferFull done
Event: 210.680 Executing VM operation: G1CollectForAllocation
Event: 210.696 Executing VM operation: G1CollectForAllocation done
Event: 210.870 Executing VM operation: BulkRevokeBias
Event: 210.885 Executing VM operation: BulkRevokeBias done
Event: 210.901 loading class com/android/tools/r8/internal/Ut
Event: 210.901 loading class com/android/tools/r8/internal/Ut done
Event: 211.138 loading class com/android/tools/r8/internal/SE
Event: 211.138 loading class com/android/tools/r8/internal/SE done
Event: 211.138 loading class com/android/tools/r8/internal/SE
Event: 211.138 loading class com/android/tools/r8/internal/SE done
Event: 211.342 Executing VM operation: ICBufferFull
Event: 211.344 Executing VM operation: ICBufferFull done
Event: 211.357 Executing VM operation: G1CollectForAllocation


Dynamic libraries:
0x00007ff760b60000 - 0x00007ff760b6a000 	D:\Program Files\Android Studio\jre\bin\java.exe
0x00007ffea2990000 - 0x00007ffea2b88000 	C:\Windows\SYSTEM32\ntdll.dll
0x00007ffea18d0000 - 0x00007ffea198d000 	C:\Windows\System32\KERNEL32.DLL
0x00007ffea0290000 - 0x00007ffea055e000 	C:\Windows\System32\KERNELBASE.dll
0x00007ffea07e0000 - 0x00007ffea08e0000 	C:\Windows\System32\ucrtbase.dll
0x00007ffe76180000 - 0x00007ffe76199000 	D:\Program Files\Android Studio\jre\bin\jli.dll
0x00007ffe6b370000 - 0x00007ffe6b387000 	D:\Program Files\Android Studio\jre\bin\VCRUNTIME140.dll
0x00007ffea1a40000 - 0x00007ffea1be0000 	C:\Windows\System32\USER32.dll
0x00007ffea0970000 - 0x00007ffea0992000 	C:\Windows\System32\win32u.dll
0x00007ffea1640000 - 0x00007ffea166a000 	C:\Windows\System32\GDI32.dll
0x00007ffea00e0000 - 0x00007ffea01eb000 	C:\Windows\System32\gdi32full.dll
0x00007ffea01f0000 - 0x00007ffea028d000 	C:\Windows\System32\msvcp_win.dll
0x00007ffe8ab90000 - 0x00007ffe8ae2a000 	C:\Windows\WinSxS\amd64_microsoft.windows.common-controls_6595b64144ccf1df_6.0.19041.1110_none_60b5254171f9507e\COMCTL32.dll
0x00007ffea25e0000 - 0x00007ffea267e000 	C:\Windows\System32\msvcrt.dll
0x00007ffea2920000 - 0x00007ffea2950000 	C:\Windows\System32\IMM32.DLL
0x00007ffe4d7e0000 - 0x00007ffe4d87d000 	D:\Program Files\Android Studio\jre\bin\msvcp140.dll
0x00007ffe0cf50000 - 0x00007ffe0da52000 	D:\Program Files\Android Studio\jre\bin\server\jvm.dll
0x00007ffea1c50000 - 0x00007ffea1cfe000 	C:\Windows\System32\ADVAPI32.dll
0x00007ffea2820000 - 0x00007ffea28bc000 	C:\Windows\System32\sechost.dll
0x00007ffea1670000 - 0x00007ffea1795000 	C:\Windows\System32\RPCRT4.dll
0x00007ffea2810000 - 0x00007ffea2818000 	C:\Windows\System32\PSAPI.DLL
0x00007ffe832a0000 - 0x00007ffe832a9000 	C:\Windows\SYSTEM32\WSOCK32.dll
0x00007ffe94ff0000 - 0x00007ffe95017000 	C:\Windows\SYSTEM32\WINMM.dll
0x00007ffea1be0000 - 0x00007ffea1c4b000 	C:\Windows\System32\WS2_32.dll
0x00007ffe96fb0000 - 0x00007ffe96fba000 	C:\Windows\SYSTEM32\VERSION.dll
0x00007ffe9e960000 - 0x00007ffe9e972000 	C:\Windows\SYSTEM32\kernel.appcore.dll
0x00007ffe9b4d0000 - 0x00007ffe9b4e1000 	D:\Program Files\Android Studio\jre\bin\verify.dll
0x00007ffe97950000 - 0x00007ffe97b34000 	C:\Windows\SYSTEM32\DBGHELP.DLL
0x00007ffe97150000 - 0x00007ffe9717c000 	C:\Windows\SYSTEM32\dbgcore.DLL
0x00007ffea08e0000 - 0x00007ffea0962000 	C:\Windows\System32\bcryptPrimitives.dll
0x00007ffe8c430000 - 0x00007ffe8c459000 	D:\Program Files\Android Studio\jre\bin\java.dll
0x00007ffe9b490000 - 0x00007ffe9b49b000 	D:\Program Files\Android Studio\jre\bin\jimage.dll
0x00007ffe9a1e0000 - 0x00007ffe9a1f8000 	D:\Program Files\Android Studio\jre\bin\zip.dll
0x00007ffea0a50000 - 0x00007ffea1193000 	C:\Windows\System32\SHELL32.dll
0x00007ffe9df20000 - 0x00007ffe9e6b5000 	C:\Windows\SYSTEM32\windows.storage.dll
0x00007ffea11c0000 - 0x00007ffea1514000 	C:\Windows\System32\combase.dll
0x00007ffe9fa40000 - 0x00007ffe9fa70000 	C:\Windows\SYSTEM32\Wldp.dll
0x00007ffea1990000 - 0x00007ffea1a3d000 	C:\Windows\System32\SHCORE.dll
0x00007ffea28c0000 - 0x00007ffea2915000 	C:\Windows\System32\shlwapi.dll
0x00007ffe9fff0000 - 0x00007ffea000f000 	C:\Windows\SYSTEM32\profapi.dll
0x00007ffe9a190000 - 0x00007ffe9a1aa000 	D:\Program Files\Android Studio\jre\bin\net.dll
0x00007ffe8daf0000 - 0x00007ffe8dbfa000 	C:\Windows\SYSTEM32\WINHTTP.dll
0x00007ffe9f7a0000 - 0x00007ffe9f80a000 	C:\Windows\system32\mswsock.dll
0x00007ffe9a160000 - 0x00007ffe9a174000 	D:\Program Files\Android Studio\jre\bin\nio.dll
0x00007ffe8b2c0000 - 0x00007ffe8b2e7000 	C:\Users\evriv\.gradle\native\e1d6ef7f7dcc3fd88c89a11ec53ec762bb8ba0a96d01ffa2cd45eb1d1d8dd5c5\windows-amd64\native-platform.dll
0x00007ffe4bff0000 - 0x00007ffe4c134000 	C:\Users\evriv\.gradle\native\0d407fdbe67a94daf76414ababcb853783967236a71b16ec16e742cd7a986fd3\windows-amd64\native-platform-file-events.dll
0x00007ffe9a120000 - 0x00007ffe9a12a000 	D:\Program Files\Android Studio\jre\bin\management.dll
0x00007ffe99420000 - 0x00007ffe9942d000 	D:\Program Files\Android Studio\jre\bin\management_ext.dll
0x00007ffe9f990000 - 0x00007ffe9f9a8000 	C:\Windows\SYSTEM32\CRYPTSP.dll
0x00007ffe9f120000 - 0x00007ffe9f154000 	C:\Windows\system32\rsaenh.dll
0x00007ffea00b0000 - 0x00007ffea00d7000 	C:\Windows\System32\bcrypt.dll
0x00007ffe9ffb0000 - 0x00007ffe9ffde000 	C:\Windows\SYSTEM32\USERENV.dll
0x00007ffe9f9b0000 - 0x00007ffe9f9bc000 	C:\Windows\SYSTEM32\CRYPTBASE.dll
0x00007ffe9f490000 - 0x00007ffe9f4cb000 	C:\Windows\SYSTEM32\IPHLPAPI.DLL
0x00007ffea2730000 - 0x00007ffea2738000 	C:\Windows\System32\NSI.dll
0x00007ffe96f00000 - 0x00007ffe96f17000 	C:\Windows\SYSTEM32\dhcpcsvc6.DLL
0x00007ffe97c50000 - 0x00007ffe97c6d000 	C:\Windows\SYSTEM32\dhcpcsvc.DLL
0x00007ffe9f4d0000 - 0x00007ffe9f59a000 	C:\Windows\SYSTEM32\DNSAPI.dll
0x00007ffe8c260000 - 0x00007ffe8c287000 	D:\Program Files\Android Studio\jre\bin\sunec.dll
0x00007ffe8e460000 - 0x00007ffe8e46a000 	C:\Windows\System32\rasadhlp.dll
0x00007ffe8d660000 - 0x00007ffe8d6e0000 	C:\Windows\System32\fwpuclnt.dll
0x00007ffe9edf0000 - 0x00007ffe9ee23000 	C:\Windows\SYSTEM32\ntmarta.dll

dbghelp: loaded successfully - version: 4.0.5 - missing functions: none
symbol engine: initialized successfully - sym options: 0x614 - pdb path: .;D:\Program Files\Android Studio\jre\bin;C:\Windows\SYSTEM32;C:\Windows\WinSxS\amd64_microsoft.windows.common-controls_6595b64144ccf1df_6.0.19041.1110_none_60b5254171f9507e;D:\Program Files\Android Studio\jre\bin\server;C:\Users\evriv\.gradle\native\e1d6ef7f7dcc3fd88c89a11ec53ec762bb8ba0a96d01ffa2cd45eb1d1d8dd5c5\windows-amd64;C:\Users\evriv\.gradle\native\0d407fdbe67a94daf76414ababcb853783967236a71b16ec16e742cd7a986fd3\windows-amd64

VM Arguments:
jvm_args: --add-opens=java.base/java.util=ALL-UNNAMED --add-opens=java.base/java.lang=ALL-UNNAMED --add-opens=java.base/java.lang.invoke=ALL-UNNAMED --add-opens=java.base/java.util=ALL-UNNAMED --add-opens=java.prefs/java.util.prefs=ALL-UNNAMED --add-opens=java.prefs/java.util.prefs=ALL-UNNAMED --add-opens=java.base/java.nio.charset=ALL-UNNAMED --add-opens=java.base/java.net=ALL-UNNAMED --add-opens=java.base/java.util.concurrent.atomic=ALL-UNNAMED -Xmx2048m -Dfile.encoding=UTF-8 -Duser.country=US -Duser.language=en -Duser.variant 
java_command: org.gradle.launcher.daemon.bootstrap.GradleDaemon 7.4
java_class_path (initial): C:\Users\evriv\.gradle\wrapper\dists\gradle-7.4-bin\c0gwcg53nkjbqw7r0h0umtfvt\gradle-7.4\lib\gradle-launcher-7.4.jar
Launcher Type: SUN_STANDARD

[Global flags]
     intx CICompilerCount                          = 3                                         {product} {ergonomic}
     uint ConcGCThreads                            = 1                                         {product} {ergonomic}
     uint G1ConcRefinementThreads                  = 4                                         {product} {ergonomic}
   size_t G1HeapRegionSize                         = 1048576                                   {product} {ergonomic}
    uintx GCDrainStackTargetSize                   = 64                                        {product} {ergonomic}
   size_t InitialHeapSize                          = 132120576                                 {product} {ergonomic}
   size_t MarkStackSize                            = 4194304                                   {product} {ergonomic}
   size_t MaxHeapSize                              = 2147483648                                {product} {command line}
   size_t MaxNewSize                               = 1287651328                                {product} {ergonomic}
   size_t MinHeapDeltaBytes                        = 1048576                                   {product} {ergonomic}
    uintx NonNMethodCodeHeapSize                   = 5830732                                {pd product} {ergonomic}
    uintx NonProfiledCodeHeapSize                  = 122913754                              {pd product} {ergonomic}
    uintx ProfiledCodeHeapSize                     = 122913754                              {pd product} {ergonomic}
    uintx ReservedCodeCacheSize                    = 251658240                              {pd product} {ergonomic}
     bool SegmentedCodeCache                       = true                                      {product} {ergonomic}
     bool UseCompressedClassPointers               = true                                 {lp64_product} {ergonomic}
     bool UseCompressedOops                        = true                                 {lp64_product} {ergonomic}
     bool UseG1GC                                  = true                                      {product} {ergonomic}
     bool UseLargePagesIndividualAllocation        = false                                  {pd product} {ergonomic}

Logging:
Log output configuration:
 #0: stdout all=warning uptime,level,tags
 #1: stderr all=off uptime,level,tags

Environment Variables:
PATH=C:\Windows\System32\HWAudioDriverLibs;C:\Program Files\Common Files\Oracle\Java\javapath;C:\Windows\system32;C:\Windows;C:\Windows\System32\Wbem;C:\Windows\System32\WindowsPowerShell\v1.0\;C:\Windows\System32\OpenSSH\;C:\Program Files\dotnet\;C:\Program Files\Microsoft SQL Server\130\Tools\Binn\;C:\Program Files\nodejs\;C:\Windows\system32\config\systemprofile\AppData\Local\Microsoft\WindowsApps;C:\Program Files\MEGA11;C:\Users\evriv\AppData\Local\Programs\Python\Python39\Scripts\;C:\Users\evriv\AppData\Local\Programs\Python\Python39\;C:\Users\evriv\AppData\Local\Microsoft\WindowsApps;C:\Users\evriv\AppData\Local\Programs\Microsoft VS Code\bin;C:\Users\evriv\AppData\Roaming\npm;C:\Users\evriv\AppData\Local\Programs\mongosh\;C:\Users\evriv\AppData\Local\GitHubDesktop\bin;C:\Users\evriv\.dotnet\tools
USERNAME=evriv
OS=Windows_NT
PROCESSOR_IDENTIFIER=Intel64 Family 6 Model 142 Stepping 12, GenuineIntel



---------------  S Y S T E M  ---------------

OS: Windows 10 , 64 bit Build 19041 (10.0.19041.1889)
OS uptime: 1 days 6:44 hours

CPU:total 4 (initial active 4) (2 cores per cpu, 2 threads per core) family 6 model 142 stepping 12 microcode 0xde, cmov, cx8, fxsr, mmx, sse, sse2, sse3, ssse3, sse4.1, sse4.2, popcnt, avx, avx2, aes, clmul, erms, 3dnowpref, lzcnt, ht, tsc, tscinvbit, bmi1, bmi2, adx, fma

Memory: 4k page, system-wide physical 8025M (553M free)
TotalPageFile size 10073M (AvailPageFile size 52M)
current process WorkingSet (physical memory assigned to process): 739M, peak: 739M
current process commit charge ("private bytes"): 800M, peak: 878M

vm_info: OpenJDK 64-Bit Server VM (11.0.13+0-b1751.21-8125866) for windows-amd64 JRE (11.0.13+0-b1751.21-8125866), built on Feb  2 2022 03:00:22 by "builder" with MS VC++ 14.0 (VS2015)

END.
