#
# There is insufficient memory for the Java Runtime Environment to continue.
# Native memory allocation (malloc) failed to allocate 65552 bytes for Chunk::new
# Possible reasons:
#   The system is out of physical RAM or swap space
#   The process is running with CompressedOops enabled, and the Java Heap may be blocking the growth of the native heap
# Possible solutions:
#   Reduce memory load on the system
#   Increase physical memory or swap space
#   Check if swap backing store is full
#   Decrease Java heap size (-Xmx/-Xms)
#   Decrease number of Java threads
#   Decrease Java thread stack sizes (-Xss)
#   Set larger code cache with -XX:ReservedCodeCacheSize=
#   JVM is running with Unscaled Compressed Oops mode in which the Java heap is
#     placed in the first 4GB address space. The Java Heap base address is the
#     maximum limit for the native heap growth. Please use -XX:HeapBaseMinAddress
#     to set the Java Heap base and to place the Java Heap above 4GB virtual address.
# This output file may be truncated or incomplete.
#
#  Out of Memory Error (./src/hotspot/share/memory/arena.cpp:197), pid=9756, tid=7132
#
# JRE version: OpenJDK Runtime Environment (11.0.13) (build 11.0.13+0-b1751.21-8125866)
# Java VM: OpenJDK 64-Bit Server VM (11.0.13+0-b1751.21-8125866, mixed mode, tiered, compressed oops, g1 gc, windows-amd64)
# No core dump will be written. Minidumps are not enabled by default on client versions of Windows
#

---------------  S U M M A R Y ------------

Command Line: --add-opens=java.base/java.util=ALL-UNNAMED --add-opens=java.base/java.lang=ALL-UNNAMED --add-opens=java.base/java.lang.invoke=ALL-UNNAMED --add-opens=java.base/java.util=ALL-UNNAMED --add-opens=java.prefs/java.util.prefs=ALL-UNNAMED --add-opens=java.prefs/java.util.prefs=ALL-UNNAMED --add-opens=java.base/java.nio.charset=ALL-UNNAMED --add-opens=java.base/java.net=ALL-UNNAMED --add-opens=java.base/java.util.concurrent.atomic=ALL-UNNAMED -Xmx2048m -Dfile.encoding=UTF-8 -Duser.country=US -Duser.language=en -Duser.variant org.gradle.launcher.daemon.bootstrap.GradleDaemon 7.4

Host: Intel(R) Core(TM) i3-10110U CPU @ 2.10GHz, 4 cores, 7G,  Windows 10 , 64 bit Build 19041 (10.0.19041.1889)
Time: Thu Nov  3 20:37:29 2022 Namibia Standard Time elapsed time: 20.957919 seconds (0d 0h 0m 20s)

---------------  T H R E A D  ---------------

Current thread (0x0000020b21bc2000):  JavaThread "C2 CompilerThread0" daemon [_thread_in_native, id=7132, stack(0x000000d78cc00000,0x000000d78cd00000)]


Current CompileTask:
C2:  20958 10079       4       org.gradle.internal.reflect.ClassInspector::inspectClass (179 bytes)

Stack: [0x000000d78cc00000,0x000000d78cd00000]
Native frames: (J=compiled Java code, j=interpreted, Vv=VM code, C=native code)
V  [jvm.dll+0x6100fa]
V  [jvm.dll+0x747090]
V  [jvm.dll+0x7486ad]
V  [jvm.dll+0x748d83]
V  [jvm.dll+0x24ab48]
V  [jvm.dll+0xc04dc]
V  [jvm.dll+0xc0a0c]
V  [jvm.dll+0xc060c]
V  [jvm.dll+0x5eed90]
V  [jvm.dll+0x5244d2]
V  [jvm.dll+0x204802]
V  [jvm.dll+0x2023c2]
V  [jvm.dll+0x188e01]
V  [jvm.dll+0x21106b]
V  [jvm.dll+0x20f8c1]
V  [jvm.dll+0x70de0f]
V  [jvm.dll+0x706a75]
V  [jvm.dll+0x60ed66]
C  [ucrtbase.dll+0x21bb2]
C  [KERNEL32.DLL+0x17034]
C  [ntdll.dll+0x526a1]


---------------  P R O C E S S  ---------------

Threads class SMR info:
_java_thread_list=0x0000020b286364c0, length=87, elements={
0x0000020b0603b000, 0x0000020b21b9e800, 0x0000020b21ba3800, 0x0000020b21bbc800,
0x0000020b21bbf800, 0x0000020b21bc1000, 0x0000020b21bc2000, 0x0000020b21bcf000,
0x0000020b21be9000, 0x0000020b2269e000, 0x0000020b24ed0800, 0x0000020b22816000,
0x0000020b250a6000, 0x0000020b24e8f800, 0x0000020b25028800, 0x0000020b23285800,
0x0000020b248d2000, 0x0000020b24a92800, 0x0000020b2345e000, 0x0000020b258d4000,
0x0000020b24aeb000, 0x0000020b24ae9800, 0x0000020b24ae8000, 0x0000020b24aea800,
0x0000020b24aec000, 0x0000020b24ae7000, 0x0000020b24ae6000, 0x0000020b24ae8800,
0x0000020b24aec800, 0x0000020b2621f000, 0x0000020b26220800, 0x0000020b26223000,
0x0000020b2621f800, 0x0000020b26222000, 0x0000020b26228800, 0x0000020b26229800,
0x0000020b26224000, 0x0000020b26228000, 0x0000020b2622a800, 0x0000020b26224800,
0x0000020b2622c000, 0x0000020b26226800, 0x0000020b2622d000, 0x0000020b2622b000,
0x0000020b26227000, 0x0000020b2622d800, 0x0000020b2639d800, 0x0000020b26399800,
0x0000020b26399000, 0x0000020b26398000, 0x0000020b2639f800, 0x0000020b2639e800,
0x0000020b2639d000, 0x0000020b2639c000, 0x0000020b2639a800, 0x0000020b263a0000,
0x0000020b263a1000, 0x0000020b2639b000, 0x0000020b263a5000, 0x0000020b263a3800,
0x0000020b263a2800, 0x0000020b263a4000, 0x0000020b263a2000, 0x0000020b263a6800,
0x0000020b263a6000, 0x0000020b28399800, 0x0000020b28398000, 0x0000020b2839d000,
0x0000020b28398800, 0x0000020b2839c000, 0x0000020b2839d800, 0x0000020b283a0000,
0x0000020b2839a800, 0x0000020b283a1000, 0x0000020b2839b000, 0x0000020b283a2800,
0x0000020b283a3800, 0x0000020b283a4000, 0x0000020b283a1800, 0x0000020b283a5000,
0x0000020b2839f000, 0x0000020b283a6000, 0x0000020b283a6800, 0x0000020b29f24800,
0x0000020b29f26800, 0x0000020b29f22000, 0x0000020b29f27000
}

Java Threads: ( => current thread )
  0x0000020b0603b000 JavaThread "main" [_thread_blocked, id=7496, stack(0x000000d78c000000,0x000000d78c100000)]
  0x0000020b21b9e800 JavaThread "Reference Handler" daemon [_thread_blocked, id=14616, stack(0x000000d78c700000,0x000000d78c800000)]
  0x0000020b21ba3800 JavaThread "Finalizer" daemon [_thread_blocked, id=5380, stack(0x000000d78c800000,0x000000d78c900000)]
  0x0000020b21bbc800 JavaThread "Signal Dispatcher" daemon [_thread_blocked, id=13156, stack(0x000000d78c900000,0x000000d78ca00000)]
  0x0000020b21bbf800 JavaThread "Attach Listener" daemon [_thread_blocked, id=15284, stack(0x000000d78ca00000,0x000000d78cb00000)]
  0x0000020b21bc1000 JavaThread "Service Thread" daemon [_thread_blocked, id=5404, stack(0x000000d78cb00000,0x000000d78cc00000)]
=>0x0000020b21bc2000 JavaThread "C2 CompilerThread0" daemon [_thread_in_native, id=7132, stack(0x000000d78cc00000,0x000000d78cd00000)]
  0x0000020b21bcf000 JavaThread "C1 CompilerThread0" daemon [_thread_blocked, id=14652, stack(0x000000d78cd00000,0x000000d78ce00000)]
  0x0000020b21be9000 JavaThread "Sweeper thread" daemon [_thread_blocked, id=10488, stack(0x000000d78ce00000,0x000000d78cf00000)]
  0x0000020b2269e000 JavaThread "Common-Cleaner" daemon [_thread_blocked, id=7504, stack(0x000000d78cf00000,0x000000d78d000000)]
  0x0000020b24ed0800 JavaThread "Daemon health stats" [_thread_blocked, id=2508, stack(0x000000d78d400000,0x000000d78d500000)]
  0x0000020b22816000 JavaThread "Incoming local TCP Connector on port 50256" [_thread_in_native, id=5384, stack(0x000000d78d100000,0x000000d78d200000)]
  0x0000020b250a6000 JavaThread "Daemon periodic checks" [_thread_blocked, id=6876, stack(0x000000d78d500000,0x000000d78d600000)]
  0x0000020b24e8f800 JavaThread "Daemon" [_thread_blocked, id=11496, stack(0x000000d78d600000,0x000000d78d700000)]
  0x0000020b25028800 JavaThread "Handler for socket connection from /127.0.0.1:50256 to /127.0.0.1:50257" [_thread_in_native, id=2448, stack(0x000000d78d700000,0x000000d78d800000)]
  0x0000020b23285800 JavaThread "Cancel handler" [_thread_blocked, id=9716, stack(0x000000d78d800000,0x000000d78d900000)]
  0x0000020b248d2000 JavaThread "Daemon worker" [_thread_blocked, id=4284, stack(0x000000d78d900000,0x000000d78da00000)]
  0x0000020b24a92800 JavaThread "Asynchronous log dispatcher for DefaultDaemonConnection: socket connection from /127.0.0.1:50256 to /127.0.0.1:50257" [_thread_blocked, id=5416, stack(0x000000d78da00000,0x000000d78db00000)]
  0x0000020b2345e000 JavaThread "Stdin handler" [_thread_blocked, id=2100, stack(0x000000d78db00000,0x000000d78dc00000)]
  0x0000020b258d4000 JavaThread "Daemon client event forwarder" [_thread_blocked, id=12488, stack(0x000000d78dc00000,0x000000d78dd00000)]
  0x0000020b24aeb000 JavaThread "Cache worker for journal cache (C:\Users\evriv\.gradle\caches\journal-1)" [_thread_blocked, id=2256, stack(0x000000d78de00000,0x000000d78df00000)]
  0x0000020b24ae9800 JavaThread "File lock request listener" [_thread_in_native, id=5752, stack(0x000000d78df00000,0x000000d78e000000)]
  0x0000020b24ae8000 JavaThread "Cache worker for file hash cache (C:\Users\evriv\.gradle\caches\7.4\fileHashes)" [_thread_blocked, id=2120, stack(0x000000d78e000000,0x000000d78e100000)]
  0x0000020b24aea800 JavaThread "File watcher server" daemon [_thread_in_native, id=8232, stack(0x000000d78e200000,0x000000d78e300000)]
  0x0000020b24aec000 JavaThread "File watcher consumer" daemon [_thread_blocked, id=9664, stack(0x000000d78e300000,0x000000d78e400000)]
  0x0000020b24ae7000 JavaThread "Cache worker for checksums cache (C:\Users\evriv\AndroidStudioProjects\MyPOIs\.gradle\7.4\checksums)" [_thread_blocked, id=12364, stack(0x000000d78e400000,0x000000d78e500000)]
  0x0000020b24ae6000 JavaThread "Cache worker for cache directory md-rule (C:\Users\evriv\.gradle\caches\7.4\md-rule)" [_thread_blocked, id=8364, stack(0x000000d78e500000,0x000000d78e600000)]
  0x0000020b24ae8800 JavaThread "Cache worker for file hash cache (C:\Users\evriv\AndroidStudioProjects\MyPOIs\.gradle\7.4\fileHashes)" [_thread_blocked, id=11060, stack(0x000000d78e600000,0x000000d78e700000)]
  0x0000020b24aec800 JavaThread "Cache worker for cache directory md-supplier (C:\Users\evriv\.gradle\caches\7.4\md-supplier)" [_thread_blocked, id=12400, stack(0x000000d78e700000,0x000000d78e800000)]
  0x0000020b2621f000 JavaThread "Cache worker for execution history cache (C:\Users\evriv\.gradle\caches\7.4\executionHistory)" [_thread_blocked, id=11332, stack(0x000000d78e800000,0x000000d78e900000)]
  0x0000020b26220800 JavaThread "jar transforms" [_thread_blocked, id=14664, stack(0x000000d78e100000,0x000000d78e200000)]
  0x0000020b26223000 JavaThread "Cache worker for file content cache (C:\Users\evriv\.gradle\caches\7.4\fileContent)" [_thread_blocked, id=7964, stack(0x000000d78e900000,0x000000d78ea00000)]
  0x0000020b2621f800 JavaThread "jar transforms Thread 2" [_thread_blocked, id=11968, stack(0x000000d78ea00000,0x000000d78eb00000)]
  0x0000020b26222000 JavaThread "Cache worker for dependencies-accessors (C:\Users\evriv\AndroidStudioProjects\MyPOIs\.gradle\7.4\dependencies-accessors)" [_thread_blocked, id=1528, stack(0x000000d78eb00000,0x000000d78ec00000)]
  0x0000020b26228800 JavaThread "jar transforms Thread 3" [_thread_blocked, id=14000, stack(0x000000d78ed00000,0x000000d78ee00000)]
  0x0000020b26229800 JavaThread "Cache worker for Build Output Cleanup Cache (C:\Users\evriv\AndroidStudioProjects\MyPOIs\.gradle\buildOutputCleanup)" [_thread_blocked, id=5664, stack(0x000000d78ee00000,0x000000d78ef00000)]
  0x0000020b26224000 JavaThread "Unconstrained build operations" [_thread_blocked, id=14736, stack(0x000000d78ef00000,0x000000d78f000000)]
  0x0000020b26228000 JavaThread "Unconstrained build operations Thread 2" [_thread_blocked, id=13172, stack(0x000000d78f000000,0x000000d78f100000)]
  0x0000020b2622a800 JavaThread "Unconstrained build operations Thread 3" [_thread_blocked, id=13952, stack(0x000000d78f100000,0x000000d78f200000)]
  0x0000020b26224800 JavaThread "Unconstrained build operations Thread 4" [_thread_blocked, id=13724, stack(0x000000d78f200000,0x000000d78f300000)]
  0x0000020b2622c000 JavaThread "Unconstrained build operations Thread 5" [_thread_blocked, id=1216, stack(0x000000d78f300000,0x000000d78f400000)]
  0x0000020b26226800 JavaThread "Unconstrained build operations Thread 6" [_thread_blocked, id=14120, stack(0x000000d78f400000,0x000000d78f500000)]
  0x0000020b2622d000 JavaThread "Unconstrained build operations Thread 7" [_thread_blocked, id=12636, stack(0x000000d78f500000,0x000000d78f600000)]
  0x0000020b2622b000 JavaThread "Unconstrained build operations Thread 8" [_thread_blocked, id=10404, stack(0x000000d78f600000,0x000000d78f700000)]
  0x0000020b26227000 JavaThread "Unconstrained build operations Thread 9" [_thread_blocked, id=12460, stack(0x000000d78f700000,0x000000d78f800000)]
  0x0000020b2622d800 JavaThread "Unconstrained build operations Thread 10" [_thread_blocked, id=7140, stack(0x000000d78f800000,0x000000d78f900000)]
  0x0000020b2639d800 JavaThread "Unconstrained build operations Thread 11" [_thread_blocked, id=6288, stack(0x000000d78f900000,0x000000d78fa00000)]
  0x0000020b26399800 JavaThread "Unconstrained build operations Thread 12" [_thread_blocked, id=2932, stack(0x000000d78fa00000,0x000000d78fb00000)]
  0x0000020b26399000 JavaThread "Unconstrained build operations Thread 13" [_thread_blocked, id=13472, stack(0x000000d78fb00000,0x000000d78fc00000)]
  0x0000020b26398000 JavaThread "Unconstrained build operations Thread 14" [_thread_blocked, id=3780, stack(0x000000d78fc00000,0x000000d78fd00000)]
  0x0000020b2639f800 JavaThread "Unconstrained build operations Thread 15" [_thread_blocked, id=3628, stack(0x000000d78fd00000,0x000000d78fe00000)]
  0x0000020b2639e800 JavaThread "Unconstrained build operations Thread 16" [_thread_blocked, id=1212, stack(0x000000d78fe00000,0x000000d78ff00000)]
  0x0000020b2639d000 JavaThread "Unconstrained build operations Thread 17" [_thread_blocked, id=5688, stack(0x000000d78ff00000,0x000000d790000000)]
  0x0000020b2639c000 JavaThread "Unconstrained build operations Thread 18" [_thread_blocked, id=14156, stack(0x000000d790000000,0x000000d790100000)]
  0x0000020b2639a800 JavaThread "Unconstrained build operations Thread 19" [_thread_blocked, id=9968, stack(0x000000d790100000,0x000000d790200000)]
  0x0000020b263a0000 JavaThread "Unconstrained build operations Thread 20" [_thread_blocked, id=1460, stack(0x000000d790200000,0x000000d790300000)]
  0x0000020b263a1000 JavaThread "Unconstrained build operations Thread 21" [_thread_blocked, id=9864, stack(0x000000d790300000,0x000000d790400000)]
  0x0000020b2639b000 JavaThread "Unconstrained build operations Thread 22" [_thread_blocked, id=1228, stack(0x000000d790400000,0x000000d790500000)]
  0x0000020b263a5000 JavaThread "Unconstrained build operations Thread 23" [_thread_blocked, id=13752, stack(0x000000d790500000,0x000000d790600000)]
  0x0000020b263a3800 JavaThread "Unconstrained build operations Thread 24" [_thread_blocked, id=3552, stack(0x000000d790600000,0x000000d790700000)]
  0x0000020b263a2800 JavaThread "Unconstrained build operations Thread 25" [_thread_blocked, id=9560, stack(0x000000d790700000,0x000000d790800000)]
  0x0000020b263a4000 JavaThread "Unconstrained build operations Thread 26" [_thread_blocked, id=15112, stack(0x000000d790800000,0x000000d790900000)]
  0x0000020b263a2000 JavaThread "Unconstrained build operations Thread 27" [_thread_blocked, id=6964, stack(0x000000d790900000,0x000000d790a00000)]
  0x0000020b263a6800 JavaThread "Unconstrained build operations Thread 28" [_thread_blocked, id=9188, stack(0x000000d790a00000,0x000000d790b00000)]
  0x0000020b263a6000 JavaThread "Unconstrained build operations Thread 29" [_thread_blocked, id=2488, stack(0x000000d790b00000,0x000000d790c00000)]
  0x0000020b28399800 JavaThread "Unconstrained build operations Thread 30" [_thread_blocked, id=9628, stack(0x000000d790c00000,0x000000d790d00000)]
  0x0000020b28398000 JavaThread "Unconstrained build operations Thread 31" [_thread_blocked, id=10272, stack(0x000000d790d00000,0x000000d790e00000)]
  0x0000020b2839d000 JavaThread "Unconstrained build operations Thread 32" [_thread_blocked, id=1800, stack(0x000000d790e00000,0x000000d790f00000)]
  0x0000020b28398800 JavaThread "Unconstrained build operations Thread 33" [_thread_blocked, id=14956, stack(0x000000d790f00000,0x000000d791000000)]
  0x0000020b2839c000 JavaThread "Unconstrained build operations Thread 34" [_thread_blocked, id=14884, stack(0x000000d791000000,0x000000d791100000)]
  0x0000020b2839d800 JavaThread "Unconstrained build operations Thread 35" [_thread_blocked, id=2144, stack(0x000000d791100000,0x000000d791200000)]
  0x0000020b283a0000 JavaThread "Unconstrained build operations Thread 36" [_thread_blocked, id=13904, stack(0x000000d791200000,0x000000d791300000)]
  0x0000020b2839a800 JavaThread "Unconstrained build operations Thread 37" [_thread_blocked, id=10376, stack(0x000000d791300000,0x000000d791400000)]
  0x0000020b283a1000 JavaThread "Unconstrained build operations Thread 38" [_thread_blocked, id=5112, stack(0x000000d791400000,0x000000d791500000)]
  0x0000020b2839b000 JavaThread "Unconstrained build operations Thread 39" [_thread_blocked, id=7892, stack(0x000000d791500000,0x000000d791600000)]
  0x0000020b283a2800 JavaThread "Unconstrained build operations Thread 40" [_thread_blocked, id=6868, stack(0x000000d791600000,0x000000d791700000)]
  0x0000020b283a3800 JavaThread "jar transforms Thread 4" [_thread_blocked, id=5748, stack(0x000000d791700000,0x000000d791800000)]
  0x0000020b283a4000 JavaThread "Memory manager" [_thread_blocked, id=4820, stack(0x000000d78ec00000,0x000000d78ed00000)]
  0x0000020b283a1800 JavaThread "build event listener" [_thread_blocked, id=13224, stack(0x000000d791800000,0x000000d791900000)]
  0x0000020b283a5000 JavaThread "pool-3-thread-1" [_thread_blocked, id=11056, stack(0x000000d791900000,0x000000d791a00000)]
  0x0000020b2839f000 JavaThread "build event listener" [_thread_blocked, id=5780, stack(0x000000d791a00000,0x000000d791b00000)]
  0x0000020b283a6000 JavaThread "included builds" [_thread_blocked, id=7480, stack(0x000000d791b00000,0x000000d791c00000)]
  0x0000020b283a6800 JavaThread "Execution worker for ':'" [_thread_blocked, id=13688, stack(0x000000d791c00000,0x000000d791d00000)]
  0x0000020b29f24800 JavaThread "Execution worker for ':' Thread 2" [_thread_blocked, id=13636, stack(0x000000d791d00000,0x000000d791e00000)]
  0x0000020b29f26800 JavaThread "Execution worker for ':' Thread 3" [_thread_blocked, id=8248, stack(0x000000d791e00000,0x000000d791f00000)]
  0x0000020b29f22000 JavaThread "Cache worker for execution history cache (C:\Users\evriv\AndroidStudioProjects\MyPOIs\.gradle\7.4\executionHistory)" [_thread_blocked, id=1408, stack(0x000000d791f00000,0x000000d792000000)]
  0x0000020b29f27000 JavaThread "WorkerExecutor Queue" [_thread_blocked, id=13164, stack(0x000000d792000000,0x000000d792100000)]

Other Threads:
  0x0000020b21b9a000 VMThread "VM Thread" [stack: 0x000000d78c600000,0x000000d78c700000] [id=1956]
  0x0000020b226ee800 WatcherThread [stack: 0x000000d78d000000,0x000000d78d100000] [id=2044]
  0x0000020b06054000 GCTaskThread "GC Thread#0" [stack: 0x000000d78c100000,0x000000d78c200000] [id=10256]
  0x0000020b22780000 GCTaskThread "GC Thread#1" [stack: 0x000000d78d200000,0x000000d78d300000] [id=10792]
  0x0000020b22ac6800 GCTaskThread "GC Thread#2" [stack: 0x000000d78d300000,0x000000d78d400000] [id=7988]
  0x0000020b24b1e800 GCTaskThread "GC Thread#3" [stack: 0x000000d78dd00000,0x000000d78de00000] [id=13804]
  0x0000020b06087000 ConcurrentGCThread "G1 Main Marker" [stack: 0x000000d78c200000,0x000000d78c300000] [id=6908]
  0x0000020b06089800 ConcurrentGCThread "G1 Conc#0" [stack: 0x000000d78c300000,0x000000d78c400000] [id=11580]
  0x0000020b06115800 ConcurrentGCThread "G1 Refine#0" [stack: 0x000000d78c400000,0x000000d78c500000] [id=5128]
  0x0000020b06116800 ConcurrentGCThread "G1 Young RemSet Sampling" [stack: 0x000000d78c500000,0x000000d78c600000] [id=2548]

Threads with active compile tasks:
C2 CompilerThread0  20988 10079       4       org.gradle.internal.reflect.ClassInspector::inspectClass (179 bytes)

VM state:at safepoint (normal execution)

VM Mutex/Monitor currently owned by a thread:  ([mutex/lock_event])
[0x0000020b06039270] Threads_lock - owner thread: 0x0000020b21b9a000

Heap address: 0x0000000080000000, size: 2048 MB, Compressed Oops mode: 32-bit
Narrow klass base: 0x0000000000000000, Narrow klass shift: 3
Compressed class space size: 1073741824 Address: 0x0000000100000000

Heap:
 garbage-first heap   total 207872K, used 136837K [0x0000000080000000, 0x0000000100000000)
  region size 1024K, 80 young (81920K), 14 survivors (14336K)
 Metaspace       used 87240K, capacity 89341K, committed 89556K, reserved 1128448K
  class space    used 11177K, capacity 11971K, committed 12032K, reserved 1048576K
Heap Regions: E=young(eden), S=young(survivor), O=old, HS=humongous(starts), HC=humongous(continues), CS=collection set, F=free, A=archive, TAMS=top-at-mark-start (previous, next)
|   0|0x0000000080000000, 0x0000000080100000, 0x0000000080100000|100%|HS|  |TAMS 0x0000000080100000, 0x0000000080000000| Complete 
|   1|0x0000000080100000, 0x0000000080200000, 0x0000000080200000|100%|HC|  |TAMS 0x0000000080200000, 0x0000000080100000| Complete 
|   2|0x0000000080200000, 0x0000000080300000, 0x0000000080300000|100%|HC|  |TAMS 0x0000000080300000, 0x0000000080200000| Complete 
|   3|0x0000000080300000, 0x0000000080400000, 0x0000000080400000|100%| O|  |TAMS 0x0000000080400000, 0x0000000080300000| Untracked 
|   4|0x0000000080400000, 0x0000000080500000, 0x0000000080500000|100%| O|  |TAMS 0x0000000080500000, 0x0000000080400000| Untracked 
|   5|0x0000000080500000, 0x0000000080600000, 0x0000000080600000|100%| O|  |TAMS 0x0000000080600000, 0x0000000080500000| Untracked 
|   6|0x0000000080600000, 0x0000000080700000, 0x0000000080700000|100%| O|  |TAMS 0x0000000080700000, 0x0000000080600000| Untracked 
|   7|0x0000000080700000, 0x0000000080800000, 0x0000000080800000|100%| O|  |TAMS 0x0000000080800000, 0x0000000080700000| Untracked 
|   8|0x0000000080800000, 0x0000000080900000, 0x0000000080900000|100%| O|  |TAMS 0x0000000080900000, 0x0000000080800000| Untracked 
|   9|0x0000000080900000, 0x0000000080a00000, 0x0000000080a00000|100%| O|  |TAMS 0x0000000080a00000, 0x0000000080900000| Untracked 
|  10|0x0000000080a00000, 0x0000000080b00000, 0x0000000080b00000|100%| O|  |TAMS 0x0000000080b00000, 0x0000000080a00000| Untracked 
|  11|0x0000000080b00000, 0x0000000080c00000, 0x0000000080c00000|100%| O|  |TAMS 0x0000000080c00000, 0x0000000080b00000| Untracked 
|  12|0x0000000080c00000, 0x0000000080d00000, 0x0000000080d00000|100%| O|  |TAMS 0x0000000080d00000, 0x0000000080c00000| Untracked 
|  13|0x0000000080d00000, 0x0000000080e00000, 0x0000000080e00000|100%| O|  |TAMS 0x0000000080e00000, 0x0000000080d00000| Untracked 
|  14|0x0000000080e00000, 0x0000000080f00000, 0x0000000080f00000|100%| O|  |TAMS 0x0000000080f00000, 0x0000000080e00000| Untracked 
|  15|0x0000000080f00000, 0x0000000081000000, 0x0000000081000000|100%| O|  |TAMS 0x0000000081000000, 0x0000000080f00000| Untracked 
|  16|0x0000000081000000, 0x0000000081100000, 0x0000000081100000|100%|HS|  |TAMS 0x0000000081100000, 0x0000000081000000| Complete 
|  17|0x0000000081100000, 0x0000000081200000, 0x0000000081200000|100%| O|  |TAMS 0x0000000081200000, 0x0000000081100000| Untracked 
|  18|0x0000000081200000, 0x0000000081300000, 0x0000000081300000|100%| O|  |TAMS 0x0000000081300000, 0x0000000081200000| Untracked 
|  19|0x0000000081300000, 0x0000000081400000, 0x0000000081400000|100%| O|  |TAMS 0x0000000081400000, 0x0000000081300000| Untracked 
|  20|0x0000000081400000, 0x0000000081500000, 0x0000000081500000|100%| O|  |TAMS 0x0000000081500000, 0x0000000081400000| Untracked 
|  21|0x0000000081500000, 0x0000000081600000, 0x0000000081600000|100%| O|  |TAMS 0x0000000081600000, 0x0000000081500000| Untracked 
|  22|0x0000000081600000, 0x0000000081700000, 0x0000000081700000|100%| O|  |TAMS 0x0000000081700000, 0x0000000081600000| Untracked 
|  23|0x0000000081700000, 0x0000000081800000, 0x0000000081800000|100%| O|  |TAMS 0x0000000081800000, 0x0000000081700000| Untracked 
|  24|0x0000000081800000, 0x0000000081900000, 0x0000000081900000|100%|HS|  |TAMS 0x0000000081900000, 0x0000000081800000| Complete 
|  25|0x0000000081900000, 0x0000000081a00000, 0x0000000081a00000|100%| O|  |TAMS 0x0000000081a00000, 0x0000000081900000| Untracked 
|  26|0x0000000081a00000, 0x0000000081b00000, 0x0000000081b00000|100%|HS|  |TAMS 0x0000000081b00000, 0x0000000081a00000| Complete 
|  27|0x0000000081b00000, 0x0000000081c00000, 0x0000000081c00000|100%|HC|  |TAMS 0x0000000081c00000, 0x0000000081b00000| Complete 
|  28|0x0000000081c00000, 0x0000000081d00000, 0x0000000081d00000|100%| O|  |TAMS 0x0000000081d00000, 0x0000000081c00000| Untracked 
|  29|0x0000000081d00000, 0x0000000081e00000, 0x0000000081e00000|100%| O|  |TAMS 0x0000000081e00000, 0x0000000081d00000| Untracked 
|  30|0x0000000081e00000, 0x0000000081f00000, 0x0000000081f00000|100%| O|  |TAMS 0x0000000081f00000, 0x0000000081e00000| Untracked 
|  31|0x0000000081f00000, 0x0000000082000000, 0x0000000082000000|100%| O|  |TAMS 0x0000000082000000, 0x0000000081f00000| Untracked 
|  32|0x0000000082000000, 0x0000000082100000, 0x0000000082100000|100%| O|  |TAMS 0x0000000082100000, 0x0000000082000000| Untracked 
|  33|0x0000000082100000, 0x0000000082200000, 0x0000000082200000|100%| O|  |TAMS 0x0000000082200000, 0x0000000082100000| Untracked 
|  34|0x0000000082200000, 0x0000000082300000, 0x0000000082300000|100%| O|  |TAMS 0x0000000082300000, 0x0000000082200000| Untracked 
|  35|0x0000000082300000, 0x0000000082400000, 0x0000000082400000|100%| O|  |TAMS 0x0000000082400000, 0x0000000082300000| Untracked 
|  36|0x0000000082400000, 0x0000000082500000, 0x0000000082500000|100%| O|  |TAMS 0x0000000082500000, 0x0000000082400000| Untracked 
|  37|0x0000000082500000, 0x0000000082600000, 0x0000000082600000|100%| O|  |TAMS 0x0000000082600000, 0x0000000082500000| Untracked 
|  38|0x0000000082600000, 0x0000000082700000, 0x0000000082700000|100%| O|  |TAMS 0x0000000082700000, 0x0000000082600000| Untracked 
|  39|0x0000000082700000, 0x0000000082800000, 0x0000000082800000|100%| O|  |TAMS 0x0000000082800000, 0x0000000082700000| Untracked 
|  40|0x0000000082800000, 0x0000000082900000, 0x0000000082900000|100%| O|  |TAMS 0x0000000082900000, 0x0000000082800000| Untracked 
|  41|0x0000000082900000, 0x0000000082a00000, 0x0000000082a00000|100%| O|  |TAMS 0x0000000082a00000, 0x0000000082900000| Untracked 
|  42|0x0000000082a00000, 0x0000000082b00000, 0x0000000082b00000|100%| O|  |TAMS 0x0000000082b00000, 0x0000000082a00000| Untracked 
|  43|0x0000000082b00000, 0x0000000082c00000, 0x0000000082c00000|100%| O|  |TAMS 0x0000000082b78200, 0x0000000082b00000| Untracked 
|  44|0x0000000082c00000, 0x0000000082d00000, 0x0000000082d00000|100%| O|  |TAMS 0x0000000082c00000, 0x0000000082c00000| Untracked 
|  45|0x0000000082d00000, 0x0000000082e00000, 0x0000000082e00000|100%| O|  |TAMS 0x0000000082d00000, 0x0000000082d00000| Untracked 
|  46|0x0000000082e00000, 0x0000000082f00000, 0x0000000082f00000|100%| O|  |TAMS 0x0000000082e00000, 0x0000000082e00000| Untracked 
|  47|0x0000000082f00000, 0x0000000083000000, 0x0000000083000000|100%| O|  |TAMS 0x0000000082f00000, 0x0000000082f00000| Untracked 
|  48|0x0000000083000000, 0x0000000083100000, 0x0000000083100000|100%| O|  |TAMS 0x0000000083000000, 0x0000000083000000| Untracked 
|  49|0x0000000083100000, 0x0000000083200000, 0x0000000083200000|100%| O|  |TAMS 0x0000000083100000, 0x0000000083100000| Untracked 
|  50|0x0000000083200000, 0x0000000083300000, 0x0000000083300000|100%| O|  |TAMS 0x0000000083200000, 0x0000000083200000| Untracked 
|  51|0x0000000083300000, 0x0000000083400000, 0x0000000083400000|100%| O|  |TAMS 0x0000000083300000, 0x0000000083300000| Untracked 
|  52|0x0000000083400000, 0x0000000083500000, 0x0000000083500000|100%| O|  |TAMS 0x0000000083400000, 0x0000000083400000| Untracked 
|  53|0x0000000083500000, 0x0000000083600000, 0x0000000083600000|100%| O|  |TAMS 0x0000000083500000, 0x0000000083500000| Untracked 
|  54|0x0000000083600000, 0x0000000083700000, 0x0000000083700000|100%| O|  |TAMS 0x0000000083600000, 0x0000000083600000| Untracked 
|  55|0x0000000083700000, 0x00000000837a1600, 0x0000000083800000| 63%| O|  |TAMS 0x0000000083700000, 0x0000000083700000| Untracked 
|  56|0x0000000083800000, 0x0000000083800000, 0x0000000083900000|  0%| F|  |TAMS 0x0000000083800000, 0x0000000083800000| Untracked 
|  57|0x0000000083900000, 0x0000000083900000, 0x0000000083a00000|  0%| F|  |TAMS 0x0000000083900000, 0x0000000083900000| Untracked 
|  58|0x0000000083a00000, 0x0000000083a00000, 0x0000000083b00000|  0%| F|  |TAMS 0x0000000083a00000, 0x0000000083a00000| Untracked 
|  59|0x0000000083b00000, 0x0000000083b00000, 0x0000000083c00000|  0%| F|  |TAMS 0x0000000083b00000, 0x0000000083b00000| Untracked 
|  60|0x0000000083c00000, 0x0000000083c00000, 0x0000000083d00000|  0%| F|  |TAMS 0x0000000083c00000, 0x0000000083c00000| Untracked 
|  61|0x0000000083d00000, 0x0000000083d00000, 0x0000000083e00000|  0%| F|  |TAMS 0x0000000083d00000, 0x0000000083d00000| Untracked 
|  62|0x0000000083e00000, 0x0000000083e00000, 0x0000000083f00000|  0%| F|  |TAMS 0x0000000083e00000, 0x0000000083e00000| Untracked 
|  63|0x0000000083f00000, 0x0000000083f00000, 0x0000000084000000|  0%| F|  |TAMS 0x0000000083f00000, 0x0000000083f00000| Untracked 
|  64|0x0000000084000000, 0x0000000084000000, 0x0000000084100000|  0%| F|  |TAMS 0x0000000084000000, 0x0000000084000000| Untracked 
|  65|0x0000000084100000, 0x0000000084100000, 0x0000000084200000|  0%| F|  |TAMS 0x0000000084100000, 0x0000000084100000| Untracked 
|  66|0x0000000084200000, 0x0000000084200000, 0x0000000084300000|  0%| F|  |TAMS 0x0000000084200000, 0x0000000084200000| Untracked 
|  67|0x0000000084300000, 0x0000000084300000, 0x0000000084400000|  0%| F|  |TAMS 0x0000000084300000, 0x0000000084300000| Untracked 
|  68|0x0000000084400000, 0x0000000084400000, 0x0000000084500000|  0%| F|  |TAMS 0x0000000084400000, 0x0000000084400000| Untracked 
|  69|0x0000000084500000, 0x0000000084500000, 0x0000000084600000|  0%| F|  |TAMS 0x0000000084500000, 0x0000000084500000| Untracked 
|  70|0x0000000084600000, 0x0000000084600000, 0x0000000084700000|  0%| F|  |TAMS 0x0000000084600000, 0x0000000084600000| Untracked 
|  71|0x0000000084700000, 0x0000000084700000, 0x0000000084800000|  0%| F|  |TAMS 0x0000000084700000, 0x0000000084700000| Untracked 
|  72|0x0000000084800000, 0x0000000084800000, 0x0000000084900000|  0%| F|  |TAMS 0x0000000084800000, 0x0000000084800000| Untracked 
|  73|0x0000000084900000, 0x0000000084900000, 0x0000000084a00000|  0%| F|  |TAMS 0x0000000084900000, 0x0000000084900000| Untracked 
|  74|0x0000000084a00000, 0x0000000084a00000, 0x0000000084b00000|  0%| F|  |TAMS 0x0000000084a00000, 0x0000000084a00000| Untracked 
|  75|0x0000000084b00000, 0x0000000084b00000, 0x0000000084c00000|  0%| F|  |TAMS 0x0000000084b00000, 0x0000000084b00000| Untracked 
|  76|0x0000000084c00000, 0x0000000084c00000, 0x0000000084d00000|  0%| F|  |TAMS 0x0000000084c00000, 0x0000000084c00000| Untracked 
|  77|0x0000000084d00000, 0x0000000084d00000, 0x0000000084e00000|  0%| F|  |TAMS 0x0000000084d00000, 0x0000000084d00000| Untracked 
|  78|0x0000000084e00000, 0x0000000084e00000, 0x0000000084f00000|  0%| F|  |TAMS 0x0000000084e00000, 0x0000000084e00000| Untracked 
|  79|0x0000000084f00000, 0x0000000084f00000, 0x0000000085000000|  0%| F|  |TAMS 0x0000000084f00000, 0x0000000084f00000| Untracked 
|  80|0x0000000085000000, 0x0000000085000000, 0x0000000085100000|  0%| F|  |TAMS 0x0000000085000000, 0x0000000085000000| Untracked 
|  81|0x0000000085100000, 0x0000000085100000, 0x0000000085200000|  0%| F|  |TAMS 0x0000000085100000, 0x0000000085100000| Untracked 
|  82|0x0000000085200000, 0x0000000085300000, 0x0000000085300000|100%| S|CS|TAMS 0x0000000085200000, 0x0000000085200000| Complete 
|  83|0x0000000085300000, 0x0000000085400000, 0x0000000085400000|100%| S|CS|TAMS 0x0000000085300000, 0x0000000085300000| Complete 
|  84|0x0000000085400000, 0x0000000085500000, 0x0000000085500000|100%| S|CS|TAMS 0x0000000085400000, 0x0000000085400000| Complete 
|  85|0x0000000085500000, 0x0000000085600000, 0x0000000085600000|100%| S|CS|TAMS 0x0000000085500000, 0x0000000085500000| Complete 
|  86|0x0000000085600000, 0x0000000085700000, 0x0000000085700000|100%| S|CS|TAMS 0x0000000085600000, 0x0000000085600000| Complete 
|  87|0x0000000085700000, 0x0000000085800000, 0x0000000085800000|100%| S|CS|TAMS 0x0000000085700000, 0x0000000085700000| Complete 
|  88|0x0000000085800000, 0x0000000085800000, 0x0000000085900000|  0%| F|  |TAMS 0x0000000085800000, 0x0000000085800000| Untracked 
|  89|0x0000000085900000, 0x0000000085900000, 0x0000000085a00000|  0%| F|  |TAMS 0x0000000085900000, 0x0000000085900000| Untracked 
|  90|0x0000000085a00000, 0x0000000085a00000, 0x0000000085b00000|  0%| F|  |TAMS 0x0000000085a00000, 0x0000000085a00000| Untracked 
|  91|0x0000000085b00000, 0x0000000085b00000, 0x0000000085c00000|  0%| F|  |TAMS 0x0000000085b00000, 0x0000000085b00000| Untracked 
|  92|0x0000000085c00000, 0x0000000085c00000, 0x0000000085d00000|  0%| F|  |TAMS 0x0000000085c00000, 0x0000000085c00000| Untracked 
|  93|0x0000000085d00000, 0x0000000085d00000, 0x0000000085e00000|  0%| F|  |TAMS 0x0000000085d00000, 0x0000000085d00000| Untracked 
|  94|0x0000000085e00000, 0x0000000085e00000, 0x0000000085f00000|  0%| F|  |TAMS 0x0000000085e00000, 0x0000000085e00000| Untracked 
|  95|0x0000000085f00000, 0x0000000085f00000, 0x0000000086000000|  0%| F|  |TAMS 0x0000000085f00000, 0x0000000085f00000| Untracked 
|  96|0x0000000086000000, 0x0000000086000000, 0x0000000086100000|  0%| F|  |TAMS 0x0000000086000000, 0x0000000086000000| Untracked 
|  97|0x0000000086100000, 0x0000000086100000, 0x0000000086200000|  0%| F|  |TAMS 0x0000000086100000, 0x0000000086100000| Untracked 
|  98|0x0000000086200000, 0x0000000086300000, 0x0000000086300000|100%| S|CS|TAMS 0x0000000086200000, 0x0000000086200000| Complete 
|  99|0x0000000086300000, 0x0000000086400000, 0x0000000086400000|100%| S|CS|TAMS 0x0000000086300000, 0x0000000086300000| Complete 
| 100|0x0000000086400000, 0x0000000086500000, 0x0000000086500000|100%| S|CS|TAMS 0x0000000086400000, 0x0000000086400000| Complete 
| 101|0x0000000086500000, 0x0000000086600000, 0x0000000086600000|100%| S|CS|TAMS 0x0000000086500000, 0x0000000086500000| Complete 
| 102|0x0000000086600000, 0x0000000086700000, 0x0000000086700000|100%| S|CS|TAMS 0x0000000086600000, 0x0000000086600000| Complete 
| 103|0x0000000086700000, 0x0000000086800000, 0x0000000086800000|100%| S|CS|TAMS 0x0000000086700000, 0x0000000086700000| Complete 
| 104|0x0000000086800000, 0x0000000086900000, 0x0000000086900000|100%| S|CS|TAMS 0x0000000086800000, 0x0000000086800000| Complete 
| 105|0x0000000086900000, 0x0000000086a00000, 0x0000000086a00000|100%| S|CS|TAMS 0x0000000086900000, 0x0000000086900000| Complete 
| 106|0x0000000086a00000, 0x0000000086a00000, 0x0000000086b00000|  0%| F|  |TAMS 0x0000000086a00000, 0x0000000086a00000| Untracked 
| 107|0x0000000086b00000, 0x0000000086b00000, 0x0000000086c00000|  0%| F|  |TAMS 0x0000000086b00000, 0x0000000086b00000| Untracked 
| 108|0x0000000086c00000, 0x0000000086c00000, 0x0000000086d00000|  0%| F|  |TAMS 0x0000000086c00000, 0x0000000086c00000| Untracked 
| 109|0x0000000086d00000, 0x0000000086d00000, 0x0000000086e00000|  0%| F|  |TAMS 0x0000000086d00000, 0x0000000086d00000| Untracked 
| 110|0x0000000086e00000, 0x0000000086e00000, 0x0000000086f00000|  0%| F|  |TAMS 0x0000000086e00000, 0x0000000086e00000| Untracked 
| 111|0x0000000086f00000, 0x0000000086f00000, 0x0000000087000000|  0%| F|  |TAMS 0x0000000086f00000, 0x0000000086f00000| Untracked 
| 112|0x0000000087000000, 0x0000000087000000, 0x0000000087100000|  0%| F|  |TAMS 0x0000000087000000, 0x0000000087000000| Untracked 
| 113|0x0000000087100000, 0x0000000087100000, 0x0000000087200000|  0%| F|  |TAMS 0x0000000087100000, 0x0000000087100000| Untracked 
| 114|0x0000000087200000, 0x0000000087200000, 0x0000000087300000|  0%| F|  |TAMS 0x0000000087200000, 0x0000000087200000| Untracked 
| 115|0x0000000087300000, 0x0000000087300000, 0x0000000087400000|  0%| F|  |TAMS 0x0000000087300000, 0x0000000087300000| Untracked 
| 116|0x0000000087400000, 0x0000000087400000, 0x0000000087500000|  0%| F|  |TAMS 0x0000000087400000, 0x0000000087400000| Untracked 
| 117|0x0000000087500000, 0x0000000087500000, 0x0000000087600000|  0%| F|  |TAMS 0x0000000087500000, 0x0000000087500000| Untracked 
| 118|0x0000000087600000, 0x0000000087600000, 0x0000000087700000|  0%| F|  |TAMS 0x0000000087600000, 0x0000000087600000| Untracked 
| 119|0x0000000087700000, 0x0000000087700000, 0x0000000087800000|  0%| F|  |TAMS 0x0000000087700000, 0x0000000087700000| Untracked 
| 120|0x0000000087800000, 0x0000000087800000, 0x0000000087900000|  0%| F|  |TAMS 0x0000000087800000, 0x0000000087800000| Untracked 
| 121|0x0000000087900000, 0x0000000087900000, 0x0000000087a00000|  0%| F|  |TAMS 0x0000000087900000, 0x0000000087900000| Untracked 
| 122|0x0000000087a00000, 0x0000000087a00000, 0x0000000087b00000|  0%| F|  |TAMS 0x0000000087a00000, 0x0000000087a00000| Untracked 
| 123|0x0000000087b00000, 0x0000000087b00000, 0x0000000087c00000|  0%| F|  |TAMS 0x0000000087b00000, 0x0000000087b00000| Untracked 
| 124|0x0000000087c00000, 0x0000000087c00000, 0x0000000087d00000|  0%| F|  |TAMS 0x0000000087c00000, 0x0000000087c00000| Untracked 
| 125|0x0000000087d00000, 0x0000000087d00000, 0x0000000087e00000|  0%| F|  |TAMS 0x0000000087d00000, 0x0000000087d00000| Untracked 
| 126|0x0000000087e00000, 0x0000000087e00000, 0x0000000087f00000|  0%| F|  |TAMS 0x0000000087e00000, 0x0000000087e00000| Untracked 
| 127|0x0000000087f00000, 0x0000000087f00000, 0x0000000088000000|  0%| F|  |TAMS 0x0000000087f00000, 0x0000000087f00000| Untracked 
| 128|0x0000000088000000, 0x0000000088000000, 0x0000000088100000|  0%| F|  |TAMS 0x0000000088000000, 0x0000000088000000| Untracked 
| 129|0x0000000088100000, 0x0000000088100000, 0x0000000088200000|  0%| F|  |TAMS 0x0000000088100000, 0x0000000088100000| Untracked 
| 130|0x0000000088200000, 0x0000000088200000, 0x0000000088300000|  0%| F|  |TAMS 0x0000000088200000, 0x0000000088200000| Untracked 
| 131|0x0000000088300000, 0x0000000088300000, 0x0000000088400000|  0%| F|  |TAMS 0x0000000088300000, 0x0000000088300000| Untracked 
| 132|0x0000000088400000, 0x0000000088400000, 0x0000000088500000|  0%| F|  |TAMS 0x0000000088400000, 0x0000000088400000| Untracked 
| 133|0x0000000088500000, 0x0000000088500000, 0x0000000088600000|  0%| F|  |TAMS 0x0000000088500000, 0x0000000088500000| Untracked 
| 134|0x0000000088600000, 0x0000000088600000, 0x0000000088700000|  0%| F|  |TAMS 0x0000000088600000, 0x0000000088600000| Untracked 
| 135|0x0000000088700000, 0x0000000088700000, 0x0000000088800000|  0%| F|  |TAMS 0x0000000088700000, 0x0000000088700000| Untracked 
| 136|0x0000000088800000, 0x0000000088800000, 0x0000000088900000|  0%| F|  |TAMS 0x0000000088800000, 0x0000000088800000| Untracked 
| 137|0x0000000088900000, 0x00000000889c04b0, 0x0000000088a00000| 75%| E|  |TAMS 0x0000000088900000, 0x0000000088900000| Complete 
| 138|0x0000000088a00000, 0x0000000088b00000, 0x0000000088b00000|100%| E|CS|TAMS 0x0000000088a00000, 0x0000000088a00000| Complete 
| 139|0x0000000088b00000, 0x0000000088c00000, 0x0000000088c00000|100%| E|CS|TAMS 0x0000000088b00000, 0x0000000088b00000| Complete 
| 140|0x0000000088c00000, 0x0000000088d00000, 0x0000000088d00000|100%| E|CS|TAMS 0x0000000088c00000, 0x0000000088c00000| Complete 
| 141|0x0000000088d00000, 0x0000000088e00000, 0x0000000088e00000|100%| E|CS|TAMS 0x0000000088d00000, 0x0000000088d00000| Complete 
| 142|0x0000000088e00000, 0x0000000088f00000, 0x0000000088f00000|100%| E|CS|TAMS 0x0000000088e00000, 0x0000000088e00000| Complete 
| 143|0x0000000088f00000, 0x0000000089000000, 0x0000000089000000|100%| E|CS|TAMS 0x0000000088f00000, 0x0000000088f00000| Complete 
| 144|0x0000000089000000, 0x0000000089100000, 0x0000000089100000|100%| E|CS|TAMS 0x0000000089000000, 0x0000000089000000| Complete 
| 145|0x0000000089100000, 0x0000000089200000, 0x0000000089200000|100%| E|CS|TAMS 0x0000000089100000, 0x0000000089100000| Complete 
| 146|0x0000000089200000, 0x0000000089300000, 0x0000000089300000|100%| E|CS|TAMS 0x0000000089200000, 0x0000000089200000| Complete 
| 147|0x0000000089300000, 0x0000000089400000, 0x0000000089400000|100%| E|CS|TAMS 0x0000000089300000, 0x0000000089300000| Complete 
| 148|0x0000000089400000, 0x0000000089500000, 0x0000000089500000|100%| E|CS|TAMS 0x0000000089400000, 0x0000000089400000| Complete 
| 149|0x0000000089500000, 0x0000000089600000, 0x0000000089600000|100%| E|CS|TAMS 0x0000000089500000, 0x0000000089500000| Complete 
| 150|0x0000000089600000, 0x0000000089700000, 0x0000000089700000|100%| E|CS|TAMS 0x0000000089600000, 0x0000000089600000| Complete 
| 151|0x0000000089700000, 0x0000000089800000, 0x0000000089800000|100%| E|CS|TAMS 0x0000000089700000, 0x0000000089700000| Complete 
| 152|0x0000000089800000, 0x0000000089900000, 0x0000000089900000|100%| E|CS|TAMS 0x0000000089800000, 0x0000000089800000| Complete 
| 153|0x0000000089900000, 0x0000000089a00000, 0x0000000089a00000|100%| E|CS|TAMS 0x0000000089900000, 0x0000000089900000| Complete 
| 154|0x0000000089a00000, 0x0000000089b00000, 0x0000000089b00000|100%| E|CS|TAMS 0x0000000089a00000, 0x0000000089a00000| Complete 
| 155|0x0000000089b00000, 0x0000000089c00000, 0x0000000089c00000|100%| E|CS|TAMS 0x0000000089b00000, 0x0000000089b00000| Complete 
| 156|0x0000000089c00000, 0x0000000089d00000, 0x0000000089d00000|100%| E|CS|TAMS 0x0000000089c00000, 0x0000000089c00000| Complete 
| 157|0x0000000089d00000, 0x0000000089e00000, 0x0000000089e00000|100%| E|CS|TAMS 0x0000000089d00000, 0x0000000089d00000| Complete 
| 158|0x0000000089e00000, 0x0000000089f00000, 0x0000000089f00000|100%| E|CS|TAMS 0x0000000089e00000, 0x0000000089e00000| Complete 
| 159|0x0000000089f00000, 0x000000008a000000, 0x000000008a000000|100%| E|CS|TAMS 0x0000000089f00000, 0x0000000089f00000| Complete 
| 160|0x000000008a000000, 0x000000008a100000, 0x000000008a100000|100%| E|CS|TAMS 0x000000008a000000, 0x000000008a000000| Complete 
| 161|0x000000008a100000, 0x000000008a200000, 0x000000008a200000|100%| E|CS|TAMS 0x000000008a100000, 0x000000008a100000| Complete 
| 162|0x000000008a200000, 0x000000008a300000, 0x000000008a300000|100%| E|CS|TAMS 0x000000008a200000, 0x000000008a200000| Complete 
| 163|0x000000008a300000, 0x000000008a400000, 0x000000008a400000|100%| E|CS|TAMS 0x000000008a300000, 0x000000008a300000| Complete 
| 164|0x000000008a400000, 0x000000008a500000, 0x000000008a500000|100%| E|CS|TAMS 0x000000008a400000, 0x000000008a400000| Complete 
| 165|0x000000008a500000, 0x000000008a600000, 0x000000008a600000|100%| E|CS|TAMS 0x000000008a500000, 0x000000008a500000| Complete 
| 166|0x000000008a600000, 0x000000008a700000, 0x000000008a700000|100%| E|CS|TAMS 0x000000008a600000, 0x000000008a600000| Complete 
| 167|0x000000008a700000, 0x000000008a800000, 0x000000008a800000|100%| E|CS|TAMS 0x000000008a700000, 0x000000008a700000| Complete 
| 168|0x000000008a800000, 0x000000008a900000, 0x000000008a900000|100%| E|CS|TAMS 0x000000008a800000, 0x000000008a800000| Complete 
| 169|0x000000008a900000, 0x000000008aa00000, 0x000000008aa00000|100%| E|CS|TAMS 0x000000008a900000, 0x000000008a900000| Complete 
| 170|0x000000008aa00000, 0x000000008ab00000, 0x000000008ab00000|100%| E|CS|TAMS 0x000000008aa00000, 0x000000008aa00000| Complete 
| 171|0x000000008ab00000, 0x000000008ac00000, 0x000000008ac00000|100%| E|CS|TAMS 0x000000008ab00000, 0x000000008ab00000| Complete 
| 172|0x000000008ac00000, 0x000000008ad00000, 0x000000008ad00000|100%| E|CS|TAMS 0x000000008ac00000, 0x000000008ac00000| Complete 
| 173|0x000000008ad00000, 0x000000008ae00000, 0x000000008ae00000|100%| E|CS|TAMS 0x000000008ad00000, 0x000000008ad00000| Complete 
| 174|0x000000008ae00000, 0x000000008af00000, 0x000000008af00000|100%| E|CS|TAMS 0x000000008ae00000, 0x000000008ae00000| Complete 
| 175|0x000000008af00000, 0x000000008b000000, 0x000000008b000000|100%| E|CS|TAMS 0x000000008af00000, 0x000000008af00000| Complete 
| 176|0x000000008b000000, 0x000000008b100000, 0x000000008b100000|100%| E|CS|TAMS 0x000000008b000000, 0x000000008b000000| Complete 
| 177|0x000000008b100000, 0x000000008b200000, 0x000000008b200000|100%| E|CS|TAMS 0x000000008b100000, 0x000000008b100000| Complete 
| 178|0x000000008b200000, 0x000000008b300000, 0x000000008b300000|100%| E|CS|TAMS 0x000000008b200000, 0x000000008b200000| Complete 
| 179|0x000000008b300000, 0x000000008b400000, 0x000000008b400000|100%| E|CS|TAMS 0x000000008b300000, 0x000000008b300000| Complete 
| 180|0x000000008b400000, 0x000000008b500000, 0x000000008b500000|100%| E|CS|TAMS 0x000000008b400000, 0x000000008b400000| Complete 
| 181|0x000000008b500000, 0x000000008b600000, 0x000000008b600000|100%| E|CS|TAMS 0x000000008b500000, 0x000000008b500000| Complete 
| 182|0x000000008b600000, 0x000000008b700000, 0x000000008b700000|100%| E|CS|TAMS 0x000000008b600000, 0x000000008b600000| Complete 
| 183|0x000000008b700000, 0x000000008b800000, 0x000000008b800000|100%| E|CS|TAMS 0x000000008b700000, 0x000000008b700000| Complete 
| 184|0x000000008b800000, 0x000000008b900000, 0x000000008b900000|100%| E|CS|TAMS 0x000000008b800000, 0x000000008b800000| Complete 
| 185|0x000000008b900000, 0x000000008ba00000, 0x000000008ba00000|100%| E|CS|TAMS 0x000000008b900000, 0x000000008b900000| Complete 
| 186|0x000000008ba00000, 0x000000008bb00000, 0x000000008bb00000|100%| E|CS|TAMS 0x000000008ba00000, 0x000000008ba00000| Complete 
| 187|0x000000008bb00000, 0x000000008bc00000, 0x000000008bc00000|100%| E|CS|TAMS 0x000000008bb00000, 0x000000008bb00000| Complete 
| 188|0x000000008bc00000, 0x000000008bd00000, 0x000000008bd00000|100%| E|CS|TAMS 0x000000008bc00000, 0x000000008bc00000| Complete 
| 189|0x000000008bd00000, 0x000000008be00000, 0x000000008be00000|100%| E|CS|TAMS 0x000000008bd00000, 0x000000008bd00000| Complete 
| 190|0x000000008be00000, 0x000000008bf00000, 0x000000008bf00000|100%| E|CS|TAMS 0x000000008be00000, 0x000000008be00000| Complete 
| 191|0x000000008bf00000, 0x000000008c000000, 0x000000008c000000|100%| E|CS|TAMS 0x000000008bf00000, 0x000000008bf00000| Complete 
| 192|0x000000008c000000, 0x000000008c100000, 0x000000008c100000|100%| E|CS|TAMS 0x000000008c000000, 0x000000008c000000| Complete 
| 193|0x000000008c100000, 0x000000008c200000, 0x000000008c200000|100%| E|CS|TAMS 0x000000008c100000, 0x000000008c100000| Complete 
| 194|0x000000008c200000, 0x000000008c300000, 0x000000008c300000|100%| E|CS|TAMS 0x000000008c200000, 0x000000008c200000| Complete 
| 195|0x000000008c300000, 0x000000008c400000, 0x000000008c400000|100%| E|  |TAMS 0x000000008c300000, 0x000000008c300000| Complete 
| 196|0x000000008c400000, 0x000000008c500000, 0x000000008c500000|100%| E|CS|TAMS 0x000000008c400000, 0x000000008c400000| Complete 
| 197|0x000000008c500000, 0x000000008c600000, 0x000000008c600000|100%| E|CS|TAMS 0x000000008c500000, 0x000000008c500000| Complete 
| 198|0x000000008c600000, 0x000000008c700000, 0x000000008c700000|100%| E|CS|TAMS 0x000000008c600000, 0x000000008c600000| Complete 
| 199|0x000000008c700000, 0x000000008c800000, 0x000000008c800000|100%| E|CS|TAMS 0x000000008c700000, 0x000000008c700000| Complete 
| 200|0x000000008c800000, 0x000000008c900000, 0x000000008c900000|100%| E|CS|TAMS 0x000000008c800000, 0x000000008c800000| Complete 
| 201|0x000000008c900000, 0x000000008ca00000, 0x000000008ca00000|100%| E|CS|TAMS 0x000000008c900000, 0x000000008c900000| Complete 
| 202|0x000000008ca00000, 0x000000008cb00000, 0x000000008cb00000|100%| E|CS|TAMS 0x000000008ca00000, 0x000000008ca00000| Complete 

Card table byte_map: [0x0000020b1ad60000,0x0000020b1b160000] _byte_map_base: 0x0000020b1a960000

Marking Bits (Prev, Next): (CMBitMap*) 0x0000020b0607e040, (CMBitMap*) 0x0000020b0607e008
 Prev Bits: [0x0000020b1d560000, 0x0000020b1f560000)
 Next Bits: [0x0000020b1b560000, 0x0000020b1d560000)

Polling page: 0x0000020b06120000

Metaspace:

Usage:
  Non-class:     75.56 MB capacity,    74.28 MB ( 98%) used,     1.03 MB (  1%) free+waste,   247.13 KB ( <1%) overhead. 
      Class:     11.69 MB capacity,    10.92 MB ( 93%) used,   682.45 KB (  6%) free+waste,   111.00 KB ( <1%) overhead. 
       Both:     87.25 MB capacity,    85.20 MB ( 98%) used,     1.70 MB (  2%) free+waste,   358.13 KB ( <1%) overhead. 

Virtual space:
  Non-class space:       78.00 MB reserved,      75.71 MB ( 97%) committed 
      Class space:        1.00 GB reserved,      11.75 MB (  1%) committed 
             Both:        1.08 GB reserved,      87.46 MB (  8%) committed 

Chunk freelists:
   Non-Class:  26.00 KB
       Class:  29.00 KB
        Both:  55.00 KB

MaxMetaspaceSize: 17179869184.00 GB
CompressedClassSpaceSize: 1.00 GB
Initial GC threshold: 20.80 MB
Current GC threshold: 98.68 MB
CDS: off

CodeHeap 'non-profiled nmethods': size=120064Kb used=4931Kb max_used=4931Kb free=115133Kb
 bounds [0x0000020b12e00000, 0x0000020b132e0000, 0x0000020b1a340000]
CodeHeap 'profiled nmethods': size=120000Kb used=20610Kb max_used=20610Kb free=99389Kb
 bounds [0x0000020b0b8d0000, 0x0000020b0cd00000, 0x0000020b12e00000]
CodeHeap 'non-nmethods': size=5696Kb used=2368Kb max_used=2417Kb free=3327Kb
 bounds [0x0000020b0b340000, 0x0000020b0b5b0000, 0x0000020b0b8d0000]
 total_blobs=10856 nmethods=9967 adapters=801
 compilation: enabled
              stopped_count=0, restarted_count=0
 full_count=0

Compilation events (20 events):
Event: 20.931 Thread 0x0000020b21bcf000 10092       3       org.gradle.internal.resources.AbstractTrackedResourceLock::<init> (20 bytes)
Event: 20.931 Thread 0x0000020b21bcf000 nmethod 10092 0x0000020b0cce9390 code [0x0000020b0cce9540, 0x0000020b0cce97b8]
Event: 20.932 Thread 0x0000020b21bcf000 10093       3       org.gradle.internal.resources.AbstractResourceLockRegistry$1::call (5 bytes)
Event: 20.932 Thread 0x0000020b21bcf000 nmethod 10093 0x0000020b0cce9890 code [0x0000020b0cce9a60, 0x0000020b0cce9d88]
Event: 20.932 Thread 0x0000020b21bcf000 10094       3       org.gradle.internal.resources.AbstractResourceLockRegistry$1::call (16 bytes)
Event: 20.933 Thread 0x0000020b21bcf000 nmethod 10094 0x0000020b0cce9f10 code [0x0000020b0ccea0e0, 0x0000020b0ccea388]
Event: 20.933 Thread 0x0000020b21bcf000 10095       3       org.gradle.internal.resources.AbstractResourceLockRegistry::createResourceLock (13 bytes)
Event: 20.933 Thread 0x0000020b21bcf000 nmethod 10095 0x0000020b0ccea490 code [0x0000020b0ccea640, 0x0000020b0ccea808]
Event: 20.933 Thread 0x0000020b21bcf000 10096       3       com.google.common.cache.LocalCache$Strength$3::referenceValue (38 bytes)
Event: 20.933 Thread 0x0000020b21bcf000 nmethod 10096 0x0000020b0ccea910 code [0x0000020b0cceab20, 0x0000020b0cceb068]
Event: 20.934 Thread 0x0000020b21bcf000 10097       3       org.gradle.internal.work.DefaultWorkerLeaseService$WorkerLeaseLockRegistry$1::create (11 bytes)
Event: 20.935 Thread 0x0000020b21bcf000 nmethod 10097 0x0000020b0cceb290 code [0x0000020b0cceb480, 0x0000020b0cceba98]
Event: 20.935 Thread 0x0000020b21bcf000 10098       3       org.gradle.internal.work.DefaultWorkerLeaseService$WorkerLeaseLockRegistry$1::create (26 bytes)
Event: 20.935 Thread 0x0000020b21bcf000 nmethod 10098 0x0000020b0ccebc90 code [0x0000020b0ccebe80, 0x0000020b0ccec338]
Event: 20.935 Thread 0x0000020b21bcf000 10099       3       org.gradle.internal.work.DefaultWorkerLeaseService$DefaultWorkerLease::<init> (26 bytes)
Event: 20.935 Thread 0x0000020b21bcf000 nmethod 10099 0x0000020b0ccec490 code [0x0000020b0ccec660, 0x0000020b0cceca58]
Event: 20.935 Thread 0x0000020b21bcf000 10100       3       org.gradle.internal.work.DefaultWorkerLeaseService$WorkerLeaseLockRegistry::getResourceLock (50 bytes)
Event: 20.937 Thread 0x0000020b21bcf000 nmethod 10100 0x0000020b0ccecb90 code [0x0000020b0ccecf20, 0x0000020b0ccee7f8]
Event: 20.954 Thread 0x0000020b21bcf000 10102       3       java.util.jar.JarFile::getVersionedEntry (85 bytes)
Event: 20.955 Thread 0x0000020b21bcf000 nmethod 10102 0x0000020b0ccef210 code [0x0000020b0ccef500, 0x0000020b0ccf0508]

GC Heap History (20 events):
Event: 5.686 GC heap before
{Heap before GC invocations=6 (full 0):
 garbage-first heap   total 129024K, used 67869K [0x0000000080000000, 0x0000000100000000)
  region size 1024K, 51 young (52224K), 2 survivors (2048K)
 Metaspace       used 26091K, capacity 26681K, committed 26928K, reserved 1073152K
  class space    used 3377K, capacity 3589K, committed 3712K, reserved 1048576K
}
Event: 5.692 GC heap after
{Heap after GC invocations=7 (full 0):
 garbage-first heap   total 173056K, used 19380K [0x0000000080000000, 0x0000000100000000)
  region size 1024K, 3 young (3072K), 3 survivors (3072K)
 Metaspace       used 26091K, capacity 26681K, committed 26928K, reserved 1073152K
  class space    used 3377K, capacity 3589K, committed 3712K, reserved 1048576K
}
Event: 6.749 GC heap before
{Heap before GC invocations=7 (full 0):
 garbage-first heap   total 173056K, used 81844K [0x0000000080000000, 0x0000000100000000)
  region size 1024K, 65 young (66560K), 3 survivors (3072K)
 Metaspace       used 35017K, capacity 35763K, committed 35920K, reserved 1081344K
  class space    used 4483K, capacity 4788K, committed 4864K, reserved 1048576K
}
Event: 6.759 GC heap after
{Heap after GC invocations=8 (full 0):
 garbage-first heap   total 173056K, used 22861K [0x0000000080000000, 0x0000000100000000)
  region size 1024K, 7 young (7168K), 7 survivors (7168K)
 Metaspace       used 35017K, capacity 35763K, committed 35920K, reserved 1081344K
  class space    used 4483K, capacity 4788K, committed 4864K, reserved 1048576K
}
Event: 8.105 GC heap before
{Heap before GC invocations=9 (full 0):
 garbage-first heap   total 173056K, used 102733K [0x0000000080000000, 0x0000000100000000)
  region size 1024K, 83 young (84992K), 7 survivors (7168K)
 Metaspace       used 41294K, capacity 42263K, committed 42576K, reserved 1087488K
  class space    used 5220K, capacity 5560K, committed 5632K, reserved 1048576K
}
Event: 8.118 GC heap after
{Heap after GC invocations=10 (full 0):
 garbage-first heap   total 173056K, used 29143K [0x0000000080000000, 0x0000000100000000)
  region size 1024K, 11 young (11264K), 11 survivors (11264K)
 Metaspace       used 41294K, capacity 42263K, committed 42576K, reserved 1087488K
  class space    used 5220K, capacity 5560K, committed 5632K, reserved 1048576K
}
Event: 9.653 GC heap before
{Heap before GC invocations=10 (full 0):
 garbage-first heap   total 173056K, used 120279K [0x0000000080000000, 0x0000000100000000)
  region size 1024K, 99 young (101376K), 11 survivors (11264K)
 Metaspace       used 48169K, capacity 49364K, committed 49616K, reserved 1093632K
  class space    used 6084K, capacity 6514K, committed 6528K, reserved 1048576K
}
Event: 9.670 GC heap after
{Heap after GC invocations=11 (full 0):
 garbage-first heap   total 173056K, used 32153K [0x0000000080000000, 0x0000000100000000)
  region size 1024K, 9 young (9216K), 9 survivors (9216K)
 Metaspace       used 48169K, capacity 49364K, committed 49616K, reserved 1093632K
  class space    used 6084K, capacity 6514K, committed 6528K, reserved 1048576K
}
Event: 11.930 GC heap before
{Heap before GC invocations=11 (full 0):
 garbage-first heap   total 173056K, used 130457K [0x0000000080000000, 0x0000000100000000)
  region size 1024K, 100 young (102400K), 9 survivors (9216K)
 Metaspace       used 58186K, capacity 59602K, committed 59856K, reserved 1101824K
  class space    used 7253K, capacity 7800K, committed 7808K, reserved 1048576K
}
Event: 11.949 GC heap after
{Heap after GC invocations=12 (full 0):
 garbage-first heap   total 173056K, used 44816K [0x0000000080000000, 0x0000000100000000)
  region size 1024K, 12 young (12288K), 12 survivors (12288K)
 Metaspace       used 58186K, capacity 59602K, committed 59856K, reserved 1101824K
  class space    used 7253K, capacity 7800K, committed 7808K, reserved 1048576K
}
Event: 12.314 GC heap before
{Heap before GC invocations=12 (full 0):
 garbage-first heap   total 173056K, used 49936K [0x0000000080000000, 0x0000000100000000)
  region size 1024K, 18 young (18432K), 12 survivors (12288K)
 Metaspace       used 58821K, capacity 60182K, committed 60240K, reserved 1101824K
  class space    used 7355K, capacity 7887K, committed 7936K, reserved 1048576K
}
Event: 12.349 GC heap after
{Heap after GC invocations=13 (full 0):
 garbage-first heap   total 207872K, used 45964K [0x0000000080000000, 0x0000000100000000)
  region size 1024K, 2 young (2048K), 2 survivors (2048K)
 Metaspace       used 58821K, capacity 60182K, committed 60240K, reserved 1101824K
  class space    used 7355K, capacity 7887K, committed 7936K, reserved 1048576K
}
Event: 14.778 GC heap before
{Heap before GC invocations=14 (full 0):
 garbage-first heap   total 207872K, used 155532K [0x0000000080000000, 0x0000000100000000)
  region size 1024K, 101 young (103424K), 2 survivors (2048K)
 Metaspace       used 66308K, capacity 67766K, committed 68052K, reserved 1107968K
  class space    used 8320K, capacity 8882K, committed 8960K, reserved 1048576K
}
Event: 14.789 GC heap after
{Heap after GC invocations=15 (full 0):
 garbage-first heap   total 207872K, used 52933K [0x0000000080000000, 0x0000000100000000)
  region size 1024K, 9 young (9216K), 9 survivors (9216K)
 Metaspace       used 66308K, capacity 67766K, committed 68052K, reserved 1107968K
  class space    used 8320K, capacity 8882K, committed 8960K, reserved 1048576K
}
Event: 15.474 GC heap before
{Heap before GC invocations=15 (full 0):
 garbage-first heap   total 207872K, used 111301K [0x0000000080000000, 0x0000000100000000)
  region size 1024K, 66 young (67584K), 9 survivors (9216K)
 Metaspace       used 70656K, capacity 72229K, committed 72404K, reserved 1112064K
  class space    used 9015K, capacity 9623K, committed 9728K, reserved 1048576K
}
Event: 15.486 GC heap after
{Heap after GC invocations=16 (full 0):
 garbage-first heap   total 207872K, used 56414K [0x0000000080000000, 0x0000000100000000)
  region size 1024K, 4 young (4096K), 4 survivors (4096K)
 Metaspace       used 70656K, capacity 72229K, committed 72404K, reserved 1112064K
  class space    used 9015K, capacity 9623K, committed 9728K, reserved 1048576K
}
Event: 17.063 GC heap before
{Heap before GC invocations=16 (full 0):
 garbage-first heap   total 207872K, used 159838K [0x0000000080000000, 0x0000000100000000)
  region size 1024K, 105 young (107520K), 4 survivors (4096K)
 Metaspace       used 80590K, capacity 82290K, committed 82516K, reserved 1120256K
  class space    used 10383K, capacity 11038K, committed 11136K, reserved 1048576K
}
Event: 17.077 GC heap after
{Heap after GC invocations=17 (full 0):
 garbage-first heap   total 207872K, used 62917K [0x0000000080000000, 0x0000000100000000)
  region size 1024K, 10 young (10240K), 10 survivors (10240K)
 Metaspace       used 80590K, capacity 82290K, committed 82516K, reserved 1120256K
  class space    used 10383K, capacity 11038K, committed 11136K, reserved 1048576K
}
Event: 19.885 GC heap before
{Heap before GC invocations=17 (full 0):
 garbage-first heap   total 207872K, used 161221K [0x0000000080000000, 0x0000000100000000)
  region size 1024K, 107 young (109568K), 10 survivors (10240K)
 Metaspace       used 85255K, capacity 87382K, committed 87508K, reserved 1126400K
  class space    used 10939K, capacity 11738K, committed 11776K, reserved 1048576K
}
Event: 19.908 GC heap after
{Heap after GC invocations=18 (full 0):
 garbage-first heap   total 207872K, used 71301K [0x0000000080000000, 0x0000000100000000)
  region size 1024K, 14 young (14336K), 14 survivors (14336K)
 Metaspace       used 85255K, capacity 87382K, committed 87508K, reserved 1126400K
  class space    used 10939K, capacity 11738K, committed 11776K, reserved 1048576K
}

Deoptimization events (20 events):
Event: 20.766 Thread 0x0000020b263a2000 Uncommon trap: trap_request=0xfffffff4 fr.pc=0x0000020b132c6cfc relative=0x00000000000000dc
Event: 20.766 Thread 0x0000020b263a2000 Uncommon trap: reason=null_check action=make_not_entrant pc=0x0000020b132c6cfc method=org.gradle.tooling.internal.provider.runner.ClientBuildEventGenerator$Disabled.accept(Lorg/gradle/internal/operations/BuildOperationDescriptor;)Lorg/gradle/tooling/inter
Event: 20.766 Thread 0x0000020b263a2000 DEOPT PACKING pc=0x0000020b132c6cfc sp=0x000000d7909fe380
Event: 20.767 Thread 0x0000020b263a2000 DEOPT UNPACKING pc=0x0000020b0b38a1af sp=0x000000d7909fe308 mode 2
Event: 20.791 Thread 0x0000020b2839d800 Uncommon trap: trap_request=0xffffff4d fr.pc=0x0000020b12ee2a90 relative=0x0000000000001310
Event: 20.791 Thread 0x0000020b2839d800 Uncommon trap: reason=unstable_if action=reinterpret pc=0x0000020b12ee2a90 method=java.util.concurrent.ConcurrentHashMap.transfer([Ljava/util/concurrent/ConcurrentHashMap$Node;[Ljava/util/concurrent/ConcurrentHashMap$Node;)V @ 34 c2
Event: 20.791 Thread 0x0000020b263a6000 Uncommon trap: trap_request=0xffffff4d fr.pc=0x0000020b12ee2bb0 relative=0x0000000000001430
Event: 20.791 Thread 0x0000020b2839d800 DEOPT PACKING pc=0x0000020b12ee2a90 sp=0x000000d7911fdf90
Event: 20.791 Thread 0x0000020b2839d800 DEOPT UNPACKING pc=0x0000020b0b38a1af sp=0x000000d7911fdf50 mode 2
Event: 20.792 Thread 0x0000020b263a6000 Uncommon trap: reason=unstable_if action=reinterpret pc=0x0000020b12ee2bb0 method=java.util.concurrent.ConcurrentHashMap.transfer([Ljava/util/concurrent/ConcurrentHashMap$Node;[Ljava/util/concurrent/ConcurrentHashMap$Node;)V @ 273 c2
Event: 20.792 Thread 0x0000020b263a6000 DEOPT PACKING pc=0x0000020b12ee2bb0 sp=0x000000d790bfdc30
Event: 20.792 Thread 0x0000020b263a6000 DEOPT UNPACKING pc=0x0000020b0b38a1af sp=0x000000d790bfdbd0 mode 2
Event: 20.878 Thread 0x0000020b29f24800 Uncommon trap: trap_request=0xffffffc6 fr.pc=0x0000020b13106d08 relative=0x00000000000000c8
Event: 20.878 Thread 0x0000020b29f24800 Uncommon trap: reason=bimorphic_or_optimized_type_check action=maybe_recompile pc=0x0000020b13106d08 method=com.google.common.collect.RegularImmutableMap.checkNoConflictInKeyBucket(Ljava/lang/Object;Ljava/util/Map$Entry;Lcom/google/common/collect/Immutabl
Event: 20.878 Thread 0x0000020b29f24800 DEOPT PACKING pc=0x0000020b13106d08 sp=0x000000d791dfd450
Event: 20.878 Thread 0x0000020b29f24800 DEOPT UNPACKING pc=0x0000020b0b38a1af sp=0x000000d791dfd3f8 mode 2
Event: 20.924 Thread 0x0000020b29f27000 Uncommon trap: trap_request=0xffffff4d fr.pc=0x0000020b132cdc24 relative=0x0000000000000924
Event: 20.924 Thread 0x0000020b29f27000 Uncommon trap: reason=unstable_if action=reinterpret pc=0x0000020b132cdc24 method=java.util.jar.JarFile.getVersionedEntry(Ljava/lang/String;Ljava/util/jar/JarEntry;)Ljava/util/jar/JarEntry; @ 7 c2
Event: 20.924 Thread 0x0000020b29f27000 DEOPT PACKING pc=0x0000020b132cdc24 sp=0x000000d7920f9d50
Event: 20.924 Thread 0x0000020b29f27000 DEOPT UNPACKING pc=0x0000020b0b38a1af sp=0x000000d7920f9d30 mode 2

Classes redefined (0 events):
No events

Internal exceptions (20 events):
Event: 19.754 Thread 0x0000020b2622d000 Implicit null exception at 0x0000020b132820c9 to 0x0000020b13282ae8
Event: 19.979 Thread 0x0000020b283a6000 Exception <a 'java/lang/NoSuchMethodError'{0x000000008c727018}: <clinit>> (0x000000008c727018) thrown at [./src/hotspot/share/prims/jni.cpp, line 1366]
Event: 19.980 Thread 0x0000020b283a6000 Exception <a 'java/lang/NoSuchMethodError'{0x000000008c7288c8}: <clinit>> (0x000000008c7288c8) thrown at [./src/hotspot/share/prims/jni.cpp, line 1366]
Event: 19.980 Thread 0x0000020b283a6000 Exception <a 'java/lang/NoSuchMethodError'{0x000000008c72b770}: <clinit>> (0x000000008c72b770) thrown at [./src/hotspot/share/prims/jni.cpp, line 1366]
Event: 19.981 Thread 0x0000020b283a6000 Exception <a 'java/lang/NoSuchMethodError'{0x000000008c747160}: <clinit>> (0x000000008c747160) thrown at [./src/hotspot/share/prims/jni.cpp, line 1366]
Event: 19.981 Thread 0x0000020b283a6000 Exception <a 'java/lang/NoSuchMethodError'{0x000000008c748640}: <clinit>> (0x000000008c748640) thrown at [./src/hotspot/share/prims/jni.cpp, line 1366]
Event: 20.392 Thread 0x0000020b283a6000 Exception <a 'sun/nio/fs/WindowsException'{0x000000008ae14790}> (0x000000008ae14790) thrown at [./src/hotspot/share/prims/jni.cpp, line 616]
Event: 20.393 Thread 0x0000020b283a6000 Exception <a 'sun/nio/fs/WindowsException'{0x000000008ae158f0}> (0x000000008ae158f0) thrown at [./src/hotspot/share/prims/jni.cpp, line 616]
Event: 20.393 Thread 0x0000020b283a6000 Exception <a 'sun/nio/fs/WindowsException'{0x000000008ae15ca8}> (0x000000008ae15ca8) thrown at [./src/hotspot/share/prims/jni.cpp, line 616]
Event: 20.393 Thread 0x0000020b283a6000 Exception <a 'sun/nio/fs/WindowsException'{0x000000008ae16de8}> (0x000000008ae16de8) thrown at [./src/hotspot/share/prims/jni.cpp, line 616]
Event: 20.393 Thread 0x0000020b283a6000 Exception <a 'sun/nio/fs/WindowsException'{0x000000008ae17128}> (0x000000008ae17128) thrown at [./src/hotspot/share/prims/jni.cpp, line 616]
Event: 20.393 Thread 0x0000020b283a6000 Exception <a 'sun/nio/fs/WindowsException'{0x000000008ae18280}> (0x000000008ae18280) thrown at [./src/hotspot/share/prims/jni.cpp, line 616]
Event: 20.393 Thread 0x0000020b283a6000 Exception <a 'sun/nio/fs/WindowsException'{0x000000008ae18560}> (0x000000008ae18560) thrown at [./src/hotspot/share/prims/jni.cpp, line 616]
Event: 20.394 Thread 0x0000020b283a6000 Exception <a 'sun/nio/fs/WindowsException'{0x000000008ae19688}> (0x000000008ae19688) thrown at [./src/hotspot/share/prims/jni.cpp, line 616]
Event: 20.394 Thread 0x0000020b283a6000 Exception <a 'sun/nio/fs/WindowsException'{0x000000008ae19968}> (0x000000008ae19968) thrown at [./src/hotspot/share/prims/jni.cpp, line 616]
Event: 20.418 Thread 0x0000020b283a6000 Exception <a 'java/lang/NoSuchMethodError'{0x000000008ada9618}: <clinit>> (0x000000008ada9618) thrown at [./src/hotspot/share/prims/jni.cpp, line 1366]
Event: 20.421 Thread 0x0000020b283a6000 Exception <a 'java/lang/NoSuchMethodError'{0x000000008ade2b88}: <clinit>> (0x000000008ade2b88) thrown at [./src/hotspot/share/prims/jni.cpp, line 1366]
Event: 20.424 Thread 0x0000020b283a6000 Exception <a 'java/lang/NoSuchMethodError'{0x000000008ac13ca8}: <clinit>> (0x000000008ac13ca8) thrown at [./src/hotspot/share/prims/jni.cpp, line 1366]
Event: 20.427 Thread 0x0000020b283a6000 Exception <a 'java/lang/NoSuchMethodError'{0x000000008ac27eb0}: <clinit>> (0x000000008ac27eb0) thrown at [./src/hotspot/share/prims/jni.cpp, line 1366]
Event: 20.766 Thread 0x0000020b263a2000 Implicit null exception at 0x0000020b132c6c5b to 0x0000020b132c6cf0

Events (20 events):
Event: 20.949 loading class kotlin/reflect/jvm/internal/impl/types/TypeSubstitution$Companion$EMPTY$1
Event: 20.949 loading class kotlin/reflect/jvm/internal/impl/types/TypeSubstitution$Companion$EMPTY$1 done
Event: 20.950 loading class kotlin/reflect/jvm/internal/impl/load/java/lazy/types/RawSubstitution$Companion
Event: 20.950 loading class kotlin/reflect/jvm/internal/impl/load/java/lazy/types/RawSubstitution$Companion done
Event: 20.950 loading class kotlin/reflect/jvm/internal/impl/load/java/components/TypeUsage
Event: 20.950 loading class kotlin/reflect/jvm/internal/impl/load/java/components/TypeUsage done
Event: 20.950 loading class kotlin/reflect/jvm/internal/impl/load/java/lazy/types/JavaTypeResolverKt
Event: 20.950 loading class kotlin/reflect/jvm/internal/impl/load/java/lazy/types/JavaTypeResolverKt done
Event: 20.951 loading class kotlin/reflect/jvm/internal/impl/load/java/lazy/types/JavaTypeAttributes
Event: 20.951 loading class kotlin/reflect/jvm/internal/impl/load/java/lazy/types/JavaTypeAttributes done
Event: 20.952 loading class kotlin/reflect/jvm/internal/impl/load/java/lazy/types/JavaTypeFlexibility
Event: 20.952 loading class kotlin/reflect/jvm/internal/impl/load/java/lazy/types/JavaTypeFlexibility done
Event: 20.953 loading class kotlin/reflect/jvm/internal/impl/load/java/lazy/types/TypeParameterUpperBoundEraser$getErasedUpperBound$1
Event: 20.953 loading class kotlin/reflect/jvm/internal/impl/load/java/lazy/types/TypeParameterUpperBoundEraser$getErasedUpperBound$1 done
Event: 20.953 loading class kotlin/reflect/jvm/internal/impl/storage/LockBasedStorageManager$CacheWithNotNullValuesBasedOnMemoizedFunction
Event: 20.953 loading class kotlin/reflect/jvm/internal/impl/storage/LockBasedStorageManager$CacheWithNotNullValuesBasedOnMemoizedFunction done
Event: 20.954 loading class kotlin/reflect/jvm/internal/impl/load/kotlin/JavaClassDataFinder
Event: 20.954 loading class kotlin/reflect/jvm/internal/impl/load/kotlin/JavaClassDataFinder done
Event: 20.955 loading class kotlin/reflect/jvm/internal/impl/serialization/deserialization/ClassDataFinder
Event: 20.955 loading class kotlin/reflect/jvm/internal/impl/serialization/deserialization/ClassDataFinder done


Dynamic libraries:
0x00007ff7d02f0000 - 0x00007ff7d02fa000 	D:\Program Files\Android Studio\jre\bin\java.exe
0x00007ffd0c090000 - 0x00007ffd0c288000 	C:\Windows\SYSTEM32\ntdll.dll
0x00007ffd0afa0000 - 0x00007ffd0b05d000 	C:\Windows\System32\KERNEL32.DLL
0x00007ffd09a20000 - 0x00007ffd09cee000 	C:\Windows\System32\KERNELBASE.dll
0x00007ffd09870000 - 0x00007ffd09970000 	C:\Windows\System32\ucrtbase.dll
0x00007ffcf3110000 - 0x00007ffcf3129000 	D:\Program Files\Android Studio\jre\bin\jli.dll
0x00007ffd0a290000 - 0x00007ffd0a430000 	C:\Windows\System32\USER32.dll
0x00007ffd097b0000 - 0x00007ffd097d2000 	C:\Windows\System32\win32u.dll
0x00007ffd0b690000 - 0x00007ffd0b6ba000 	C:\Windows\System32\GDI32.dll
0x00007ffd09ec0000 - 0x00007ffd09fcb000 	C:\Windows\System32\gdi32full.dll
0x00007ffd0a020000 - 0x00007ffd0a0bd000 	C:\Windows\System32\msvcp_win.dll
0x00007ffcf2e60000 - 0x00007ffcf30fa000 	C:\Windows\WinSxS\amd64_microsoft.windows.common-controls_6595b64144ccf1df_6.0.19041.1110_none_60b5254171f9507e\COMCTL32.dll
0x00007ffd0b5f0000 - 0x00007ffd0b68e000 	C:\Windows\System32\msvcrt.dll
0x00007ffcd71c0000 - 0x00007ffcd71d7000 	D:\Program Files\Android Studio\jre\bin\VCRUNTIME140.dll
0x00007ffd0b6c0000 - 0x00007ffd0b6f0000 	C:\Windows\System32\IMM32.DLL
0x00007ffcb13d0000 - 0x00007ffcb146d000 	D:\Program Files\Android Studio\jre\bin\msvcp140.dll
0x00007ffca6130000 - 0x00007ffca6c32000 	D:\Program Files\Android Studio\jre\bin\server\jvm.dll
0x00007ffd0a180000 - 0x00007ffd0a22e000 	C:\Windows\System32\ADVAPI32.dll
0x00007ffd0b4f0000 - 0x00007ffd0b58c000 	C:\Windows\System32\sechost.dll
0x00007ffd0b830000 - 0x00007ffd0b955000 	C:\Windows\System32\RPCRT4.dll
0x00007ffd0b820000 - 0x00007ffd0b828000 	C:\Windows\System32\PSAPI.DLL
0x00007ffcfeca0000 - 0x00007ffcfecc7000 	C:\Windows\SYSTEM32\WINMM.dll
0x00007ffcff090000 - 0x00007ffcff09a000 	C:\Windows\SYSTEM32\VERSION.dll
0x00007ffcd9960000 - 0x00007ffcd9969000 	C:\Windows\SYSTEM32\WSOCK32.dll
0x00007ffd0bfe0000 - 0x00007ffd0c04b000 	C:\Windows\System32\WS2_32.dll
0x00007ffd08060000 - 0x00007ffd08072000 	C:\Windows\SYSTEM32\kernel.appcore.dll
0x00007ffd04b80000 - 0x00007ffd04b91000 	D:\Program Files\Android Studio\jre\bin\verify.dll
0x00007ffcffb40000 - 0x00007ffcffd24000 	C:\Windows\SYSTEM32\DBGHELP.DLL
0x00007ffcff460000 - 0x00007ffcff48c000 	C:\Windows\SYSTEM32\dbgcore.DLL
0x00007ffd097e0000 - 0x00007ffd09862000 	C:\Windows\System32\bcryptPrimitives.dll
0x00007ffca6100000 - 0x00007ffca6129000 	D:\Program Files\Android Studio\jre\bin\java.dll
0x00007ffd04b70000 - 0x00007ffd04b7b000 	D:\Program Files\Android Studio\jre\bin\jimage.dll
0x00007ffca60e0000 - 0x00007ffca60f8000 	D:\Program Files\Android Studio\jre\bin\zip.dll
0x00007ffd0a850000 - 0x00007ffd0af93000 	C:\Windows\System32\SHELL32.dll
0x00007ffd07620000 - 0x00007ffd07db5000 	C:\Windows\SYSTEM32\windows.storage.dll
0x00007ffd0b060000 - 0x00007ffd0b3b4000 	C:\Windows\System32\combase.dll
0x00007ffd091a0000 - 0x00007ffd091d0000 	C:\Windows\SYSTEM32\Wldp.dll
0x00007ffd0a430000 - 0x00007ffd0a4dd000 	C:\Windows\System32\SHCORE.dll
0x00007ffd0a230000 - 0x00007ffd0a285000 	C:\Windows\System32\shlwapi.dll
0x00007ffd096f0000 - 0x00007ffd0970f000 	C:\Windows\SYSTEM32\profapi.dll
0x00007ffca60c0000 - 0x00007ffca60da000 	D:\Program Files\Android Studio\jre\bin\net.dll
0x00007ffcfcdc0000 - 0x00007ffcfceca000 	C:\Windows\SYSTEM32\WINHTTP.dll
0x00007ffd08ea0000 - 0x00007ffd08f0a000 	C:\Windows\system32\mswsock.dll
0x00007ffca60a0000 - 0x00007ffca60b4000 	D:\Program Files\Android Studio\jre\bin\nio.dll
0x00007ffcd71e0000 - 0x00007ffcd7207000 	C:\Users\evriv\.gradle\native\e1d6ef7f7dcc3fd88c89a11ec53ec762bb8ba0a96d01ffa2cd45eb1d1d8dd5c5\windows-amd64\native-platform.dll
0x00007ffc701c0000 - 0x00007ffc70304000 	C:\Users\evriv\.gradle\native\0d407fdbe67a94daf76414ababcb853783967236a71b16ec16e742cd7a986fd3\windows-amd64\native-platform-file-events.dll
0x00007ffca6090000 - 0x00007ffca609a000 	D:\Program Files\Android Studio\jre\bin\management.dll
0x00007ffca6080000 - 0x00007ffca608d000 	D:\Program Files\Android Studio\jre\bin\management_ext.dll
0x00007ffd09090000 - 0x00007ffd090a8000 	C:\Windows\SYSTEM32\CRYPTSP.dll
0x00007ffd08820000 - 0x00007ffd08854000 	C:\Windows\system32\rsaenh.dll
0x00007ffd0a0c0000 - 0x00007ffd0a0e7000 	C:\Windows\System32\bcrypt.dll
0x00007ffd096b0000 - 0x00007ffd096de000 	C:\Windows\SYSTEM32\USERENV.dll
0x00007ffd090b0000 - 0x00007ffd090bc000 	C:\Windows\SYSTEM32\CRYPTBASE.dll
0x00007ffd08b90000 - 0x00007ffd08bcb000 	C:\Windows\SYSTEM32\IPHLPAPI.DLL
0x00007ffd0a0f0000 - 0x00007ffd0a0f8000 	C:\Windows\System32\NSI.dll
0x00007ffcfe960000 - 0x00007ffcfe977000 	C:\Windows\SYSTEM32\dhcpcsvc6.DLL
0x00007ffcff130000 - 0x00007ffcff14d000 	C:\Windows\SYSTEM32\dhcpcsvc.DLL
0x00007ffd08bd0000 - 0x00007ffd08c9a000 	C:\Windows\SYSTEM32\DNSAPI.dll

dbghelp: loaded successfully - version: 4.0.5 - missing functions: none
symbol engine: initialized successfully - sym options: 0x614 - pdb path: .;D:\Program Files\Android Studio\jre\bin;C:\Windows\SYSTEM32;C:\Windows\WinSxS\amd64_microsoft.windows.common-controls_6595b64144ccf1df_6.0.19041.1110_none_60b5254171f9507e;D:\Program Files\Android Studio\jre\bin\server;C:\Users\evriv\.gradle\native\e1d6ef7f7dcc3fd88c89a11ec53ec762bb8ba0a96d01ffa2cd45eb1d1d8dd5c5\windows-amd64;C:\Users\evriv\.gradle\native\0d407fdbe67a94daf76414ababcb853783967236a71b16ec16e742cd7a986fd3\windows-amd64

VM Arguments:
jvm_args: --add-opens=java.base/java.util=ALL-UNNAMED --add-opens=java.base/java.lang=ALL-UNNAMED --add-opens=java.base/java.lang.invoke=ALL-UNNAMED --add-opens=java.base/java.util=ALL-UNNAMED --add-opens=java.prefs/java.util.prefs=ALL-UNNAMED --add-opens=java.prefs/java.util.prefs=ALL-UNNAMED --add-opens=java.base/java.nio.charset=ALL-UNNAMED --add-opens=java.base/java.net=ALL-UNNAMED --add-opens=java.base/java.util.concurrent.atomic=ALL-UNNAMED -Xmx2048m -Dfile.encoding=UTF-8 -Duser.country=US -Duser.language=en -Duser.variant 
java_command: org.gradle.launcher.daemon.bootstrap.GradleDaemon 7.4
java_class_path (initial): C:\Users\evriv\.gradle\wrapper\dists\gradle-7.4-bin\c0gwcg53nkjbqw7r0h0umtfvt\gradle-7.4\lib\gradle-launcher-7.4.jar
Launcher Type: SUN_STANDARD

[Global flags]
     intx CICompilerCount                          = 3                                         {product} {ergonomic}
     uint ConcGCThreads                            = 1                                         {product} {ergonomic}
     uint G1ConcRefinementThreads                  = 4                                         {product} {ergonomic}
   size_t G1HeapRegionSize                         = 1048576                                   {product} {ergonomic}
    uintx GCDrainStackTargetSize                   = 64                                        {product} {ergonomic}
   size_t InitialHeapSize                          = 132120576                                 {product} {ergonomic}
   size_t MarkStackSize                            = 4194304                                   {product} {ergonomic}
   size_t MaxHeapSize                              = 2147483648                                {product} {command line}
   size_t MaxNewSize                               = 1287651328                                {product} {ergonomic}
   size_t MinHeapDeltaBytes                        = 1048576                                   {product} {ergonomic}
    uintx NonNMethodCodeHeapSize                   = 5830732                                {pd product} {ergonomic}
    uintx NonProfiledCodeHeapSize                  = 122913754                              {pd product} {ergonomic}
    uintx ProfiledCodeHeapSize                     = 122913754                              {pd product} {ergonomic}
    uintx ReservedCodeCacheSize                    = 251658240                              {pd product} {ergonomic}
     bool SegmentedCodeCache                       = true                                      {product} {ergonomic}
     bool UseCompressedClassPointers               = true                                 {lp64_product} {ergonomic}
     bool UseCompressedOops                        = true                                 {lp64_product} {ergonomic}
     bool UseG1GC                                  = true                                      {product} {ergonomic}
     bool UseLargePagesIndividualAllocation        = false                                  {pd product} {ergonomic}

Logging:
Log output configuration:
 #0: stdout all=warning uptime,level,tags
 #1: stderr all=off uptime,level,tags

Environment Variables:
PATH=C:\Windows\System32\HWAudioDriverLibs;C:\Program Files\Common Files\Oracle\Java\javapath;C:\Windows\system32;C:\Windows;C:\Windows\System32\Wbem;C:\Windows\System32\WindowsPowerShell\v1.0\;C:\Windows\System32\OpenSSH\;C:\Program Files\dotnet\;C:\Program Files\Microsoft SQL Server\130\Tools\Binn\;C:\Program Files\nodejs\;C:\Windows\system32\config\systemprofile\AppData\Local\Microsoft\WindowsApps;C:\Program Files\MEGA11;C:\Users\evriv\AppData\Local\Programs\Python\Python39\Scripts\;C:\Users\evriv\AppData\Local\Programs\Python\Python39\;C:\Users\evriv\AppData\Local\Microsoft\WindowsApps;C:\Users\evriv\AppData\Local\Programs\Microsoft VS Code\bin;C:\Users\evriv\AppData\Roaming\npm;C:\Users\evriv\AppData\Local\Programs\mongosh\;C:\Users\evriv\AppData\Local\GitHubDesktop\bin;C:\Users\evriv\.dotnet\tools
USERNAME=evriv
OS=Windows_NT
PROCESSOR_IDENTIFIER=Intel64 Family 6 Model 142 Stepping 12, GenuineIntel



---------------  S Y S T E M  ---------------

OS: Windows 10 , 64 bit Build 19041 (10.0.19041.1889)
OS uptime: 0 days 0:19 hours

CPU:total 4 (initial active 4) (2 cores per cpu, 2 threads per core) family 6 model 142 stepping 12 microcode 0xde, cmov, cx8, fxsr, mmx, sse, sse2, sse3, ssse3, sse4.1, sse4.2, popcnt, avx, avx2, aes, clmul, erms, 3dnowpref, lzcnt, ht, tsc, tscinvbit, bmi1, bmi2, adx, fma

Memory: 4k page, system-wide physical 8025M (301M free)
TotalPageFile size 10073M (AvailPageFile size 0M)
current process WorkingSet (physical memory assigned to process): 391M, peak: 400M
current process commit charge ("private bytes"): 465M, peak: 475M

vm_info: OpenJDK 64-Bit Server VM (11.0.13+0-b1751.21-8125866) for windows-amd64 JRE (11.0.13+0-b1751.21-8125866), built on Feb  2 2022 03:00:22 by "builder" with MS VC++ 14.0 (VS2015)

END.
