#
# There is insufficient memory for the Java Runtime Environment to continue.
# Native memory allocation (malloc) failed to allocate 2178576 bytes for Chunk::new
# Possible reasons:
#   The system is out of physical RAM or swap space
#   The process is running with CompressedOops enabled, and the Java Heap may be blocking the growth of the native heap
# Possible solutions:
#   Reduce memory load on the system
#   Increase physical memory or swap space
#   Check if swap backing store is full
#   Decrease Java heap size (-Xmx/-Xms)
#   Decrease number of Java threads
#   Decrease Java thread stack sizes (-Xss)
#   Set larger code cache with -XX:ReservedCodeCacheSize=
#   JVM is running with Unscaled Compressed Oops mode in which the Java heap is
#     placed in the first 4GB address space. The Java Heap base address is the
#     maximum limit for the native heap growth. Please use -XX:HeapBaseMinAddress
#     to set the Java Heap base and to place the Java Heap above 4GB virtual address.
# This output file may be truncated or incomplete.
#
#  Out of Memory Error (./src/hotspot/share/memory/arena.cpp:197), pid=6944, tid=13204
#
# JRE version: OpenJDK Runtime Environment (11.0.13) (build 11.0.13+0-b1751.21-8125866)
# Java VM: OpenJDK 64-Bit Server VM (11.0.13+0-b1751.21-8125866, mixed mode, tiered, compressed oops, g1 gc, windows-amd64)
# No core dump will be written. Minidumps are not enabled by default on client versions of Windows
#

---------------  S U M M A R Y ------------

Command Line: --add-opens=java.base/java.util=ALL-UNNAMED --add-opens=java.base/java.lang=ALL-UNNAMED --add-opens=java.base/java.lang.invoke=ALL-UNNAMED --add-opens=java.base/java.util=ALL-UNNAMED --add-opens=java.prefs/java.util.prefs=ALL-UNNAMED --add-opens=java.prefs/java.util.prefs=ALL-UNNAMED --add-opens=java.base/java.nio.charset=ALL-UNNAMED --add-opens=java.base/java.net=ALL-UNNAMED --add-opens=java.base/java.util.concurrent.atomic=ALL-UNNAMED -Xmx2048m -Dfile.encoding=UTF-8 -Duser.country=US -Duser.language=en -Duser.variant org.gradle.launcher.daemon.bootstrap.GradleDaemon 7.4

Host: Intel(R) Core(TM) i3-10110U CPU @ 2.10GHz, 4 cores, 7G,  Windows 10 , 64 bit Build 19041 (10.0.19041.1889)
Time: Wed Nov  2 18:45:33 2022 Namibia Standard Time elapsed time: 30.277458 seconds (0d 0h 0m 30s)

---------------  T H R E A D  ---------------

Current thread (0x00000237d6df4800):  JavaThread "C2 CompilerThread0" daemon [_thread_in_native, id=13204, stack(0x000000395fa00000,0x000000395fb00000)]


Current CompileTask:
C2:  30277 14232 %     4       com.android.tools.r8.ir.regalloc.b::a @ 1545 (1831 bytes)

Stack: [0x000000395fa00000,0x000000395fb00000]
Native frames: (J=compiled Java code, j=interpreted, Vv=VM code, C=native code)
V  [jvm.dll+0x6100fa]
V  [jvm.dll+0x747090]
V  [jvm.dll+0x7486ad]
V  [jvm.dll+0x748d83]
V  [jvm.dll+0x24ab48]
V  [jvm.dll+0xc04dc]
V  [jvm.dll+0xc0a0c]
V  [jvm.dll+0x35eb9d]
V  [jvm.dll+0x19d7bc]
V  [jvm.dll+0x2033be]
V  [jvm.dll+0x202437]
V  [jvm.dll+0x188e01]
V  [jvm.dll+0x21106b]
V  [jvm.dll+0x20f8c1]
V  [jvm.dll+0x70de0f]
V  [jvm.dll+0x706a75]
V  [jvm.dll+0x60ed66]
C  [ucrtbase.dll+0x21bb2]
C  [KERNEL32.DLL+0x17034]
C  [ntdll.dll+0x526a1]


---------------  P R O C E S S  ---------------

Threads class SMR info:
_java_thread_list=0x00000237e4aa3990, length=91, elements={
0x00000237bca9e000, 0x00000237d6dcd800, 0x00000237d6dcf000, 0x00000237d7792800,
0x00000237d6ded000, 0x00000237d6def000, 0x00000237d6df4800, 0x00000237d6dfa000,
0x00000237d6dfb800, 0x00000237d78d4000, 0x00000237d9883000, 0x00000237d7aa8000,
0x00000237dad6e800, 0x00000237d8ae3800, 0x00000237d95a5800, 0x00000237d9c89800,
0x00000237d978a000, 0x00000237dafc1800, 0x00000237d97b2000, 0x00000237d9843000,
0x00000237d95ae800, 0x00000237d9d25800, 0x00000237d9d24000, 0x00000237d9d23000,
0x00000237d9d25000, 0x00000237d9d26800, 0x00000237d9d27000, 0x00000237d9d22800,
0x00000237d9d21800, 0x00000237d9d28000, 0x00000237d9f69000, 0x00000237d9f67800,
0x00000237d9f66800, 0x00000237d9f6a000, 0x00000237d9f65000, 0x00000237d9f64000,
0x00000237d9f6a800, 0x00000237d9f6b800, 0x00000237d9f65800, 0x00000237d9f70800,
0x00000237d9f6d000, 0x00000237d9f6c000, 0x00000237d9f72000, 0x00000237d9f71000,
0x00000237d9f6e000, 0x00000237d9f6f800, 0x00000237d9f6e800, 0x00000237dcff5800,
0x00000237dcff7800, 0x00000237dcff8000, 0x00000237dcff9000, 0x00000237dcff9800,
0x00000237dcffa800, 0x00000237dcffb800, 0x00000237dcffc000, 0x00000237dcff6800,
0x00000237dd001000, 0x00000237dd002000, 0x00000237dcfff800, 0x00000237dd000800,
0x00000237dd002800, 0x00000237dcffd000, 0x00000237dd003800, 0x00000237dcffe000,
0x00000237dd004800, 0x00000237dcffe800, 0x00000237d896c800, 0x00000237d8967800,
0x00000237d896a000, 0x00000237d896a800, 0x00000237d8968000, 0x00000237d896d000,
0x00000237d896b800, 0x00000237d896e000, 0x00000237d896e800, 0x00000237d8969000,
0x00000237d8974800, 0x00000237d8970800, 0x00000237d8975800, 0x00000237d8973800,
0x00000237d896f800, 0x00000237d8972000, 0x00000237d8976000, 0x00000237d8971000,
0x00000237dd707000, 0x00000237dd704000, 0x00000237dd704800, 0x00000237dd708000,
0x00000237dd705800, 0x00000237dd706800, 0x00000237dd702800
}

Java Threads: ( => current thread )
  0x00000237bca9e000 JavaThread "main" [_thread_blocked, id=11976, stack(0x000000395ee00000,0x000000395ef00000)]
  0x00000237d6dcd800 JavaThread "Reference Handler" daemon [_thread_blocked, id=16716, stack(0x000000395f500000,0x000000395f600000)]
  0x00000237d6dcf000 JavaThread "Finalizer" daemon [_thread_blocked, id=6252, stack(0x000000395f600000,0x000000395f700000)]
  0x00000237d7792800 JavaThread "Signal Dispatcher" daemon [_thread_blocked, id=15960, stack(0x000000395f700000,0x000000395f800000)]
  0x00000237d6ded000 JavaThread "Attach Listener" daemon [_thread_blocked, id=16240, stack(0x000000395f800000,0x000000395f900000)]
  0x00000237d6def000 JavaThread "Service Thread" daemon [_thread_blocked, id=4768, stack(0x000000395f900000,0x000000395fa00000)]
=>0x00000237d6df4800 JavaThread "C2 CompilerThread0" daemon [_thread_in_native, id=13204, stack(0x000000395fa00000,0x000000395fb00000)]
  0x00000237d6dfa000 JavaThread "C1 CompilerThread0" daemon [_thread_blocked, id=5720, stack(0x000000395fb00000,0x000000395fc00000)]
  0x00000237d6dfb800 JavaThread "Sweeper thread" daemon [_thread_blocked, id=10592, stack(0x000000395fc00000,0x000000395fd00000)]
  0x00000237d78d4000 JavaThread "Common-Cleaner" daemon [_thread_blocked, id=7808, stack(0x000000395fd00000,0x000000395fe00000)]
  0x00000237d9883000 JavaThread "Daemon health stats" [_thread_blocked, id=4284, stack(0x0000003960200000,0x0000003960300000)]
  0x00000237d7aa8000 JavaThread "Incoming local TCP Connector on port 59863" [_thread_in_native, id=12016, stack(0x000000395ff00000,0x0000003960000000)]
  0x00000237dad6e800 JavaThread "Daemon periodic checks" [_thread_blocked, id=15976, stack(0x0000003960300000,0x0000003960400000)]
  0x00000237d8ae3800 JavaThread "Daemon" [_thread_blocked, id=13680, stack(0x0000003960400000,0x0000003960500000)]
  0x00000237d95a5800 JavaThread "Handler for socket connection from /127.0.0.1:59863 to /127.0.0.1:59864" [_thread_in_native, id=10424, stack(0x0000003960500000,0x0000003960600000)]
  0x00000237d9c89800 JavaThread "Cancel handler" [_thread_blocked, id=2764, stack(0x0000003960600000,0x0000003960700000)]
  0x00000237d978a000 JavaThread "Daemon worker" [_thread_blocked, id=6612, stack(0x0000003960700000,0x0000003960800000)]
  0x00000237dafc1800 JavaThread "Asynchronous log dispatcher for DefaultDaemonConnection: socket connection from /127.0.0.1:59863 to /127.0.0.1:59864" [_thread_blocked, id=9348, stack(0x0000003960800000,0x0000003960900000)]
  0x00000237d97b2000 JavaThread "Stdin handler" [_thread_blocked, id=17204, stack(0x0000003960900000,0x0000003960a00000)]
  0x00000237d9843000 JavaThread "Daemon client event forwarder" [_thread_blocked, id=10796, stack(0x0000003960a00000,0x0000003960b00000)]
  0x00000237d95ae800 JavaThread "C2 CompilerThread1" daemon [_thread_in_native, id=16496, stack(0x0000003960b00000,0x0000003960c00000)]
  0x00000237d9d25800 JavaThread "Cache worker for journal cache (C:\Users\evriv\.gradle\caches\journal-1)" [_thread_blocked, id=15640, stack(0x0000003960d00000,0x0000003960e00000)]
  0x00000237d9d24000 JavaThread "File lock request listener" [_thread_in_native, id=9172, stack(0x0000003960e00000,0x0000003960f00000)]
  0x00000237d9d23000 JavaThread "Cache worker for file hash cache (C:\Users\evriv\.gradle\caches\7.4\fileHashes)" [_thread_blocked, id=8312, stack(0x0000003960f00000,0x0000003961000000)]
  0x00000237d9d25000 JavaThread "File watcher server" daemon [_thread_in_native, id=12584, stack(0x0000003961000000,0x0000003961100000)]
  0x00000237d9d26800 JavaThread "File watcher consumer" daemon [_thread_blocked, id=15040, stack(0x0000003961100000,0x0000003961200000)]
  0x00000237d9d27000 JavaThread "Cache worker for checksums cache (C:\Users\evriv\AndroidStudioProjects\MyPOIs\.gradle\7.4\checksums)" [_thread_blocked, id=15544, stack(0x0000003961200000,0x0000003961300000)]
  0x00000237d9d22800 JavaThread "Cache worker for cache directory md-rule (C:\Users\evriv\.gradle\caches\7.4\md-rule)" [_thread_blocked, id=15552, stack(0x0000003961300000,0x0000003961400000)]
  0x00000237d9d21800 JavaThread "Cache worker for file hash cache (C:\Users\evriv\AndroidStudioProjects\MyPOIs\.gradle\7.4\fileHashes)" [_thread_blocked, id=11616, stack(0x0000003961400000,0x0000003961500000)]
  0x00000237d9d28000 JavaThread "Cache worker for cache directory md-supplier (C:\Users\evriv\.gradle\caches\7.4\md-supplier)" [_thread_blocked, id=14436, stack(0x0000003961500000,0x0000003961600000)]
  0x00000237d9f69000 JavaThread "Cache worker for execution history cache (C:\Users\evriv\.gradle\caches\7.4\executionHistory)" [_thread_blocked, id=1268, stack(0x0000003961600000,0x0000003961700000)]
  0x00000237d9f67800 JavaThread "jar transforms" [_thread_blocked, id=2544, stack(0x0000003961700000,0x0000003961800000)]
  0x00000237d9f66800 JavaThread "Cache worker for file content cache (C:\Users\evriv\.gradle\caches\7.4\fileContent)" [_thread_blocked, id=15592, stack(0x0000003961800000,0x0000003961900000)]
  0x00000237d9f6a000 JavaThread "jar transforms Thread 2" [_thread_blocked, id=14144, stack(0x0000003961900000,0x0000003961a00000)]
  0x00000237d9f65000 JavaThread "Cache worker for dependencies-accessors (C:\Users\evriv\AndroidStudioProjects\MyPOIs\.gradle\7.4\dependencies-accessors)" [_thread_blocked, id=424, stack(0x0000003961a00000,0x0000003961b00000)]
  0x00000237d9f64000 JavaThread "jar transforms Thread 3" [_thread_blocked, id=11324, stack(0x0000003961b00000,0x0000003961c00000)]
  0x00000237d9f6a800 JavaThread "Cache worker for Build Output Cleanup Cache (C:\Users\evriv\AndroidStudioProjects\MyPOIs\.gradle\buildOutputCleanup)" [_thread_blocked, id=11432, stack(0x0000003961c00000,0x0000003961d00000)]
  0x00000237d9f6b800 JavaThread "Unconstrained build operations" [_thread_blocked, id=10572, stack(0x0000003961d00000,0x0000003961e00000)]
  0x00000237d9f65800 JavaThread "Unconstrained build operations Thread 2" [_thread_blocked, id=5484, stack(0x0000003961e00000,0x0000003961f00000)]
  0x00000237d9f70800 JavaThread "Unconstrained build operations Thread 3" [_thread_blocked, id=14940, stack(0x0000003961f00000,0x0000003962000000)]
  0x00000237d9f6d000 JavaThread "Unconstrained build operations Thread 4" [_thread_blocked, id=13776, stack(0x0000003962000000,0x0000003962100000)]
  0x00000237d9f6c000 JavaThread "Unconstrained build operations Thread 5" [_thread_blocked, id=15120, stack(0x0000003962100000,0x0000003962200000)]
  0x00000237d9f72000 JavaThread "Unconstrained build operations Thread 6" [_thread_blocked, id=7076, stack(0x0000003962200000,0x0000003962300000)]
  0x00000237d9f71000 JavaThread "Unconstrained build operations Thread 7" [_thread_blocked, id=7084, stack(0x0000003962300000,0x0000003962400000)]
  0x00000237d9f6e000 JavaThread "Unconstrained build operations Thread 8" [_thread_blocked, id=9672, stack(0x0000003962400000,0x0000003962500000)]
  0x00000237d9f6f800 JavaThread "Unconstrained build operations Thread 9" [_thread_blocked, id=1080, stack(0x0000003962500000,0x0000003962600000)]
  0x00000237d9f6e800 JavaThread "Unconstrained build operations Thread 10" [_thread_blocked, id=16624, stack(0x0000003962600000,0x0000003962700000)]
  0x00000237dcff5800 JavaThread "Unconstrained build operations Thread 11" [_thread_blocked, id=11292, stack(0x0000003962700000,0x0000003962800000)]
  0x00000237dcff7800 JavaThread "Unconstrained build operations Thread 12" [_thread_in_Java, id=3176, stack(0x0000003962800000,0x0000003962900000)]
  0x00000237dcff8000 JavaThread "Unconstrained build operations Thread 13" [_thread_blocked, id=980, stack(0x0000003962900000,0x0000003962a00000)]
  0x00000237dcff9000 JavaThread "Unconstrained build operations Thread 14" [_thread_blocked, id=13964, stack(0x0000003962a00000,0x0000003962b00000)]
  0x00000237dcff9800 JavaThread "Unconstrained build operations Thread 15" [_thread_blocked, id=4892, stack(0x0000003962b00000,0x0000003962c00000)]
  0x00000237dcffa800 JavaThread "Unconstrained build operations Thread 16" [_thread_blocked, id=14232, stack(0x0000003962c00000,0x0000003962d00000)]
  0x00000237dcffb800 JavaThread "Unconstrained build operations Thread 17" [_thread_blocked, id=15044, stack(0x0000003962d00000,0x0000003962e00000)]
  0x00000237dcffc000 JavaThread "Unconstrained build operations Thread 18" [_thread_blocked, id=8656, stack(0x0000003962e00000,0x0000003962f00000)]
  0x00000237dcff6800 JavaThread "Unconstrained build operations Thread 19" [_thread_blocked, id=13144, stack(0x0000003962f00000,0x0000003963000000)]
  0x00000237dd001000 JavaThread "Unconstrained build operations Thread 20" [_thread_blocked, id=13404, stack(0x0000003963000000,0x0000003963100000)]
  0x00000237dd002000 JavaThread "Unconstrained build operations Thread 21" [_thread_blocked, id=15184, stack(0x0000003963100000,0x0000003963200000)]
  0x00000237dcfff800 JavaThread "Unconstrained build operations Thread 22" [_thread_blocked, id=10124, stack(0x0000003963200000,0x0000003963300000)]
  0x00000237dd000800 JavaThread "Unconstrained build operations Thread 23" [_thread_blocked, id=7120, stack(0x0000003963300000,0x0000003963400000)]
  0x00000237dd002800 JavaThread "Unconstrained build operations Thread 24" [_thread_blocked, id=4972, stack(0x0000003963400000,0x0000003963500000)]
  0x00000237dcffd000 JavaThread "Unconstrained build operations Thread 25" [_thread_blocked, id=10620, stack(0x0000003963500000,0x0000003963600000)]
  0x00000237dd003800 JavaThread "Unconstrained build operations Thread 26" [_thread_blocked, id=17400, stack(0x0000003963600000,0x0000003963700000)]
  0x00000237dcffe000 JavaThread "Unconstrained build operations Thread 27" [_thread_blocked, id=15304, stack(0x0000003963700000,0x0000003963800000)]
  0x00000237dd004800 JavaThread "Unconstrained build operations Thread 28" [_thread_blocked, id=8632, stack(0x0000003963800000,0x0000003963900000)]
  0x00000237dcffe800 JavaThread "Unconstrained build operations Thread 29" [_thread_blocked, id=9292, stack(0x0000003963900000,0x0000003963a00000)]
  0x00000237d896c800 JavaThread "Unconstrained build operations Thread 30" [_thread_blocked, id=8544, stack(0x0000003963a00000,0x0000003963b00000)]
  0x00000237d8967800 JavaThread "Unconstrained build operations Thread 31" [_thread_blocked, id=3952, stack(0x0000003963b00000,0x0000003963c00000)]
  0x00000237d896a000 JavaThread "Unconstrained build operations Thread 32" [_thread_blocked, id=16336, stack(0x0000003963c00000,0x0000003963d00000)]
  0x00000237d896a800 JavaThread "Unconstrained build operations Thread 33" [_thread_blocked, id=15616, stack(0x0000003963d00000,0x0000003963e00000)]
  0x00000237d8968000 JavaThread "Unconstrained build operations Thread 34" [_thread_blocked, id=15108, stack(0x0000003963e00000,0x0000003963f00000)]
  0x00000237d896d000 JavaThread "Unconstrained build operations Thread 35" [_thread_blocked, id=1096, stack(0x0000003963f00000,0x0000003964000000)]
  0x00000237d896b800 JavaThread "Unconstrained build operations Thread 36" [_thread_in_Java, id=2708, stack(0x0000003964000000,0x0000003964100000)]
  0x00000237d896e000 JavaThread "Unconstrained build operations Thread 37" [_thread_blocked, id=8832, stack(0x0000003964100000,0x0000003964200000)]
  0x00000237d896e800 JavaThread "Unconstrained build operations Thread 38" [_thread_blocked, id=11564, stack(0x0000003964200000,0x0000003964300000)]
  0x00000237d8969000 JavaThread "Unconstrained build operations Thread 39" [_thread_blocked, id=17092, stack(0x0000003964300000,0x0000003964400000)]
  0x00000237d8974800 JavaThread "Unconstrained build operations Thread 40" [_thread_blocked, id=10152, stack(0x0000003964400000,0x0000003964500000)]
  0x00000237d8970800 JavaThread "jar transforms Thread 4" [_thread_blocked, id=13720, stack(0x0000003964500000,0x0000003964600000)]
  0x00000237d8975800 JavaThread "Memory manager" [_thread_blocked, id=8616, stack(0x0000003964600000,0x0000003964700000)]
  0x00000237d8973800 JavaThread "build event listener" [_thread_blocked, id=428, stack(0x0000003964700000,0x0000003964800000)]
  0x00000237d896f800 JavaThread "pool-3-thread-1" [_thread_blocked, id=13612, stack(0x0000003964800000,0x0000003964900000)]
  0x00000237d8972000 JavaThread "build event listener" [_thread_blocked, id=10112, stack(0x0000003964900000,0x0000003964a00000)]
  0x00000237d8976000 JavaThread "included builds" [_thread_blocked, id=11732, stack(0x0000003964a00000,0x0000003964b00000)]
  0x00000237d8971000 JavaThread "Execution worker for ':'" [_thread_in_Java, id=8784, stack(0x0000003964b00000,0x0000003964c00000)]
  0x00000237dd707000 JavaThread "Execution worker for ':' Thread 2" [_thread_blocked, id=5908, stack(0x0000003964c00000,0x0000003964d00000)]
  0x00000237dd704000 JavaThread "Execution worker for ':' Thread 3" [_thread_blocked, id=11748, stack(0x0000003964d00000,0x0000003964e00000)]
  0x00000237dd704800 JavaThread "Cache worker for execution history cache (C:\Users\evriv\AndroidStudioProjects\MyPOIs\.gradle\7.4\executionHistory)" [_thread_blocked, id=15344, stack(0x0000003964e00000,0x0000003964f00000)]
  0x00000237dd708000 JavaThread "WorkerExecutor Queue" [_thread_blocked, id=15892, stack(0x0000003964f00000,0x0000003965000000)]
  0x00000237dd705800 JavaThread "pool-4-thread-1" [_thread_blocked, id=2936, stack(0x0000003965000000,0x0000003965100000)]
  0x00000237dd706800 JavaThread "stderr" [_thread_in_native, id=4448, stack(0x0000003965100000,0x0000003965200000)]
  0x00000237dd702800 JavaThread "stdout" [_thread_in_native, id=8068, stack(0x0000003965200000,0x0000003965300000)]

Other Threads:
  0x00000237d6dc9000 VMThread "VM Thread" [stack: 0x000000395f400000,0x000000395f500000] [id=9548]
  0x00000237d78da000 WatcherThread [stack: 0x000000395fe00000,0x000000395ff00000] [id=14512]
  0x00000237bcab6800 GCTaskThread "GC Thread#0" [stack: 0x000000395ef00000,0x000000395f000000] [id=10316]
  0x00000237d7d49000 GCTaskThread "GC Thread#1" [stack: 0x0000003960000000,0x0000003960100000] [id=14732]
  0x00000237d7c6d800 GCTaskThread "GC Thread#2" [stack: 0x0000003960100000,0x0000003960200000] [id=15568]
  0x00000237d9bcf000 GCTaskThread "GC Thread#3" [stack: 0x0000003960c00000,0x0000003960d00000] [id=12944]
  0x00000237bcae7800 ConcurrentGCThread "G1 Main Marker" [stack: 0x000000395f000000,0x000000395f100000] [id=16220]
  0x00000237bcaea000 ConcurrentGCThread "G1 Conc#0" [stack: 0x000000395f100000,0x000000395f200000] [id=11816]
  0x00000237bcb76000 ConcurrentGCThread "G1 Refine#0" [stack: 0x000000395f200000,0x000000395f300000] [id=13572]
  0x00000237bcb77000 ConcurrentGCThread "G1 Young RemSet Sampling" [stack: 0x000000395f300000,0x000000395f400000] [id=5848]

Threads with active compile tasks:
C2 CompilerThread0  30306 14232 %     4       com.android.tools.r8.ir.regalloc.b::a @ 1545 (1831 bytes)
C2 CompilerThread1  30306 14263 %     4       com.android.tools.r8.ir.regalloc.b::c @ 2152 (4031 bytes)

VM state:not at safepoint (normal execution)

VM Mutex/Monitor currently owned by a thread: None

Heap address: 0x0000000080000000, size: 2048 MB, Compressed Oops mode: 32-bit
Narrow klass base: 0x0000000000000000, Narrow klass shift: 3
Compressed class space size: 1073741824 Address: 0x0000000100000000

Heap:
 garbage-first heap   total 270336K, used 176237K [0x0000000080000000, 0x0000000100000000)
  region size 1024K, 49 young (50176K), 4 survivors (4096K)
 Metaspace       used 103389K, capacity 105867K, committed 106332K, reserved 1140736K
  class space    used 13147K, capacity 14102K, committed 14368K, reserved 1048576K
Heap Regions: E=young(eden), S=young(survivor), O=old, HS=humongous(starts), HC=humongous(continues), CS=collection set, F=free, A=archive, TAMS=top-at-mark-start (previous, next)
|   0|0x0000000080000000, 0x0000000080100000, 0x0000000080100000|100%|HS|  |TAMS 0x0000000080100000, 0x0000000080000000| Complete 
|   1|0x0000000080100000, 0x0000000080200000, 0x0000000080200000|100%|HC|  |TAMS 0x0000000080200000, 0x0000000080100000| Complete 
|   2|0x0000000080200000, 0x0000000080300000, 0x0000000080300000|100%|HC|  |TAMS 0x0000000080300000, 0x0000000080200000| Complete 
|   3|0x0000000080300000, 0x0000000080400000, 0x0000000080400000|100%| O|  |TAMS 0x0000000080400000, 0x0000000080300000| Untracked 
|   4|0x0000000080400000, 0x0000000080500000, 0x0000000080500000|100%| O|  |TAMS 0x0000000080500000, 0x0000000080400000| Untracked 
|   5|0x0000000080500000, 0x0000000080600000, 0x0000000080600000|100%| O|  |TAMS 0x0000000080600000, 0x0000000080500000| Untracked 
|   6|0x0000000080600000, 0x0000000080700000, 0x0000000080700000|100%| O|  |TAMS 0x0000000080700000, 0x0000000080600000| Untracked 
|   7|0x0000000080700000, 0x0000000080800000, 0x0000000080800000|100%| O|  |TAMS 0x0000000080800000, 0x0000000080700000| Untracked 
|   8|0x0000000080800000, 0x0000000080900000, 0x0000000080900000|100%| O|  |TAMS 0x0000000080900000, 0x0000000080800000| Untracked 
|   9|0x0000000080900000, 0x0000000080a00000, 0x0000000080a00000|100%| O|  |TAMS 0x0000000080a00000, 0x0000000080900000| Untracked 
|  10|0x0000000080a00000, 0x0000000080b00000, 0x0000000080b00000|100%| O|  |TAMS 0x0000000080b00000, 0x0000000080a00000| Untracked 
|  11|0x0000000080b00000, 0x0000000080c00000, 0x0000000080c00000|100%| O|  |TAMS 0x0000000080c00000, 0x0000000080b00000| Untracked 
|  12|0x0000000080c00000, 0x0000000080d00000, 0x0000000080d00000|100%| O|  |TAMS 0x0000000080d00000, 0x0000000080c00000| Untracked 
|  13|0x0000000080d00000, 0x0000000080e00000, 0x0000000080e00000|100%| O|  |TAMS 0x0000000080e00000, 0x0000000080d00000| Untracked 
|  14|0x0000000080e00000, 0x0000000080f00000, 0x0000000080f00000|100%| O|  |TAMS 0x0000000080f00000, 0x0000000080e00000| Untracked 
|  15|0x0000000080f00000, 0x0000000081000000, 0x0000000081000000|100%| O|  |TAMS 0x0000000081000000, 0x0000000080f00000| Untracked 
|  16|0x0000000081000000, 0x0000000081100000, 0x0000000081100000|100%|HS|  |TAMS 0x0000000081100000, 0x0000000081000000| Complete 
|  17|0x0000000081100000, 0x0000000081200000, 0x0000000081200000|100%| O|  |TAMS 0x0000000081200000, 0x0000000081100000| Untracked 
|  18|0x0000000081200000, 0x0000000081300000, 0x0000000081300000|100%| O|  |TAMS 0x0000000081300000, 0x0000000081200000| Untracked 
|  19|0x0000000081300000, 0x0000000081400000, 0x0000000081400000|100%| O|  |TAMS 0x0000000081400000, 0x0000000081300000| Untracked 
|  20|0x0000000081400000, 0x0000000081500000, 0x0000000081500000|100%| O|  |TAMS 0x0000000081500000, 0x0000000081400000| Untracked 
|  21|0x0000000081500000, 0x0000000081600000, 0x0000000081600000|100%| O|  |TAMS 0x0000000081600000, 0x0000000081500000| Untracked 
|  22|0x0000000081600000, 0x0000000081700000, 0x0000000081700000|100%| O|  |TAMS 0x0000000081700000, 0x0000000081600000| Untracked 
|  23|0x0000000081700000, 0x0000000081800000, 0x0000000081800000|100%|HS|  |TAMS 0x0000000081800000, 0x0000000081700000| Complete 
|  24|0x0000000081800000, 0x0000000081900000, 0x0000000081900000|100%| O|  |TAMS 0x0000000081900000, 0x0000000081800000| Untracked 
|  25|0x0000000081900000, 0x0000000081a00000, 0x0000000081a00000|100%|HS|  |TAMS 0x0000000081a00000, 0x0000000081900000| Complete 
|  26|0x0000000081a00000, 0x0000000081b00000, 0x0000000081b00000|100%|HC|  |TAMS 0x0000000081b00000, 0x0000000081a00000| Complete 
|  27|0x0000000081b00000, 0x0000000081c00000, 0x0000000081c00000|100%| O|  |TAMS 0x0000000081c00000, 0x0000000081b00000| Untracked 
|  28|0x0000000081c00000, 0x0000000081d00000, 0x0000000081d00000|100%| O|  |TAMS 0x0000000081d00000, 0x0000000081c00000| Untracked 
|  29|0x0000000081d00000, 0x0000000081e00000, 0x0000000081e00000|100%| O|  |TAMS 0x0000000081e00000, 0x0000000081d00000| Untracked 
|  30|0x0000000081e00000, 0x0000000081f00000, 0x0000000081f00000|100%| O|  |TAMS 0x0000000081f00000, 0x0000000081e00000| Untracked 
|  31|0x0000000081f00000, 0x0000000082000000, 0x0000000082000000|100%| O|  |TAMS 0x0000000082000000, 0x0000000081f00000| Untracked 
|  32|0x0000000082000000, 0x0000000082100000, 0x0000000082100000|100%| O|  |TAMS 0x0000000082100000, 0x0000000082000000| Untracked 
|  33|0x0000000082100000, 0x0000000082200000, 0x0000000082200000|100%| O|  |TAMS 0x0000000082200000, 0x0000000082100000| Untracked 
|  34|0x0000000082200000, 0x0000000082300000, 0x0000000082300000|100%| O|  |TAMS 0x0000000082300000, 0x0000000082200000| Untracked 
|  35|0x0000000082300000, 0x0000000082400000, 0x0000000082400000|100%| O|  |TAMS 0x0000000082400000, 0x0000000082300000| Untracked 
|  36|0x0000000082400000, 0x0000000082500000, 0x0000000082500000|100%| O|  |TAMS 0x0000000082500000, 0x0000000082400000| Untracked 
|  37|0x0000000082500000, 0x0000000082600000, 0x0000000082600000|100%| O|  |TAMS 0x0000000082600000, 0x0000000082500000| Untracked 
|  38|0x0000000082600000, 0x0000000082700000, 0x0000000082700000|100%| O|  |TAMS 0x0000000082700000, 0x0000000082600000| Untracked 
|  39|0x0000000082700000, 0x0000000082800000, 0x0000000082800000|100%| O|  |TAMS 0x0000000082800000, 0x0000000082700000| Untracked 
|  40|0x0000000082800000, 0x0000000082900000, 0x0000000082900000|100%| O|  |TAMS 0x0000000082900000, 0x0000000082800000| Untracked 
|  41|0x0000000082900000, 0x0000000082a00000, 0x0000000082a00000|100%| O|  |TAMS 0x0000000082a00000, 0x0000000082900000| Untracked 
|  42|0x0000000082a00000, 0x0000000082b00000, 0x0000000082b00000|100%| O|  |TAMS 0x0000000082b00000, 0x0000000082a00000| Untracked 
|  43|0x0000000082b00000, 0x0000000082c00000, 0x0000000082c00000|100%| O|  |TAMS 0x0000000082c00000, 0x0000000082b00000| Untracked 
|  44|0x0000000082c00000, 0x0000000082d00000, 0x0000000082d00000|100%| O|  |TAMS 0x0000000082d00000, 0x0000000082c00000| Untracked 
|  45|0x0000000082d00000, 0x0000000082e00000, 0x0000000082e00000|100%| O|  |TAMS 0x0000000082e00000, 0x0000000082d00000| Untracked 
|  46|0x0000000082e00000, 0x0000000082f00000, 0x0000000082f00000|100%| O|  |TAMS 0x0000000082f00000, 0x0000000082e00000| Untracked 
|  47|0x0000000082f00000, 0x0000000083000000, 0x0000000083000000|100%| O|  |TAMS 0x0000000083000000, 0x0000000082f00000| Untracked 
|  48|0x0000000083000000, 0x0000000083100000, 0x0000000083100000|100%| O|  |TAMS 0x0000000083100000, 0x0000000083000000| Untracked 
|  49|0x0000000083100000, 0x0000000083200000, 0x0000000083200000|100%| O|  |TAMS 0x0000000083200000, 0x0000000083100000| Untracked 
|  50|0x0000000083200000, 0x0000000083300000, 0x0000000083300000|100%| O|  |TAMS 0x0000000083300000, 0x0000000083200000| Untracked 
|  51|0x0000000083300000, 0x0000000083400000, 0x0000000083400000|100%| O|  |TAMS 0x0000000083400000, 0x0000000083300000| Untracked 
|  52|0x0000000083400000, 0x0000000083500000, 0x0000000083500000|100%| O|  |TAMS 0x0000000083500000, 0x0000000083400000| Untracked 
|  53|0x0000000083500000, 0x0000000083600000, 0x0000000083600000|100%| O|  |TAMS 0x0000000083600000, 0x0000000083500000| Untracked 
|  54|0x0000000083600000, 0x0000000083700000, 0x0000000083700000|100%| O|  |TAMS 0x0000000083700000, 0x0000000083600000| Untracked 
|  55|0x0000000083700000, 0x0000000083800000, 0x0000000083800000|100%| O|  |TAMS 0x0000000083800000, 0x0000000083700000| Untracked 
|  56|0x0000000083800000, 0x0000000083900000, 0x0000000083900000|100%| O|  |TAMS 0x0000000083900000, 0x0000000083800000| Untracked 
|  57|0x0000000083900000, 0x0000000083a00000, 0x0000000083a00000|100%| O|  |TAMS 0x0000000083a00000, 0x0000000083900000| Untracked 
|  58|0x0000000083a00000, 0x0000000083b00000, 0x0000000083b00000|100%| O|  |TAMS 0x0000000083b00000, 0x0000000083a00000| Untracked 
|  59|0x0000000083b00000, 0x0000000083c00000, 0x0000000083c00000|100%| O|  |TAMS 0x0000000083c00000, 0x0000000083b00000| Untracked 
|  60|0x0000000083c00000, 0x0000000083d00000, 0x0000000083d00000|100%| O|  |TAMS 0x0000000083d00000, 0x0000000083c00000| Untracked 
|  61|0x0000000083d00000, 0x0000000083e00000, 0x0000000083e00000|100%| O|  |TAMS 0x0000000083e00000, 0x0000000083d00000| Untracked 
|  62|0x0000000083e00000, 0x0000000083f00000, 0x0000000083f00000|100%| O|  |TAMS 0x0000000083f00000, 0x0000000083e00000| Untracked 
|  63|0x0000000083f00000, 0x0000000084000000, 0x0000000084000000|100%| O|  |TAMS 0x0000000084000000, 0x0000000083f00000| Untracked 
|  64|0x0000000084000000, 0x0000000084100000, 0x0000000084100000|100%| O|  |TAMS 0x0000000084100000, 0x0000000084000000| Untracked 
|  65|0x0000000084100000, 0x0000000084200000, 0x0000000084200000|100%| O|  |TAMS 0x0000000084200000, 0x0000000084100000| Untracked 
|  66|0x0000000084200000, 0x0000000084300000, 0x0000000084300000|100%| O|  |TAMS 0x0000000084300000, 0x0000000084200000| Untracked 
|  67|0x0000000084300000, 0x0000000084400000, 0x0000000084400000|100%| O|  |TAMS 0x0000000084400000, 0x0000000084300000| Untracked 
|  68|0x0000000084400000, 0x0000000084500000, 0x0000000084500000|100%| O|  |TAMS 0x0000000084500000, 0x0000000084400000| Untracked 
|  69|0x0000000084500000, 0x0000000084600000, 0x0000000084600000|100%| O|  |TAMS 0x0000000084600000, 0x0000000084500000| Untracked 
|  70|0x0000000084600000, 0x0000000084700000, 0x0000000084700000|100%| O|  |TAMS 0x0000000084700000, 0x0000000084600000| Untracked 
|  71|0x0000000084700000, 0x0000000084800000, 0x0000000084800000|100%| O|  |TAMS 0x0000000084800000, 0x0000000084700000| Untracked 
|  72|0x0000000084800000, 0x0000000084900000, 0x0000000084900000|100%| O|  |TAMS 0x0000000084900000, 0x0000000084800000| Untracked 
|  73|0x0000000084900000, 0x0000000084a00000, 0x0000000084a00000|100%| O|  |TAMS 0x0000000084a00000, 0x0000000084900000| Untracked 
|  74|0x0000000084a00000, 0x0000000084b00000, 0x0000000084b00000|100%| O|  |TAMS 0x0000000084b00000, 0x0000000084a00000| Untracked 
|  75|0x0000000084b00000, 0x0000000084c00000, 0x0000000084c00000|100%| O|  |TAMS 0x0000000084c00000, 0x0000000084b00000| Untracked 
|  76|0x0000000084c00000, 0x0000000084d00000, 0x0000000084d00000|100%| O|  |TAMS 0x0000000084d00000, 0x0000000084c00000| Untracked 
|  77|0x0000000084d00000, 0x0000000084e00000, 0x0000000084e00000|100%| O|  |TAMS 0x0000000084e00000, 0x0000000084d00000| Untracked 
|  78|0x0000000084e00000, 0x0000000084f00000, 0x0000000084f00000|100%| O|  |TAMS 0x0000000084f00000, 0x0000000084e00000| Untracked 
|  79|0x0000000084f00000, 0x0000000085000000, 0x0000000085000000|100%| O|  |TAMS 0x0000000085000000, 0x0000000084f00000| Untracked 
|  80|0x0000000085000000, 0x0000000085100000, 0x0000000085100000|100%| O|  |TAMS 0x0000000085100000, 0x0000000085000000| Untracked 
|  81|0x0000000085100000, 0x0000000085200000, 0x0000000085200000|100%| O|  |TAMS 0x0000000085200000, 0x0000000085100000| Untracked 
|  82|0x0000000085200000, 0x0000000085300000, 0x0000000085300000|100%| O|  |TAMS 0x0000000085300000, 0x0000000085200000| Untracked 
|  83|0x0000000085300000, 0x0000000085400000, 0x0000000085400000|100%| O|  |TAMS 0x0000000085400000, 0x0000000085300000| Untracked 
|  84|0x0000000085400000, 0x0000000085500000, 0x0000000085500000|100%| O|  |TAMS 0x0000000085500000, 0x0000000085400000| Untracked 
|  85|0x0000000085500000, 0x0000000085600000, 0x0000000085600000|100%| O|  |TAMS 0x0000000085600000, 0x0000000085500000| Untracked 
|  86|0x0000000085600000, 0x0000000085700000, 0x0000000085700000|100%| O|  |TAMS 0x0000000085700000, 0x0000000085600000| Untracked 
|  87|0x0000000085700000, 0x0000000085800000, 0x0000000085800000|100%| O|  |TAMS 0x0000000085800000, 0x0000000085700000| Untracked 
|  88|0x0000000085800000, 0x0000000085900000, 0x0000000085900000|100%| O|  |TAMS 0x0000000085900000, 0x0000000085800000| Untracked 
|  89|0x0000000085900000, 0x0000000085a00000, 0x0000000085a00000|100%| O|  |TAMS 0x0000000085a00000, 0x0000000085900000| Untracked 
|  90|0x0000000085a00000, 0x0000000085b00000, 0x0000000085b00000|100%| O|  |TAMS 0x0000000085b00000, 0x0000000085a00000| Untracked 
|  91|0x0000000085b00000, 0x0000000085c00000, 0x0000000085c00000|100%| O|  |TAMS 0x0000000085c00000, 0x0000000085b00000| Untracked 
|  92|0x0000000085c00000, 0x0000000085d00000, 0x0000000085d00000|100%| O|  |TAMS 0x0000000085d00000, 0x0000000085c00000| Untracked 
|  93|0x0000000085d00000, 0x0000000085e00000, 0x0000000085e00000|100%| O|  |TAMS 0x0000000085e00000, 0x0000000085d00000| Untracked 
|  94|0x0000000085e00000, 0x0000000085f00000, 0x0000000085f00000|100%| O|  |TAMS 0x0000000085f00000, 0x0000000085e00000| Untracked 
|  95|0x0000000085f00000, 0x0000000086000000, 0x0000000086000000|100%| O|  |TAMS 0x0000000086000000, 0x0000000085f00000| Untracked 
|  96|0x0000000086000000, 0x0000000086100000, 0x0000000086100000|100%| O|  |TAMS 0x0000000086100000, 0x0000000086000000| Untracked 
|  97|0x0000000086100000, 0x0000000086200000, 0x0000000086200000|100%| O|  |TAMS 0x0000000086200000, 0x0000000086100000| Untracked 
|  98|0x0000000086200000, 0x0000000086300000, 0x0000000086300000|100%| O|  |TAMS 0x0000000086300000, 0x0000000086200000| Untracked 
|  99|0x0000000086300000, 0x0000000086400000, 0x0000000086400000|100%| O|  |TAMS 0x0000000086400000, 0x0000000086300000| Untracked 
| 100|0x0000000086400000, 0x0000000086500000, 0x0000000086500000|100%| O|  |TAMS 0x0000000086500000, 0x0000000086400000| Untracked 
| 101|0x0000000086500000, 0x0000000086600000, 0x0000000086600000|100%| O|  |TAMS 0x0000000086600000, 0x0000000086500000| Untracked 
| 102|0x0000000086600000, 0x0000000086700000, 0x0000000086700000|100%| O|  |TAMS 0x0000000086700000, 0x0000000086600000| Untracked 
| 103|0x0000000086700000, 0x0000000086800000, 0x0000000086800000|100%| O|  |TAMS 0x0000000086800000, 0x0000000086700000| Untracked 
| 104|0x0000000086800000, 0x0000000086900000, 0x0000000086900000|100%| O|  |TAMS 0x0000000086900000, 0x0000000086800000| Untracked 
| 105|0x0000000086900000, 0x0000000086a00000, 0x0000000086a00000|100%| O|  |TAMS 0x0000000086a00000, 0x0000000086900000| Untracked 
| 106|0x0000000086a00000, 0x0000000086b00000, 0x0000000086b00000|100%| O|  |TAMS 0x0000000086b00000, 0x0000000086a00000| Untracked 
| 107|0x0000000086b00000, 0x0000000086c00000, 0x0000000086c00000|100%| O|  |TAMS 0x0000000086c00000, 0x0000000086b00000| Untracked 
| 108|0x0000000086c00000, 0x0000000086d00000, 0x0000000086d00000|100%| O|  |TAMS 0x0000000086d00000, 0x0000000086c00000| Untracked 
| 109|0x0000000086d00000, 0x0000000086e00000, 0x0000000086e00000|100%| O|  |TAMS 0x0000000086e00000, 0x0000000086d00000| Untracked 
| 110|0x0000000086e00000, 0x0000000086f00000, 0x0000000086f00000|100%| O|  |TAMS 0x0000000086f00000, 0x0000000086e00000| Untracked 
| 111|0x0000000086f00000, 0x0000000087000000, 0x0000000087000000|100%| O|  |TAMS 0x0000000087000000, 0x0000000086f00000| Untracked 
| 112|0x0000000087000000, 0x0000000087100000, 0x0000000087100000|100%| O|  |TAMS 0x0000000087100000, 0x0000000087000000| Untracked 
| 113|0x0000000087100000, 0x0000000087200000, 0x0000000087200000|100%| O|  |TAMS 0x0000000087200000, 0x0000000087100000| Untracked 
| 114|0x0000000087200000, 0x0000000087300000, 0x0000000087300000|100%| O|  |TAMS 0x0000000087300000, 0x0000000087200000| Untracked 
| 115|0x0000000087300000, 0x0000000087400000, 0x0000000087400000|100%| O|  |TAMS 0x0000000087400000, 0x0000000087300000| Untracked 
| 116|0x0000000087400000, 0x0000000087500000, 0x0000000087500000|100%| O|  |TAMS 0x0000000087500000, 0x0000000087400000| Untracked 
| 117|0x0000000087500000, 0x0000000087600000, 0x0000000087600000|100%| O|  |TAMS 0x0000000087600000, 0x0000000087500000| Untracked 
| 118|0x0000000087600000, 0x0000000087700000, 0x0000000087700000|100%| O|  |TAMS 0x0000000087700000, 0x0000000087600000| Untracked 
| 119|0x0000000087700000, 0x0000000087800000, 0x0000000087800000|100%| O|  |TAMS 0x0000000087800000, 0x0000000087700000| Untracked 
| 120|0x0000000087800000, 0x0000000087900000, 0x0000000087900000|100%| O|  |TAMS 0x0000000087900000, 0x0000000087800000| Untracked 
| 121|0x0000000087900000, 0x0000000087a00000, 0x0000000087a00000|100%| O|  |TAMS 0x0000000087a00000, 0x0000000087900000| Untracked 
| 122|0x0000000087a00000, 0x0000000087b00000, 0x0000000087b00000|100%| O|  |TAMS 0x0000000087b00000, 0x0000000087a00000| Untracked 
| 123|0x0000000087b00000, 0x0000000087c00000, 0x0000000087c00000|100%| O|  |TAMS 0x0000000087c00000, 0x0000000087b00000| Untracked 
| 124|0x0000000087c00000, 0x0000000087d00000, 0x0000000087d00000|100%| O|  |TAMS 0x0000000087d00000, 0x0000000087c00000| Untracked 
| 125|0x0000000087d00000, 0x0000000087d00000, 0x0000000087e00000|  0%| F|  |TAMS 0x0000000087d00000, 0x0000000087d00000| Untracked 
| 126|0x0000000087e00000, 0x0000000087e00000, 0x0000000087f00000|  0%| F|  |TAMS 0x0000000087e00000, 0x0000000087e00000| Untracked 
| 127|0x0000000087f00000, 0x0000000087f00000, 0x0000000088000000|  0%| F|  |TAMS 0x0000000087f00000, 0x0000000087f00000| Untracked 
| 128|0x0000000088000000, 0x0000000088000000, 0x0000000088100000|  0%| F|  |TAMS 0x0000000088000000, 0x0000000088000000| Untracked 
| 129|0x0000000088100000, 0x0000000088100000, 0x0000000088200000|  0%| F|  |TAMS 0x0000000088100000, 0x0000000088100000| Untracked 
| 130|0x0000000088200000, 0x0000000088200000, 0x0000000088300000|  0%| F|  |TAMS 0x0000000088200000, 0x0000000088200000| Untracked 
| 131|0x0000000088300000, 0x0000000088300000, 0x0000000088400000|  0%| F|  |TAMS 0x0000000088300000, 0x0000000088300000| Untracked 
| 132|0x0000000088400000, 0x0000000088400000, 0x0000000088500000|  0%| F|  |TAMS 0x0000000088400000, 0x0000000088400000| Untracked 
| 133|0x0000000088500000, 0x0000000088500000, 0x0000000088600000|  0%| F|  |TAMS 0x0000000088500000, 0x0000000088500000| Untracked 
| 134|0x0000000088600000, 0x0000000088600000, 0x0000000088700000|  0%| F|  |TAMS 0x0000000088600000, 0x0000000088600000| Untracked 
| 135|0x0000000088700000, 0x0000000088700000, 0x0000000088800000|  0%| F|  |TAMS 0x0000000088700000, 0x0000000088700000| Untracked 
| 136|0x0000000088800000, 0x0000000088800000, 0x0000000088900000|  0%| F|  |TAMS 0x0000000088800000, 0x0000000088800000| Untracked 
| 137|0x0000000088900000, 0x0000000088900000, 0x0000000088a00000|  0%| F|  |TAMS 0x0000000088900000, 0x0000000088900000| Untracked 
| 138|0x0000000088a00000, 0x0000000088a00000, 0x0000000088b00000|  0%| F|  |TAMS 0x0000000088a00000, 0x0000000088a00000| Untracked 
| 139|0x0000000088b00000, 0x0000000088b00000, 0x0000000088c00000|  0%| F|  |TAMS 0x0000000088b00000, 0x0000000088b00000| Untracked 
| 140|0x0000000088c00000, 0x0000000088c00000, 0x0000000088d00000|  0%| F|  |TAMS 0x0000000088c00000, 0x0000000088c00000| Untracked 
| 141|0x0000000088d00000, 0x0000000088d00000, 0x0000000088e00000|  0%| F|  |TAMS 0x0000000088d00000, 0x0000000088d00000| Untracked 
| 142|0x0000000088e00000, 0x0000000088e00000, 0x0000000088f00000|  0%| F|  |TAMS 0x0000000088e00000, 0x0000000088e00000| Untracked 
| 143|0x0000000088f00000, 0x0000000088f00000, 0x0000000089000000|  0%| F|  |TAMS 0x0000000088f00000, 0x0000000088f00000| Untracked 
| 144|0x0000000089000000, 0x0000000089000000, 0x0000000089100000|  0%| F|  |TAMS 0x0000000089000000, 0x0000000089000000| Untracked 
| 145|0x0000000089100000, 0x0000000089100000, 0x0000000089200000|  0%| F|  |TAMS 0x0000000089100000, 0x0000000089100000| Untracked 
| 146|0x0000000089200000, 0x0000000089200000, 0x0000000089300000|  0%| F|  |TAMS 0x0000000089200000, 0x0000000089200000| Untracked 
| 147|0x0000000089300000, 0x0000000089300000, 0x0000000089400000|  0%| F|  |TAMS 0x0000000089300000, 0x0000000089300000| Untracked 
| 148|0x0000000089400000, 0x0000000089400000, 0x0000000089500000|  0%| F|  |TAMS 0x0000000089400000, 0x0000000089400000| Untracked 
| 149|0x0000000089500000, 0x0000000089500000, 0x0000000089600000|  0%| F|  |TAMS 0x0000000089500000, 0x0000000089500000| Untracked 
| 150|0x0000000089600000, 0x0000000089600000, 0x0000000089700000|  0%| F|  |TAMS 0x0000000089600000, 0x0000000089600000| Untracked 
| 151|0x0000000089700000, 0x0000000089700000, 0x0000000089800000|  0%| F|  |TAMS 0x0000000089700000, 0x0000000089700000| Untracked 
| 152|0x0000000089800000, 0x0000000089800000, 0x0000000089900000|  0%| F|  |TAMS 0x0000000089800000, 0x0000000089800000| Untracked 
| 153|0x0000000089900000, 0x0000000089900000, 0x0000000089a00000|  0%| F|  |TAMS 0x0000000089900000, 0x0000000089900000| Untracked 
| 154|0x0000000089a00000, 0x0000000089a00000, 0x0000000089b00000|  0%| F|  |TAMS 0x0000000089a00000, 0x0000000089a00000| Untracked 
| 155|0x0000000089b00000, 0x0000000089b00000, 0x0000000089c00000|  0%| F|  |TAMS 0x0000000089b00000, 0x0000000089b00000| Untracked 
| 156|0x0000000089c00000, 0x0000000089c00000, 0x0000000089d00000|  0%| F|  |TAMS 0x0000000089c00000, 0x0000000089c00000| Untracked 
| 157|0x0000000089d00000, 0x0000000089d00000, 0x0000000089e00000|  0%| F|  |TAMS 0x0000000089d00000, 0x0000000089d00000| Untracked 
| 158|0x0000000089e00000, 0x0000000089e00000, 0x0000000089f00000|  0%| F|  |TAMS 0x0000000089e00000, 0x0000000089e00000| Untracked 
| 159|0x0000000089f00000, 0x0000000089f00000, 0x000000008a000000|  0%| F|  |TAMS 0x0000000089f00000, 0x0000000089f00000| Untracked 
| 160|0x000000008a000000, 0x000000008a000000, 0x000000008a100000|  0%| F|  |TAMS 0x000000008a000000, 0x000000008a000000| Untracked 
| 161|0x000000008a100000, 0x000000008a100000, 0x000000008a200000|  0%| F|  |TAMS 0x000000008a100000, 0x000000008a100000| Untracked 
| 162|0x000000008a200000, 0x000000008a200000, 0x000000008a300000|  0%| F|  |TAMS 0x000000008a200000, 0x000000008a200000| Untracked 
| 163|0x000000008a300000, 0x000000008a300000, 0x000000008a400000|  0%| F|  |TAMS 0x000000008a300000, 0x000000008a300000| Untracked 
| 164|0x000000008a400000, 0x000000008a400000, 0x000000008a500000|  0%| F|  |TAMS 0x000000008a400000, 0x000000008a400000| Untracked 
| 165|0x000000008a500000, 0x000000008a500000, 0x000000008a600000|  0%| F|  |TAMS 0x000000008a500000, 0x000000008a500000| Untracked 
| 166|0x000000008a600000, 0x000000008a600000, 0x000000008a700000|  0%| F|  |TAMS 0x000000008a600000, 0x000000008a600000| Untracked 
| 167|0x000000008a700000, 0x000000008a700000, 0x000000008a800000|  0%| F|  |TAMS 0x000000008a700000, 0x000000008a700000| Untracked 
| 168|0x000000008a800000, 0x000000008a800000, 0x000000008a900000|  0%| F|  |TAMS 0x000000008a800000, 0x000000008a800000| Untracked 
| 169|0x000000008a900000, 0x000000008a900000, 0x000000008aa00000|  0%| F|  |TAMS 0x000000008a900000, 0x000000008a900000| Untracked 
| 170|0x000000008aa00000, 0x000000008aa00000, 0x000000008ab00000|  0%| F|  |TAMS 0x000000008aa00000, 0x000000008aa00000| Untracked 
| 171|0x000000008ab00000, 0x000000008ab1b7a8, 0x000000008ac00000| 10%| S|CS|TAMS 0x000000008ab00000, 0x000000008ab00000| Complete 
| 172|0x000000008ac00000, 0x000000008ad00000, 0x000000008ad00000|100%| S|CS|TAMS 0x000000008ac00000, 0x000000008ac00000| Complete 
| 173|0x000000008ad00000, 0x000000008ae00000, 0x000000008ae00000|100%| S|CS|TAMS 0x000000008ad00000, 0x000000008ad00000| Complete 
| 174|0x000000008ae00000, 0x000000008ae00000, 0x000000008af00000|  0%| F|  |TAMS 0x000000008ae00000, 0x000000008ae00000| Untracked 
| 175|0x000000008af00000, 0x000000008af00000, 0x000000008b000000|  0%| F|  |TAMS 0x000000008af00000, 0x000000008af00000| Untracked 
| 176|0x000000008b000000, 0x000000008b000000, 0x000000008b100000|  0%| F|  |TAMS 0x000000008b000000, 0x000000008b000000| Untracked 
| 177|0x000000008b100000, 0x000000008b200000, 0x000000008b200000|100%| S|CS|TAMS 0x000000008b100000, 0x000000008b100000| Complete 
| 178|0x000000008b200000, 0x000000008b200000, 0x000000008b300000|  0%| F|  |TAMS 0x000000008b200000, 0x000000008b200000| Untracked 
| 179|0x000000008b300000, 0x000000008b300000, 0x000000008b400000|  0%| F|  |TAMS 0x000000008b300000, 0x000000008b300000| Untracked 
| 180|0x000000008b400000, 0x000000008b400000, 0x000000008b500000|  0%| F|  |TAMS 0x000000008b400000, 0x000000008b400000| Untracked 
| 181|0x000000008b500000, 0x000000008b500000, 0x000000008b600000|  0%| F|  |TAMS 0x000000008b500000, 0x000000008b500000| Untracked 
| 182|0x000000008b600000, 0x000000008b600000, 0x000000008b700000|  0%| F|  |TAMS 0x000000008b600000, 0x000000008b600000| Untracked 
| 183|0x000000008b700000, 0x000000008b700000, 0x000000008b800000|  0%| F|  |TAMS 0x000000008b700000, 0x000000008b700000| Untracked 
| 184|0x000000008b800000, 0x000000008b800000, 0x000000008b900000|  0%| F|  |TAMS 0x000000008b800000, 0x000000008b800000| Untracked 
| 185|0x000000008b900000, 0x000000008b900000, 0x000000008ba00000|  0%| F|  |TAMS 0x000000008b900000, 0x000000008b900000| Untracked 
| 186|0x000000008ba00000, 0x000000008ba00000, 0x000000008bb00000|  0%| F|  |TAMS 0x000000008ba00000, 0x000000008ba00000| Untracked 
| 187|0x000000008bb00000, 0x000000008bb00000, 0x000000008bc00000|  0%| F|  |TAMS 0x000000008bb00000, 0x000000008bb00000| Untracked 
| 188|0x000000008bc00000, 0x000000008bc00000, 0x000000008bd00000|  0%| F|  |TAMS 0x000000008bc00000, 0x000000008bc00000| Untracked 
| 189|0x000000008bd00000, 0x000000008bd00000, 0x000000008be00000|  0%| F|  |TAMS 0x000000008bd00000, 0x000000008bd00000| Untracked 
| 190|0x000000008be00000, 0x000000008be00000, 0x000000008bf00000|  0%| F|  |TAMS 0x000000008be00000, 0x000000008be00000| Untracked 
| 191|0x000000008bf00000, 0x000000008bf00000, 0x000000008c000000|  0%| F|  |TAMS 0x000000008bf00000, 0x000000008bf00000| Untracked 
| 192|0x000000008c000000, 0x000000008c000000, 0x000000008c100000|  0%| F|  |TAMS 0x000000008c000000, 0x000000008c000000| Untracked 
| 193|0x000000008c100000, 0x000000008c100000, 0x000000008c200000|  0%| F|  |TAMS 0x000000008c100000, 0x000000008c100000| Untracked 
| 194|0x000000008c200000, 0x000000008c200000, 0x000000008c300000|  0%| F|  |TAMS 0x000000008c200000, 0x000000008c200000| Untracked 
| 195|0x000000008c300000, 0x000000008c300000, 0x000000008c400000|  0%| F|  |TAMS 0x000000008c300000, 0x000000008c300000| Untracked 
| 196|0x000000008c400000, 0x000000008c400000, 0x000000008c500000|  0%| F|  |TAMS 0x000000008c400000, 0x000000008c400000| Untracked 
| 197|0x000000008c500000, 0x000000008c500000, 0x000000008c600000|  0%| F|  |TAMS 0x000000008c500000, 0x000000008c500000| Untracked 
| 198|0x000000008c600000, 0x000000008c600000, 0x000000008c700000|  0%| F|  |TAMS 0x000000008c600000, 0x000000008c600000| Untracked 
| 199|0x000000008c700000, 0x000000008c700000, 0x000000008c800000|  0%| F|  |TAMS 0x000000008c700000, 0x000000008c700000| Untracked 
| 200|0x000000008c800000, 0x000000008c800000, 0x000000008c900000|  0%| F|  |TAMS 0x000000008c800000, 0x000000008c800000| Untracked 
| 201|0x000000008c900000, 0x000000008c900000, 0x000000008ca00000|  0%| F|  |TAMS 0x000000008c900000, 0x000000008c900000| Untracked 
| 202|0x000000008ca00000, 0x000000008ca00000, 0x000000008cb00000|  0%| F|  |TAMS 0x000000008ca00000, 0x000000008ca00000| Untracked 
| 203|0x000000008cb00000, 0x000000008cb00000, 0x000000008cc00000|  0%| F|  |TAMS 0x000000008cb00000, 0x000000008cb00000| Untracked 
| 204|0x000000008cc00000, 0x000000008cc00000, 0x000000008cd00000|  0%| F|  |TAMS 0x000000008cc00000, 0x000000008cc00000| Untracked 
| 205|0x000000008cd00000, 0x000000008cd00000, 0x000000008ce00000|  0%| F|  |TAMS 0x000000008cd00000, 0x000000008cd00000| Untracked 
| 206|0x000000008ce00000, 0x000000008ce00000, 0x000000008cf00000|  0%| F|  |TAMS 0x000000008ce00000, 0x000000008ce00000| Untracked 
| 207|0x000000008cf00000, 0x000000008cf00000, 0x000000008d000000|  0%| F|  |TAMS 0x000000008cf00000, 0x000000008cf00000| Untracked 
| 208|0x000000008d000000, 0x000000008d000000, 0x000000008d100000|  0%| F|  |TAMS 0x000000008d000000, 0x000000008d000000| Untracked 
| 209|0x000000008d100000, 0x000000008d100000, 0x000000008d200000|  0%| F|  |TAMS 0x000000008d100000, 0x000000008d100000| Untracked 
| 210|0x000000008d200000, 0x000000008d200000, 0x000000008d300000|  0%| F|  |TAMS 0x000000008d200000, 0x000000008d200000| Untracked 
| 211|0x000000008d300000, 0x000000008d300000, 0x000000008d400000|  0%| F|  |TAMS 0x000000008d300000, 0x000000008d300000| Untracked 
| 212|0x000000008d400000, 0x000000008d400000, 0x000000008d500000|  0%| F|  |TAMS 0x000000008d400000, 0x000000008d400000| Untracked 
| 213|0x000000008d500000, 0x000000008d500000, 0x000000008d600000|  0%| F|  |TAMS 0x000000008d500000, 0x000000008d500000| Untracked 
| 214|0x000000008d600000, 0x000000008d600000, 0x000000008d700000|  0%| F|  |TAMS 0x000000008d600000, 0x000000008d600000| Untracked 
| 215|0x000000008d700000, 0x000000008d700000, 0x000000008d800000|  0%| F|  |TAMS 0x000000008d700000, 0x000000008d700000| Untracked 
| 216|0x000000008d800000, 0x000000008d800000, 0x000000008d900000|  0%| F|  |TAMS 0x000000008d800000, 0x000000008d800000| Untracked 
| 217|0x000000008d900000, 0x000000008d900000, 0x000000008da00000|  0%| F|  |TAMS 0x000000008d900000, 0x000000008d900000| Untracked 
| 218|0x000000008da00000, 0x000000008da00000, 0x000000008db00000|  0%| F|  |TAMS 0x000000008da00000, 0x000000008da00000| Untracked 
| 219|0x000000008db00000, 0x000000008dc00000, 0x000000008dc00000|100%| E|  |TAMS 0x000000008db00000, 0x000000008db00000| Complete 
| 220|0x000000008dc00000, 0x000000008dd00000, 0x000000008dd00000|100%| E|CS|TAMS 0x000000008dc00000, 0x000000008dc00000| Complete 
| 221|0x000000008dd00000, 0x000000008de00000, 0x000000008de00000|100%| E|CS|TAMS 0x000000008dd00000, 0x000000008dd00000| Complete 
| 222|0x000000008de00000, 0x000000008df00000, 0x000000008df00000|100%| E|CS|TAMS 0x000000008de00000, 0x000000008de00000| Complete 
| 223|0x000000008df00000, 0x000000008e000000, 0x000000008e000000|100%| E|CS|TAMS 0x000000008df00000, 0x000000008df00000| Complete 
| 224|0x000000008e000000, 0x000000008e100000, 0x000000008e100000|100%| E|CS|TAMS 0x000000008e000000, 0x000000008e000000| Complete 
| 225|0x000000008e100000, 0x000000008e200000, 0x000000008e200000|100%| E|CS|TAMS 0x000000008e100000, 0x000000008e100000| Complete 
| 226|0x000000008e200000, 0x000000008e300000, 0x000000008e300000|100%| E|CS|TAMS 0x000000008e200000, 0x000000008e200000| Complete 
| 227|0x000000008e300000, 0x000000008e400000, 0x000000008e400000|100%| E|CS|TAMS 0x000000008e300000, 0x000000008e300000| Complete 
| 228|0x000000008e400000, 0x000000008e500000, 0x000000008e500000|100%| E|CS|TAMS 0x000000008e400000, 0x000000008e400000| Complete 
| 229|0x000000008e500000, 0x000000008e600000, 0x000000008e600000|100%| E|CS|TAMS 0x000000008e500000, 0x000000008e500000| Complete 
| 230|0x000000008e600000, 0x000000008e700000, 0x000000008e700000|100%| E|CS|TAMS 0x000000008e600000, 0x000000008e600000| Complete 
| 231|0x000000008e700000, 0x000000008e800000, 0x000000008e800000|100%| E|CS|TAMS 0x000000008e700000, 0x000000008e700000| Complete 
| 232|0x000000008e800000, 0x000000008e900000, 0x000000008e900000|100%| E|CS|TAMS 0x000000008e800000, 0x000000008e800000| Complete 
| 233|0x000000008e900000, 0x000000008ea00000, 0x000000008ea00000|100%| E|CS|TAMS 0x000000008e900000, 0x000000008e900000| Complete 
| 234|0x000000008ea00000, 0x000000008eb00000, 0x000000008eb00000|100%| E|CS|TAMS 0x000000008ea00000, 0x000000008ea00000| Complete 
| 235|0x000000008eb00000, 0x000000008ec00000, 0x000000008ec00000|100%| E|CS|TAMS 0x000000008eb00000, 0x000000008eb00000| Complete 
| 236|0x000000008ec00000, 0x000000008ed00000, 0x000000008ed00000|100%| E|CS|TAMS 0x000000008ec00000, 0x000000008ec00000| Complete 
| 237|0x000000008ed00000, 0x000000008ee00000, 0x000000008ee00000|100%| E|CS|TAMS 0x000000008ed00000, 0x000000008ed00000| Complete 
| 238|0x000000008ee00000, 0x000000008ef00000, 0x000000008ef00000|100%| E|CS|TAMS 0x000000008ee00000, 0x000000008ee00000| Complete 
| 239|0x000000008ef00000, 0x000000008f000000, 0x000000008f000000|100%| E|CS|TAMS 0x000000008ef00000, 0x000000008ef00000| Complete 
| 240|0x000000008f000000, 0x000000008f100000, 0x000000008f100000|100%| E|CS|TAMS 0x000000008f000000, 0x000000008f000000| Complete 
| 241|0x000000008f100000, 0x000000008f200000, 0x000000008f200000|100%| E|CS|TAMS 0x000000008f100000, 0x000000008f100000| Complete 
| 242|0x000000008f200000, 0x000000008f300000, 0x000000008f300000|100%| E|CS|TAMS 0x000000008f200000, 0x000000008f200000| Complete 
| 243|0x000000008f300000, 0x000000008f400000, 0x000000008f400000|100%| E|CS|TAMS 0x000000008f300000, 0x000000008f300000| Complete 
| 244|0x000000008f400000, 0x000000008f500000, 0x000000008f500000|100%| E|CS|TAMS 0x000000008f400000, 0x000000008f400000| Complete 
| 245|0x000000008f500000, 0x000000008f600000, 0x000000008f600000|100%| E|CS|TAMS 0x000000008f500000, 0x000000008f500000| Complete 
| 246|0x000000008f600000, 0x000000008f700000, 0x000000008f700000|100%| E|CS|TAMS 0x000000008f600000, 0x000000008f600000| Complete 
| 247|0x000000008f700000, 0x000000008f800000, 0x000000008f800000|100%| E|CS|TAMS 0x000000008f700000, 0x000000008f700000| Complete 
| 248|0x000000008f800000, 0x000000008f900000, 0x000000008f900000|100%| E|CS|TAMS 0x000000008f800000, 0x000000008f800000| Complete 
| 249|0x000000008f900000, 0x000000008fa00000, 0x000000008fa00000|100%| E|CS|TAMS 0x000000008f900000, 0x000000008f900000| Complete 
| 250|0x000000008fa00000, 0x000000008fb00000, 0x000000008fb00000|100%| E|CS|TAMS 0x000000008fa00000, 0x000000008fa00000| Complete 
| 251|0x000000008fb00000, 0x000000008fc00000, 0x000000008fc00000|100%| E|CS|TAMS 0x000000008fb00000, 0x000000008fb00000| Complete 
| 252|0x000000008fc00000, 0x000000008fd00000, 0x000000008fd00000|100%| E|CS|TAMS 0x000000008fc00000, 0x000000008fc00000| Complete 
| 253|0x000000008fd00000, 0x000000008fe00000, 0x000000008fe00000|100%| E|CS|TAMS 0x000000008fd00000, 0x000000008fd00000| Complete 
| 254|0x000000008fe00000, 0x000000008ff00000, 0x000000008ff00000|100%| E|CS|TAMS 0x000000008fe00000, 0x000000008fe00000| Complete 
| 255|0x000000008ff00000, 0x0000000090000000, 0x0000000090000000|100%| E|CS|TAMS 0x000000008ff00000, 0x000000008ff00000| Complete 
| 256|0x0000000090000000, 0x0000000090100000, 0x0000000090100000|100%| E|CS|TAMS 0x0000000090000000, 0x0000000090000000| Complete 
| 257|0x0000000090100000, 0x0000000090200000, 0x0000000090200000|100%| E|CS|TAMS 0x0000000090100000, 0x0000000090100000| Complete 
| 258|0x0000000090200000, 0x0000000090300000, 0x0000000090300000|100%| E|CS|TAMS 0x0000000090200000, 0x0000000090200000| Complete 
| 259|0x0000000090300000, 0x0000000090400000, 0x0000000090400000|100%| E|CS|TAMS 0x0000000090300000, 0x0000000090300000| Complete 
| 260|0x0000000090400000, 0x0000000090500000, 0x0000000090500000|100%| E|CS|TAMS 0x0000000090400000, 0x0000000090400000| Complete 
| 261|0x0000000090500000, 0x0000000090600000, 0x0000000090600000|100%| E|CS|TAMS 0x0000000090500000, 0x0000000090500000| Complete 
| 262|0x0000000090600000, 0x0000000090700000, 0x0000000090700000|100%| E|CS|TAMS 0x0000000090600000, 0x0000000090600000| Complete 
| 263|0x0000000090700000, 0x0000000090800000, 0x0000000090800000|100%| E|CS|TAMS 0x0000000090700000, 0x0000000090700000| Complete 

Card table byte_map: [0x00000237cffe0000,0x00000237d03e0000] _byte_map_base: 0x00000237cfbe0000

Marking Bits (Prev, Next): (CMBitMap*) 0x00000237bcade8f8, (CMBitMap*) 0x00000237bcade930
 Prev Bits: [0x00000237d07e0000, 0x00000237d27e0000)
 Next Bits: [0x00000237d27e0000, 0x00000237d47e0000)

Polling page: 0x00000237bb160000

Metaspace:

Usage:
  Non-class:     89.62 MB capacity,    88.13 MB ( 98%) used,     1.18 MB (  1%) free+waste,   312.13 KB ( <1%) overhead. 
      Class:     13.77 MB capacity,    12.84 MB ( 93%) used,   816.89 KB (  6%) free+waste,   137.63 KB ( <1%) overhead. 
       Both:    103.39 MB capacity,   100.97 MB ( 98%) used,     1.98 MB (  2%) free+waste,   449.75 KB ( <1%) overhead. 

Virtual space:
  Non-class space:       90.00 MB reserved,      89.81 MB (>99%) committed 
      Class space:        1.00 GB reserved,      14.03 MB (  1%) committed 
             Both:        1.09 GB reserved,     103.84 MB (  9%) committed 

Chunk freelists:
   Non-Class:  195.00 KB
       Class:  170.00 KB
        Both:  365.00 KB

MaxMetaspaceSize: 17179869184.00 GB
CompressedClassSpaceSize: 1.00 GB
Initial GC threshold: 20.80 MB
Current GC threshold: 173.07 MB
CDS: off

CodeHeap 'non-profiled nmethods': size=120064Kb used=8430Kb max_used=8430Kb free=111633Kb
 bounds [0x00000237c8080000, 0x00000237c88c0000, 0x00000237cf5c0000]
CodeHeap 'profiled nmethods': size=120000Kb used=33442Kb max_used=33442Kb free=86558Kb
 bounds [0x00000237c0b50000, 0x00000237c2c00000, 0x00000237c8080000]
CodeHeap 'non-nmethods': size=5696Kb used=2402Kb max_used=2452Kb free=3293Kb
 bounds [0x00000237c05c0000, 0x00000237c0830000, 0x00000237c0b50000]
 total_blobs=15072 nmethods=14144 adapters=839
 compilation: enabled
              stopped_count=0, restarted_count=0
 full_count=0

Compilation events (20 events):
Event: 29.791 Thread 0x00000237d6dfa000 14272       2       com.android.tools.r8.internal.J6::a (42 bytes)
Event: 29.793 Thread 0x00000237d6dfa000 nmethod 14272 0x00000237c2bd4f10 code [0x00000237c2bd5120, 0x00000237c2bd5688]
Event: 29.799 Thread 0x00000237d6dfa000 14273       2       com.android.tools.r8.internal.J6::a (301 bytes)
Event: 29.802 Thread 0x00000237d6dfa000 nmethod 14273 0x00000237c2bd5990 code [0x00000237c2bd5c60, 0x00000237c2bd65d8]
Event: 29.802 Thread 0x00000237d6dfa000 14274       2       com.android.tools.r8.internal.Pn::a (496 bytes)
Event: 29.806 Thread 0x00000237d6dfa000 nmethod 14274 0x00000237c2bd6c10 code [0x00000237c2bd6fc0, 0x00000237c2bd82d8]
Event: 29.806 Thread 0x00000237d6dfa000 14275       2       com.android.tools.r8.internal.l3::<init> (28 bytes)
Event: 29.807 Thread 0x00000237d6dfa000 nmethod 14275 0x00000237c2bd8c10 code [0x00000237c2bd8de0, 0x00000237c2bd9248]
Event: 29.807 Thread 0x00000237d6dfa000 14276       2       com.android.tools.r8.internal.l3::Q0 (5 bytes)
Event: 29.808 Thread 0x00000237d6dfa000 nmethod 14276 0x00000237c2bd9410 code [0x00000237c2bd95e0, 0x00000237c2bd97a8]
Event: 29.907 Thread 0x00000237d6dfa000 14277       2       com.android.tools.r8.internal.zE::a (33 bytes)
Event: 29.907 Thread 0x00000237d6dfa000 nmethod 14277 0x00000237c2bd9990 code [0x00000237c2bd9b80, 0x00000237c2bd9d08]
Event: 29.938 Thread 0x00000237d95ae800 nmethod 14246 0x00000237c88b5e10 code [0x00000237c88b6120, 0x00000237c88b9218]
Event: 29.939 Thread 0x00000237d95ae800 14263 %     4       com.android.tools.r8.ir.regalloc.b::c @ 2152 (4031 bytes)
Event: 30.087 Thread 0x00000237d6dfa000 14278 %     3       com.android.tools.r8.internal.FW::b @ 791 (908 bytes)
Event: 30.103 Thread 0x00000237d6dfa000 nmethod 14278% 0x00000237c2bd9d90 code [0x00000237c2bda8c0, 0x00000237c2be2918]
Event: 30.103 Thread 0x00000237d6dfa000 14280       3       com.android.tools.r8.internal.FW::b (908 bytes)
Event: 30.118 Thread 0x00000237d6dfa000 nmethod 14280 0x00000237c2be5090 code [0x00000237c2be5bc0, 0x00000237c2bedb58]
Event: 30.274 Thread 0x00000237d6dfa000 14283       2       com.android.tools.r8.ir.regalloc.c::A (114 bytes)
Event: 30.274 Thread 0x00000237d6dfa000 nmethod 14283 0x00000237c2bf0290 code [0x00000237c2bf0460, 0x00000237c2bf0768]

GC Heap History (20 events):
Event: 22.681 GC heap before
{Heap before GC invocations=22 (full 0):
 garbage-first heap   total 225280K, used 172381K [0x0000000080000000, 0x0000000100000000)
  region size 1024K, 89 young (91136K), 13 survivors (13312K)
 Metaspace       used 96712K, capacity 99024K, committed 99164K, reserved 1134592K
  class space    used 12377K, capacity 13273K, committed 13344K, reserved 1048576K
}
Event: 22.717 GC heap after
{Heap after GC invocations=23 (full 0):
 garbage-first heap   total 225280K, used 105337K [0x0000000080000000, 0x0000000100000000)
  region size 1024K, 12 young (12288K), 12 survivors (12288K)
 Metaspace       used 96712K, capacity 99024K, committed 99164K, reserved 1134592K
  class space    used 12377K, capacity 13273K, committed 13344K, reserved 1048576K
}
Event: 23.066 GC heap before
{Heap before GC invocations=23 (full 0):
 garbage-first heap   total 225280K, used 174969K [0x0000000080000000, 0x0000000100000000)
  region size 1024K, 81 young (82944K), 12 survivors (12288K)
 Metaspace       used 97656K, capacity 100081K, committed 100316K, reserved 1136640K
  class space    used 12501K, capacity 13441K, committed 13472K, reserved 1048576K
}
Event: 23.112 GC heap after
{Heap after GC invocations=24 (full 0):
 garbage-first heap   total 225280K, used 118784K [0x0000000080000000, 0x0000000100000000)
  region size 1024K, 11 young (11264K), 11 survivors (11264K)
 Metaspace       used 97656K, capacity 100081K, committed 100316K, reserved 1136640K
  class space    used 12501K, capacity 13441K, committed 13472K, reserved 1048576K
}
Event: 23.575 GC heap before
{Heap before GC invocations=24 (full 0):
 garbage-first heap   total 225280K, used 178176K [0x0000000080000000, 0x0000000100000000)
  region size 1024K, 69 young (70656K), 11 survivors (11264K)
 Metaspace       used 100575K, capacity 103218K, committed 103516K, reserved 1138688K
  class space    used 13017K, capacity 14027K, committed 14112K, reserved 1048576K
}
Event: 23.611 GC heap after
{Heap after GC invocations=25 (full 0):
 garbage-first heap   total 270336K, used 128000K [0x0000000080000000, 0x0000000100000000)
  region size 1024K, 9 young (9216K), 9 survivors (9216K)
 Metaspace       used 100575K, capacity 103218K, committed 103516K, reserved 1138688K
  class space    used 13017K, capacity 14027K, committed 14112K, reserved 1048576K
}
Event: 25.158 GC heap before
{Heap before GC invocations=26 (full 0):
 garbage-first heap   total 270336K, used 200704K [0x0000000080000000, 0x0000000100000000)
  region size 1024K, 80 young (81920K), 9 survivors (9216K)
 Metaspace       used 102825K, capacity 105388K, committed 105820K, reserved 1140736K
  class space    used 13171K, capacity 14165K, committed 14368K, reserved 1048576K
}
Event: 25.182 GC heap after
{Heap after GC invocations=27 (full 0):
 garbage-first heap   total 270336K, used 129483K [0x0000000080000000, 0x0000000100000000)
  region size 1024K, 2 young (2048K), 2 survivors (2048K)
 Metaspace       used 102825K, capacity 105388K, committed 105820K, reserved 1140736K
  class space    used 13171K, capacity 14165K, committed 14368K, reserved 1048576K
}
Event: 25.759 GC heap before
{Heap before GC invocations=27 (full 0):
 garbage-first heap   total 270336K, used 204235K [0x0000000080000000, 0x0000000100000000)
  region size 1024K, 75 young (76800K), 2 survivors (2048K)
 Metaspace       used 103228K, capacity 105806K, committed 106332K, reserved 1140736K
  class space    used 13180K, capacity 14170K, committed 14368K, reserved 1048576K
}
Event: 25.767 GC heap after
{Heap after GC invocations=28 (full 0):
 garbage-first heap   total 270336K, used 129024K [0x0000000080000000, 0x0000000100000000)
  region size 1024K, 1 young (1024K), 1 survivors (1024K)
 Metaspace       used 103228K, capacity 105806K, committed 106332K, reserved 1140736K
  class space    used 13180K, capacity 14170K, committed 14368K, reserved 1048576K
}
Event: 26.485 GC heap before
{Heap before GC invocations=29 (full 0):
 garbage-first heap   total 270336K, used 207872K [0x0000000080000000, 0x0000000100000000)
  region size 1024K, 78 young (79872K), 1 survivors (1024K)
 Metaspace       used 103173K, capacity 105672K, committed 106332K, reserved 1140736K
  class space    used 13132K, capacity 14083K, committed 14368K, reserved 1048576K
}
Event: 26.492 GC heap after
{Heap after GC invocations=30 (full 0):
 garbage-first heap   total 270336K, used 129280K [0x0000000080000000, 0x0000000100000000)
  region size 1024K, 2 young (2048K), 2 survivors (2048K)
 Metaspace       used 103173K, capacity 105672K, committed 106332K, reserved 1140736K
  class space    used 13132K, capacity 14083K, committed 14368K, reserved 1048576K
}
Event: 26.974 GC heap before
{Heap before GC invocations=30 (full 0):
 garbage-first heap   total 270336K, used 209152K [0x0000000080000000, 0x0000000100000000)
  region size 1024K, 81 young (82944K), 2 survivors (2048K)
 Metaspace       used 103239K, capacity 105681K, committed 106332K, reserved 1140736K
  class space    used 13133K, capacity 14085K, committed 14368K, reserved 1048576K
}
Event: 26.981 GC heap after
{Heap after GC invocations=31 (full 0):
 garbage-first heap   total 270336K, used 130290K [0x0000000080000000, 0x0000000100000000)
  region size 1024K, 3 young (3072K), 3 survivors (3072K)
 Metaspace       used 103239K, capacity 105681K, committed 106332K, reserved 1140736K
  class space    used 13133K, capacity 14085K, committed 14368K, reserved 1048576K
}
Event: 27.679 GC heap before
{Heap before GC invocations=32 (full 0):
 garbage-first heap   total 270336K, used 213234K [0x0000000080000000, 0x0000000100000000)
  region size 1024K, 84 young (86016K), 3 survivors (3072K)
 Metaspace       used 103288K, capacity 105756K, committed 106332K, reserved 1140736K
  class space    used 13137K, capacity 14088K, committed 14368K, reserved 1048576K
}
Event: 27.693 GC heap after
{Heap after GC invocations=33 (full 0):
 garbage-first heap   total 270336K, used 129891K [0x0000000080000000, 0x0000000100000000)
  region size 1024K, 2 young (2048K), 2 survivors (2048K)
 Metaspace       used 103288K, capacity 105756K, committed 106332K, reserved 1140736K
  class space    used 13137K, capacity 14088K, committed 14368K, reserved 1048576K
}
Event: 28.489 GC heap before
{Heap before GC invocations=33 (full 0):
 garbage-first heap   total 270336K, used 216931K [0x0000000080000000, 0x0000000100000000)
  region size 1024K, 87 young (89088K), 2 survivors (2048K)
 Metaspace       used 103331K, capacity 105764K, committed 106332K, reserved 1140736K
  class space    used 13140K, capacity 14089K, committed 14368K, reserved 1048576K
}
Event: 28.501 GC heap after
{Heap after GC invocations=34 (full 0):
 garbage-first heap   total 270336K, used 130491K [0x0000000080000000, 0x0000000100000000)
  region size 1024K, 3 young (3072K), 3 survivors (3072K)
 Metaspace       used 103331K, capacity 105764K, committed 106332K, reserved 1140736K
  class space    used 13140K, capacity 14089K, committed 14368K, reserved 1048576K
}
Event: 29.702 GC heap before
{Heap before GC invocations=35 (full 0):
 garbage-first heap   total 270336K, used 218555K [0x0000000080000000, 0x0000000100000000)
  region size 1024K, 89 young (91136K), 3 survivors (3072K)
 Metaspace       used 103363K, capacity 105851K, committed 106332K, reserved 1140736K
  class space    used 13144K, capacity 14097K, committed 14368K, reserved 1048576K
}
Event: 29.716 GC heap after
{Heap after GC invocations=36 (full 0):
 garbage-first heap   total 270336K, used 131181K [0x0000000080000000, 0x0000000100000000)
  region size 1024K, 4 young (4096K), 4 survivors (4096K)
 Metaspace       used 103363K, capacity 105851K, committed 106332K, reserved 1140736K
  class space    used 13144K, capacity 14097K, committed 14368K, reserved 1048576K
}

Deoptimization events (20 events):
Event: 27.436 Thread 0x00000237dcff7800 DEOPT PACKING pc=0x00000237c29a0aac sp=0x00000039628f8e20
Event: 27.436 Thread 0x00000237dcff7800 DEOPT UNPACKING pc=0x00000237c060a95e sp=0x00000039628f8318 mode 0
Event: 27.552 Thread 0x00000237dcff7800 DEOPT PACKING pc=0x00000237c2968e8e sp=0x00000039628f9650
Event: 27.552 Thread 0x00000237dcff7800 DEOPT UNPACKING pc=0x00000237c060a95e sp=0x00000039628f8bb8 mode 0
Event: 27.673 Thread 0x00000237dcff7800 Uncommon trap: trap_request=0xffffff4d fr.pc=0x00000237c87a2230 relative=0x0000000000000350
Event: 27.673 Thread 0x00000237dcff7800 Uncommon trap: reason=unstable_if action=reinterpret pc=0x00000237c87a2230 method=com.android.tools.r8.internal.Bj.a(Lcom/android/tools/r8/internal/Bj;Ljava/lang/Object;)Z @ 40 c2
Event: 27.673 Thread 0x00000237dcff7800 DEOPT PACKING pc=0x00000237c87a2230 sp=0x00000039628f8eb0
Event: 27.673 Thread 0x00000237dcff7800 DEOPT UNPACKING pc=0x00000237c060a1af sp=0x00000039628f8e68 mode 2
Event: 27.841 Thread 0x00000237dcff7800 Uncommon trap: trap_request=0xffffff4d fr.pc=0x00000237c886065c relative=0x00000000000053fc
Event: 27.841 Thread 0x00000237dcff7800 Uncommon trap: reason=unstable_if action=reinterpret pc=0x00000237c886065c method=com.android.tools.r8.internal.B8.a(Lcom/android/tools/r8/internal/Pn;IZ)V @ 3 c2
Event: 27.841 Thread 0x00000237dcff7800 DEOPT PACKING pc=0x00000237c886065c sp=0x00000039628f9260
Event: 27.841 Thread 0x00000237dcff7800 DEOPT UNPACKING pc=0x00000237c060a1af sp=0x00000039628f9278 mode 2
Event: 28.189 Thread 0x00000237d8971000 Uncommon trap: trap_request=0xffffff4d fr.pc=0x00000237c8829688 relative=0x0000000000004148
Event: 28.189 Thread 0x00000237d8971000 Uncommon trap: reason=unstable_if action=reinterpret pc=0x00000237c8829688 method=com.android.tools.r8.internal.w20.v()Lcom/android/tools/r8/internal/w20; @ 6 c2
Event: 28.190 Thread 0x00000237d8971000 DEOPT PACKING pc=0x00000237c8829688 sp=0x0000003964bf5bc0
Event: 28.190 Thread 0x00000237d8971000 DEOPT UNPACKING pc=0x00000237c060a1af sp=0x0000003964bf5c00 mode 2
Event: 28.789 Thread 0x00000237d896b800 DEOPT PACKING pc=0x00000237c2b0dbbd sp=0x00000039640f9440
Event: 28.789 Thread 0x00000237d896b800 DEOPT UNPACKING pc=0x00000237c060a95e sp=0x00000039640f88e0 mode 0
Event: 30.118 Thread 0x00000237d896b800 DEOPT PACKING pc=0x00000237c2ada863 sp=0x00000039640f95b0
Event: 30.118 Thread 0x00000237d896b800 DEOPT UNPACKING pc=0x00000237c060a95e sp=0x00000039640f8bf0 mode 0

Classes redefined (0 events):
No events

Internal exceptions (20 events):
Event: 21.594 Thread 0x00000237dcff7800 Exception <a 'java/lang/NoSuchMethodError'{0x000000008a6c45b8}: 'java.lang.Object java.lang.invoke.DirectMethodHandle$Holder.invokeStatic(java.lang.Object, long)'> (0x000000008a6c45b8) thrown at [./src/hotspot/share/interpreter/linkResolver.cpp, line 773]
Event: 22.231 Thread 0x00000237dcff7800 Exception <a 'java/lang/NoSuchMethodError'{0x000000008cd8f5c8}: 'void java.lang.invoke.DirectMethodHandle$Holder.invokeStatic(java.lang.Object, java.lang.Object, java.lang.Object, int)'> (0x000000008cd8f5c8) thrown at [./src/hotspot/share/interpreter/linkResolver.cpp, line 773]
Event: 22.232 Thread 0x00000237d896b800 Exception <a 'java/lang/NoSuchMethodError'{0x000000008d0ce6d0}: 'void java.lang.invoke.DirectMethodHandle$Holder.invokeStatic(java.lang.Object, java.lang.Object, java.lang.Object, int)'> (0x000000008d0ce6d0) thrown at [./src/hotspot/share/interpreter/linkResolver.cpp, line 773]
Event: 22.235 Thread 0x00000237d896b800 Exception <a 'java/lang/IncompatibleClassChangeError'{0x000000008d0d8470}: Found class java.lang.Object, but interface was expected> (0x000000008d0d8470) thrown at [./src/hotspot/share/interpreter/linkResolver.cpp, line 839]
Event: 22.235 Thread 0x00000237dcff7800 Exception <a 'java/lang/IncompatibleClassChangeError'{0x000000008cd95170}: Found class java.lang.Object, but interface was expected> (0x000000008cd95170) thrown at [./src/hotspot/share/interpreter/linkResolver.cpp, line 839]
Event: 22.542 Thread 0x00000237dd708000 Exception <a 'java/lang/NoSuchMethodError'{0x000000008cad6da0}: 'void java.lang.invoke.DirectMethodHandle$Holder.invokeStatic(java.lang.Object, long)'> (0x000000008cad6da0) thrown at [./src/hotspot/share/interpreter/linkResolver.cpp, line 773]
Event: 22.544 Thread 0x00000237dd708000 Exception <a 'java/lang/NoSuchMethodError'{0x000000008cae1cf8}: 'java.lang.Object java.lang.invoke.DirectMethodHandle$Holder.invokeStaticInit(java.lang.Object, java.lang.Object, long, java.lang.Object)'> (0x000000008cae1cf8) thrown at [./src/hotspot/share/interpreter/linkResolver.cpp, line 773]
Event: 22.544 Thread 0x00000237dd708000 Exception <a 'java/lang/NoSuchMethodError'{0x000000008cae7f38}: 'java.lang.Object java.lang.invoke.DirectMethodHandle$Holder.invokeStatic(java.lang.Object, java.lang.Object, long)'> (0x000000008cae7f38) thrown at [./src/hotspot/share/interpreter/linkResolver.cpp, line 773]
Event: 22.545 Thread 0x00000237dd708000 Exception <a 'java/lang/NoSuchMethodError'{0x000000008caee4b0}: 'java.lang.Object java.lang.invoke.Invokers$Holder.linkToTargetMethod(java.lang.Object, long, java.lang.Object)'> (0x000000008caee4b0) thrown at [./src/hotspot/share/interpreter/linkResolver.cpp, line 773]
Event: 22.779 Thread 0x00000237d896b800 Exception <a 'java/lang/NoSuchMethodError'{0x000000008d217980}: 'java.lang.Object java.lang.invoke.DirectMethodHandle$Holder.invokeStatic(java.lang.Object, int, java.lang.Object, java.lang.Object)'> (0x000000008d217980) thrown at [./src/hotspot/share/interpreter/linkResolver.cpp, line 773]
Event: 22.780 Thread 0x00000237dcff7800 Exception <a 'java/lang/NoSuchMethodError'{0x000000008db36348}: 'java.lang.Object java.lang.invoke.DirectMethodHandle$Holder.invokeStatic(java.lang.Object, int, java.lang.Object, java.lang.Object)'> (0x000000008db36348) thrown at [./src/hotspot/share/interpreter/linkResolver.cpp, line 773]
Event: 23.006 Thread 0x00000237dd708000 Exception <a 'java/lang/NoSuchMethodError'{0x000000008aadff70}: 'int java.lang.invoke.DirectMethodHandle$Holder.invokeSpecialIFC(java.lang.Object, java.lang.Object, java.lang.Object)'> (0x000000008aadff70) thrown at [./src/hotspot/share/interpreter/linkResolver.cpp, line 773]
Event: 23.303 Thread 0x00000237d896b800 Exception <a 'java/lang/IncompatibleClassChangeError'{0x000000008b495028}: Found class java.lang.Object, but interface was expected> (0x000000008b495028) thrown at [./src/hotspot/share/interpreter/linkResolver.cpp, line 839]
Event: 23.303 Thread 0x00000237dcff7800 Exception <a 'java/lang/IncompatibleClassChangeError'{0x000000008b3c2fe0}: Found class java.lang.Object, but interface was expected> (0x000000008b3c2fe0) thrown at [./src/hotspot/share/interpreter/linkResolver.cpp, line 839]
Event: 23.303 Thread 0x00000237d896b800 Exception <a 'java/lang/IncompatibleClassChangeError'{0x000000008b49deb8}: Found class java.lang.Object, but interface was expected> (0x000000008b49deb8) thrown at [./src/hotspot/share/interpreter/linkResolver.cpp, line 839]
Event: 23.303 Thread 0x00000237dcff7800 Exception <a 'java/lang/IncompatibleClassChangeError'{0x000000008b3c6750}: Found class java.lang.Object, but interface was expected> (0x000000008b3c6750) thrown at [./src/hotspot/share/interpreter/linkResolver.cpp, line 839]
Event: 23.390 Thread 0x00000237d896b800 Exception <a 'java/lang/NoSuchMethodError'{0x000000008aa0a048}: 'void java.lang.invoke.DirectMethodHandle$Holder.invokeSpecial(java.lang.Object, java.lang.Object, int, java.lang.Object)'> (0x000000008aa0a048) thrown at [./src/hotspot/share/interpreter/linkResolver.cpp, line 773]
Event: 23.393 Thread 0x00000237d8971000 Exception <a 'java/lang/NoSuchMethodError'{0x000000008ab7f130}: 'void java.lang.invoke.DirectMethodHandle$Holder.invokeSpecial(java.lang.Object, java.lang.Object, int, java.lang.Object)'> (0x000000008ab7f130) thrown at [./src/hotspot/share/interpreter/linkResolver.cpp, line 773]
Event: 23.711 Thread 0x00000237d896b800 Exception <a 'java/lang/NoSuchMethodError'{0x00000000905c5670}: 'java.lang.Object java.lang.invoke.DirectMethodHandle$Holder.invokeInterface(java.lang.Object, java.lang.Object, int)'> (0x00000000905c5670) thrown at [./src/hotspot/share/interpreter/linkResolver.cpp, line 773]
Event: 25.052 Thread 0x00000237d896b800 Exception <a 'java/lang/NoSuchMethodError'{0x000000008c880e88}: 'int java.lang.invoke.DirectMethodHandle$Holder.invokeInterface(java.lang.Object, java.lang.Object, int)'> (0x000000008c880e88) thrown at [./src/hotspot/share/interpreter/linkResolver.cpp, line 773]

Events (20 events):
Event: 29.823 loading class com/android/tools/r8/internal/pv
Event: 29.823 loading class com/android/tools/r8/internal/pv done
Event: 29.824 loading class com/android/tools/r8/internal/RJ
Event: 29.824 loading class com/android/tools/r8/internal/RJ done
Event: 29.824 loading class com/android/tools/r8/internal/RJ
Event: 29.824 loading class com/android/tools/r8/internal/RJ done
Event: 29.825 loading class com/android/tools/r8/internal/RJ
Event: 29.825 loading class com/android/tools/r8/internal/RJ done
Event: 29.825 loading class com/android/tools/r8/internal/RJ
Event: 29.825 loading class com/android/tools/r8/internal/RJ done
Event: 29.829 loading class com/android/tools/r8/internal/Tn
Event: 29.829 loading class com/android/tools/r8/internal/Tn done
Event: 29.829 loading class com/android/tools/r8/internal/RJ
Event: 29.829 loading class com/android/tools/r8/internal/RJ done
Event: 29.830 loading class com/android/tools/r8/internal/mo
Event: 29.830 loading class com/android/tools/r8/internal/mo done
Event: 30.250 loading class com/android/tools/r8/internal/qG
Event: 30.250 loading class com/android/tools/r8/internal/qG done
Event: 30.250 loading class com/android/tools/r8/internal/qG
Event: 30.250 loading class com/android/tools/r8/internal/qG done


Dynamic libraries:
0x00007ff760b60000 - 0x00007ff760b6a000 	D:\Program Files\Android Studio\jre\bin\java.exe
0x00007ffea2990000 - 0x00007ffea2b88000 	C:\Windows\SYSTEM32\ntdll.dll
0x00007ffea18d0000 - 0x00007ffea198d000 	C:\Windows\System32\KERNEL32.DLL
0x00007ffea0290000 - 0x00007ffea055e000 	C:\Windows\System32\KERNELBASE.dll
0x00007ffea07e0000 - 0x00007ffea08e0000 	C:\Windows\System32\ucrtbase.dll
0x00007ffe6b370000 - 0x00007ffe6b389000 	D:\Program Files\Android Studio\jre\bin\jli.dll
0x00007ffe76180000 - 0x00007ffe76197000 	D:\Program Files\Android Studio\jre\bin\VCRUNTIME140.dll
0x00007ffea1a40000 - 0x00007ffea1be0000 	C:\Windows\System32\USER32.dll
0x00007ffea0970000 - 0x00007ffea0992000 	C:\Windows\System32\win32u.dll
0x00007ffe8ab90000 - 0x00007ffe8ae2a000 	C:\Windows\WinSxS\amd64_microsoft.windows.common-controls_6595b64144ccf1df_6.0.19041.1110_none_60b5254171f9507e\COMCTL32.dll
0x00007ffea1640000 - 0x00007ffea166a000 	C:\Windows\System32\GDI32.dll
0x00007ffea25e0000 - 0x00007ffea267e000 	C:\Windows\System32\msvcrt.dll
0x00007ffea00e0000 - 0x00007ffea01eb000 	C:\Windows\System32\gdi32full.dll
0x00007ffea01f0000 - 0x00007ffea028d000 	C:\Windows\System32\msvcp_win.dll
0x00007ffea2920000 - 0x00007ffea2950000 	C:\Windows\System32\IMM32.DLL
0x00007ffe4d290000 - 0x00007ffe4d32d000 	D:\Program Files\Android Studio\jre\bin\msvcp140.dll
0x00007ffe0cf50000 - 0x00007ffe0da52000 	D:\Program Files\Android Studio\jre\bin\server\jvm.dll
0x00007ffea1c50000 - 0x00007ffea1cfe000 	C:\Windows\System32\ADVAPI32.dll
0x00007ffea2820000 - 0x00007ffea28bc000 	C:\Windows\System32\sechost.dll
0x00007ffea1670000 - 0x00007ffea1795000 	C:\Windows\System32\RPCRT4.dll
0x00007ffea2810000 - 0x00007ffea2818000 	C:\Windows\System32\PSAPI.DLL
0x00007ffe832a0000 - 0x00007ffe832a9000 	C:\Windows\SYSTEM32\WSOCK32.dll
0x00007ffe94ff0000 - 0x00007ffe95017000 	C:\Windows\SYSTEM32\WINMM.dll
0x00007ffea1be0000 - 0x00007ffea1c4b000 	C:\Windows\System32\WS2_32.dll
0x00007ffe96fb0000 - 0x00007ffe96fba000 	C:\Windows\SYSTEM32\VERSION.dll
0x00007ffe9e960000 - 0x00007ffe9e972000 	C:\Windows\SYSTEM32\kernel.appcore.dll
0x00007ffe9b4d0000 - 0x00007ffe9b4e1000 	D:\Program Files\Android Studio\jre\bin\verify.dll
0x00007ffe97950000 - 0x00007ffe97b34000 	C:\Windows\SYSTEM32\DBGHELP.DLL
0x00007ffe97150000 - 0x00007ffe9717c000 	C:\Windows\SYSTEM32\dbgcore.DLL
0x00007ffea08e0000 - 0x00007ffea0962000 	C:\Windows\System32\bcryptPrimitives.dll
0x00007ffe8c430000 - 0x00007ffe8c459000 	D:\Program Files\Android Studio\jre\bin\java.dll
0x00007ffe9b490000 - 0x00007ffe9b49b000 	D:\Program Files\Android Studio\jre\bin\jimage.dll
0x00007ffe9a1e0000 - 0x00007ffe9a1f8000 	D:\Program Files\Android Studio\jre\bin\zip.dll
0x00007ffea0a50000 - 0x00007ffea1193000 	C:\Windows\System32\SHELL32.dll
0x00007ffe9df20000 - 0x00007ffe9e6b5000 	C:\Windows\SYSTEM32\windows.storage.dll
0x00007ffea11c0000 - 0x00007ffea1514000 	C:\Windows\System32\combase.dll
0x00007ffe9fa40000 - 0x00007ffe9fa70000 	C:\Windows\SYSTEM32\Wldp.dll
0x00007ffea1990000 - 0x00007ffea1a3d000 	C:\Windows\System32\SHCORE.dll
0x00007ffea28c0000 - 0x00007ffea2915000 	C:\Windows\System32\shlwapi.dll
0x00007ffe9fff0000 - 0x00007ffea000f000 	C:\Windows\SYSTEM32\profapi.dll
0x00007ffe9a190000 - 0x00007ffe9a1aa000 	D:\Program Files\Android Studio\jre\bin\net.dll
0x00007ffe8daf0000 - 0x00007ffe8dbfa000 	C:\Windows\SYSTEM32\WINHTTP.dll
0x00007ffe9f7a0000 - 0x00007ffe9f80a000 	C:\Windows\system32\mswsock.dll
0x00007ffe9a160000 - 0x00007ffe9a174000 	D:\Program Files\Android Studio\jre\bin\nio.dll
0x00007ffe8b2c0000 - 0x00007ffe8b2e7000 	C:\Users\evriv\.gradle\native\e1d6ef7f7dcc3fd88c89a11ec53ec762bb8ba0a96d01ffa2cd45eb1d1d8dd5c5\windows-amd64\native-platform.dll
0x00007ffe4bff0000 - 0x00007ffe4c134000 	C:\Users\evriv\.gradle\native\0d407fdbe67a94daf76414ababcb853783967236a71b16ec16e742cd7a986fd3\windows-amd64\native-platform-file-events.dll
0x00007ffe9a120000 - 0x00007ffe9a12a000 	D:\Program Files\Android Studio\jre\bin\management.dll
0x00007ffe99420000 - 0x00007ffe9942d000 	D:\Program Files\Android Studio\jre\bin\management_ext.dll
0x00007ffe9f990000 - 0x00007ffe9f9a8000 	C:\Windows\SYSTEM32\CRYPTSP.dll
0x00007ffe9f120000 - 0x00007ffe9f154000 	C:\Windows\system32\rsaenh.dll
0x00007ffea00b0000 - 0x00007ffea00d7000 	C:\Windows\System32\bcrypt.dll
0x00007ffe9ffb0000 - 0x00007ffe9ffde000 	C:\Windows\SYSTEM32\USERENV.dll
0x00007ffe9f9b0000 - 0x00007ffe9f9bc000 	C:\Windows\SYSTEM32\CRYPTBASE.dll
0x00007ffe9f490000 - 0x00007ffe9f4cb000 	C:\Windows\SYSTEM32\IPHLPAPI.DLL
0x00007ffea2730000 - 0x00007ffea2738000 	C:\Windows\System32\NSI.dll
0x00007ffe96f00000 - 0x00007ffe96f17000 	C:\Windows\SYSTEM32\dhcpcsvc6.DLL
0x00007ffe97c50000 - 0x00007ffe97c6d000 	C:\Windows\SYSTEM32\dhcpcsvc.DLL
0x00007ffe9f4d0000 - 0x00007ffe9f59a000 	C:\Windows\SYSTEM32\DNSAPI.dll

dbghelp: loaded successfully - version: 4.0.5 - missing functions: none
symbol engine: initialized successfully - sym options: 0x614 - pdb path: .;D:\Program Files\Android Studio\jre\bin;C:\Windows\SYSTEM32;C:\Windows\WinSxS\amd64_microsoft.windows.common-controls_6595b64144ccf1df_6.0.19041.1110_none_60b5254171f9507e;D:\Program Files\Android Studio\jre\bin\server;C:\Users\evriv\.gradle\native\e1d6ef7f7dcc3fd88c89a11ec53ec762bb8ba0a96d01ffa2cd45eb1d1d8dd5c5\windows-amd64;C:\Users\evriv\.gradle\native\0d407fdbe67a94daf76414ababcb853783967236a71b16ec16e742cd7a986fd3\windows-amd64

VM Arguments:
jvm_args: --add-opens=java.base/java.util=ALL-UNNAMED --add-opens=java.base/java.lang=ALL-UNNAMED --add-opens=java.base/java.lang.invoke=ALL-UNNAMED --add-opens=java.base/java.util=ALL-UNNAMED --add-opens=java.prefs/java.util.prefs=ALL-UNNAMED --add-opens=java.prefs/java.util.prefs=ALL-UNNAMED --add-opens=java.base/java.nio.charset=ALL-UNNAMED --add-opens=java.base/java.net=ALL-UNNAMED --add-opens=java.base/java.util.concurrent.atomic=ALL-UNNAMED -Xmx2048m -Dfile.encoding=UTF-8 -Duser.country=US -Duser.language=en -Duser.variant 
java_command: org.gradle.launcher.daemon.bootstrap.GradleDaemon 7.4
java_class_path (initial): C:\Users\evriv\.gradle\wrapper\dists\gradle-7.4-bin\c0gwcg53nkjbqw7r0h0umtfvt\gradle-7.4\lib\gradle-launcher-7.4.jar
Launcher Type: SUN_STANDARD

[Global flags]
     intx CICompilerCount                          = 3                                         {product} {ergonomic}
     uint ConcGCThreads                            = 1                                         {product} {ergonomic}
     uint G1ConcRefinementThreads                  = 4                                         {product} {ergonomic}
   size_t G1HeapRegionSize                         = 1048576                                   {product} {ergonomic}
    uintx GCDrainStackTargetSize                   = 64                                        {product} {ergonomic}
   size_t InitialHeapSize                          = 132120576                                 {product} {ergonomic}
   size_t MarkStackSize                            = 4194304                                   {product} {ergonomic}
   size_t MaxHeapSize                              = 2147483648                                {product} {command line}
   size_t MaxNewSize                               = 1287651328                                {product} {ergonomic}
   size_t MinHeapDeltaBytes                        = 1048576                                   {product} {ergonomic}
    uintx NonNMethodCodeHeapSize                   = 5830732                                {pd product} {ergonomic}
    uintx NonProfiledCodeHeapSize                  = 122913754                              {pd product} {ergonomic}
    uintx ProfiledCodeHeapSize                     = 122913754                              {pd product} {ergonomic}
    uintx ReservedCodeCacheSize                    = 251658240                              {pd product} {ergonomic}
     bool SegmentedCodeCache                       = true                                      {product} {ergonomic}
     bool UseCompressedClassPointers               = true                                 {lp64_product} {ergonomic}
     bool UseCompressedOops                        = true                                 {lp64_product} {ergonomic}
     bool UseG1GC                                  = true                                      {product} {ergonomic}
     bool UseLargePagesIndividualAllocation        = false                                  {pd product} {ergonomic}

Logging:
Log output configuration:
 #0: stdout all=warning uptime,level,tags
 #1: stderr all=off uptime,level,tags

Environment Variables:
PATH=C:\Windows\System32\HWAudioDriverLibs;C:\Program Files\Common Files\Oracle\Java\javapath;C:\Windows\system32;C:\Windows;C:\Windows\System32\Wbem;C:\Windows\System32\WindowsPowerShell\v1.0\;C:\Windows\System32\OpenSSH\;C:\Program Files\dotnet\;C:\Program Files\Microsoft SQL Server\130\Tools\Binn\;C:\Program Files\nodejs\;C:\Windows\system32\config\systemprofile\AppData\Local\Microsoft\WindowsApps;C:\Program Files\MEGA11;C:\Users\evriv\AppData\Local\Programs\Python\Python39\Scripts\;C:\Users\evriv\AppData\Local\Programs\Python\Python39\;C:\Users\evriv\AppData\Local\Microsoft\WindowsApps;C:\Users\evriv\AppData\Local\Programs\Microsoft VS Code\bin;C:\Users\evriv\AppData\Roaming\npm;C:\Users\evriv\AppData\Local\Programs\mongosh\;C:\Users\evriv\AppData\Local\GitHubDesktop\bin;C:\Users\evriv\.dotnet\tools
USERNAME=evriv
OS=Windows_NT
PROCESSOR_IDENTIFIER=Intel64 Family 6 Model 142 Stepping 12, GenuineIntel



---------------  S Y S T E M  ---------------

OS: Windows 10 , 64 bit Build 19041 (10.0.19041.1889)
OS uptime: 1 days 6:45 hours

CPU:total 4 (initial active 4) (2 cores per cpu, 2 threads per core) family 6 model 142 stepping 12 microcode 0xde, cmov, cx8, fxsr, mmx, sse, sse2, sse3, ssse3, sse4.1, sse4.2, popcnt, avx, avx2, aes, clmul, erms, 3dnowpref, lzcnt, ht, tsc, tscinvbit, bmi1, bmi2, adx, fma

Memory: 4k page, system-wide physical 8025M (615M free)
TotalPageFile size 10073M (AvailPageFile size 7M)
current process WorkingSet (physical memory assigned to process): 603M, peak: 607M
current process commit charge ("private bytes"): 651M, peak: 654M

vm_info: OpenJDK 64-Bit Server VM (11.0.13+0-b1751.21-8125866) for windows-amd64 JRE (11.0.13+0-b1751.21-8125866), built on Feb  2 2022 03:00:22 by "builder" with MS VC++ 14.0 (VS2015)

END.
